{"D:\\WORKSPACE\\SANDBOX\\apps\\anne-tom-react-site\\src\\App.jsx": {"path":"D:\\WORKSPACE\\SANDBOX\\apps\\anne-tom-react-site\\src\\App.jsx","statementMap":{"0":{"start":{"line":13,"column":20},"end":{"line":13,"column":61}},"1":{"start":{"line":13,"column":31},"end":{"line":13,"column":60}},"2":{"start":{"line":14,"column":21},"end":{"line":14,"column":63}},"3":{"start":{"line":14,"column":32},"end":{"line":14,"column":62}},"4":{"start":{"line":15,"column":21},"end":{"line":15,"column":63}},"5":{"start":{"line":15,"column":32},"end":{"line":15,"column":62}},"6":{"start":{"line":16,"column":30},"end":{"line":16,"column":85}},"7":{"start":{"line":16,"column":41},"end":{"line":16,"column":84}},"8":{"start":{"line":17,"column":18},"end":{"line":17,"column":57}},"9":{"start":{"line":17,"column":29},"end":{"line":17,"column":56}},"10":{"start":{"line":18,"column":20},"end":{"line":18,"column":61}},"11":{"start":{"line":18,"column":31},"end":{"line":18,"column":60}},"12":{"start":{"line":19,"column":21},"end":{"line":19,"column":63}},"13":{"start":{"line":19,"column":32},"end":{"line":19,"column":62}},"14":{"start":{"line":20,"column":23},"end":{"line":20,"column":67}},"15":{"start":{"line":20,"column":34},"end":{"line":20,"column":66}},"16":{"start":{"line":21,"column":19},"end":{"line":21,"column":59}},"17":{"start":{"line":21,"column":30},"end":{"line":21,"column":58}},"18":{"start":{"line":22,"column":16},"end":{"line":22,"column":53}},"19":{"start":{"line":22,"column":27},"end":{"line":22,"column":52}},"20":{"start":{"line":23,"column":22},"end":{"line":23,"column":65}},"21":{"start":{"line":23,"column":33},"end":{"line":23,"column":64}},"22":{"start":{"line":24,"column":20},"end":{"line":24,"column":61}},"23":{"start":{"line":24,"column":31},"end":{"line":24,"column":60}},"24":{"start":{"line":25,"column":20},"end":{"line":25,"column":61}},"25":{"start":{"line":25,"column":31},"end":{"line":25,"column":60}},"26":{"start":{"line":26,"column":20},"end":{"line":26,"column":61}},"27":{"start":{"line":26,"column":31},"end":{"line":26,"column":60}},"28":{"start":{"line":27,"column":30},"end":{"line":27,"column":81}},"29":{"start":{"line":27,"column":41},"end":{"line":27,"column":80}},"30":{"start":{"line":29,"column":19},"end":{"line":78,"column":1}},"31":{"start":{"line":30,"column":19},"end":{"line":30,"column":32}},"32":{"start":{"line":32,"column":2},"end":{"line":48,"column":17}},"33":{"start":{"line":34,"column":4},"end":{"line":40,"column":7}},"34":{"start":{"line":35,"column":6},"end":{"line":39,"column":9}},"35":{"start":{"line":43,"column":4},"end":{"line":47,"column":7}},"36":{"start":{"line":50,"column":2},"end":{"line":77,"column":4}},"37":{"start":{"line":80,"column":12},"end":{"line":90,"column":1}},"38":{"start":{"line":81,"column":2},"end":{"line":89,"column":19}}},"fnMap":{"0":{"name":"(anonymous_0)","decl":{"start":{"line":13,"column":25},"end":{"line":13,"column":26}},"loc":{"start":{"line":13,"column":31},"end":{"line":13,"column":60}},"line":13},"1":{"name":"(anonymous_1)","decl":{"start":{"line":14,"column":26},"end":{"line":14,"column":27}},"loc":{"start":{"line":14,"column":32},"end":{"line":14,"column":62}},"line":14},"2":{"name":"(anonymous_2)","decl":{"start":{"line":15,"column":26},"end":{"line":15,"column":27}},"loc":{"start":{"line":15,"column":32},"end":{"line":15,"column":62}},"line":15},"3":{"name":"(anonymous_3)","decl":{"start":{"line":16,"column":35},"end":{"line":16,"column":36}},"loc":{"start":{"line":16,"column":41},"end":{"line":16,"column":84}},"line":16},"4":{"name":"(anonymous_4)","decl":{"start":{"line":17,"column":23},"end":{"line":17,"column":24}},"loc":{"start":{"line":17,"column":29},"end":{"line":17,"column":56}},"line":17},"5":{"name":"(anonymous_5)","decl":{"start":{"line":18,"column":25},"end":{"line":18,"column":26}},"loc":{"start":{"line":18,"column":31},"end":{"line":18,"column":60}},"line":18},"6":{"name":"(anonymous_6)","decl":{"start":{"line":19,"column":26},"end":{"line":19,"column":27}},"loc":{"start":{"line":19,"column":32},"end":{"line":19,"column":62}},"line":19},"7":{"name":"(anonymous_7)","decl":{"start":{"line":20,"column":28},"end":{"line":20,"column":29}},"loc":{"start":{"line":20,"column":34},"end":{"line":20,"column":66}},"line":20},"8":{"name":"(anonymous_8)","decl":{"start":{"line":21,"column":24},"end":{"line":21,"column":25}},"loc":{"start":{"line":21,"column":30},"end":{"line":21,"column":58}},"line":21},"9":{"name":"(anonymous_9)","decl":{"start":{"line":22,"column":21},"end":{"line":22,"column":22}},"loc":{"start":{"line":22,"column":27},"end":{"line":22,"column":52}},"line":22},"10":{"name":"(anonymous_10)","decl":{"start":{"line":23,"column":27},"end":{"line":23,"column":28}},"loc":{"start":{"line":23,"column":33},"end":{"line":23,"column":64}},"line":23},"11":{"name":"(anonymous_11)","decl":{"start":{"line":24,"column":25},"end":{"line":24,"column":26}},"loc":{"start":{"line":24,"column":31},"end":{"line":24,"column":60}},"line":24},"12":{"name":"(anonymous_12)","decl":{"start":{"line":25,"column":25},"end":{"line":25,"column":26}},"loc":{"start":{"line":25,"column":31},"end":{"line":25,"column":60}},"line":25},"13":{"name":"(anonymous_13)","decl":{"start":{"line":26,"column":25},"end":{"line":26,"column":26}},"loc":{"start":{"line":26,"column":31},"end":{"line":26,"column":60}},"line":26},"14":{"name":"(anonymous_14)","decl":{"start":{"line":27,"column":35},"end":{"line":27,"column":36}},"loc":{"start":{"line":27,"column":41},"end":{"line":27,"column":80}},"line":27},"15":{"name":"(anonymous_15)","decl":{"start":{"line":29,"column":19},"end":{"line":29,"column":20}},"loc":{"start":{"line":29,"column":25},"end":{"line":78,"column":1}},"line":29},"16":{"name":"(anonymous_16)","decl":{"start":{"line":32,"column":12},"end":{"line":32,"column":13}},"loc":{"start":{"line":32,"column":18},"end":{"line":48,"column":3}},"line":32},"17":{"name":"(anonymous_17)","decl":{"start":{"line":34,"column":20},"end":{"line":34,"column":21}},"loc":{"start":{"line":34,"column":32},"end":{"line":40,"column":5}},"line":34},"18":{"name":"(anonymous_18)","decl":{"start":{"line":80,"column":12},"end":{"line":80,"column":13}},"loc":{"start":{"line":81,"column":2},"end":{"line":89,"column":19}},"line":81}},"branchMap":{},"s":{"0":0,"1":0,"2":0,"3":0,"4":0,"5":0,"6":0,"7":0,"8":0,"9":0,"10":0,"11":0,"12":0,"13":0,"14":0,"15":0,"16":0,"17":0,"18":0,"19":0,"20":0,"21":0,"22":0,"23":0,"24":0,"25":0,"26":0,"27":0,"28":0,"29":0,"30":0,"31":0,"32":0,"33":0,"34":0,"35":0,"36":0,"37":0,"38":0},"f":{"0":0,"1":0,"2":0,"3":0,"4":0,"5":0,"6":0,"7":0,"8":0,"9":0,"10":0,"11":0,"12":0,"13":0,"14":0,"15":0,"16":0,"17":0,"18":0},"b":{}}
,"D:\\WORKSPACE\\SANDBOX\\apps\\anne-tom-react-site\\src\\index.js": {"path":"D:\\WORKSPACE\\SANDBOX\\apps\\anne-tom-react-site\\src\\index.js","statementMap":{"0":{"start":{"line":8,"column":25},"end":{"line":8,"column":129}},"1":{"start":{"line":9,"column":15},"end":{"line":9,"column":29}},"2":{"start":{"line":12,"column":2},"end":{"line":27,"column":12}},"3":{"start":{"line":13,"column":17},"end":{"line":20,"column":5}},"4":{"start":{"line":21,"column":4},"end":{"line":26,"column":23}},"5":{"start":{"line":30,"column":0},"end":{"line":38,"column":3}},"6":{"start":{"line":31,"column":2},"end":{"line":37,"column":5}},"7":{"start":{"line":40,"column":0},"end":{"line":46,"column":3}},"8":{"start":{"line":41,"column":17},"end":{"line":41,"column":30}},"9":{"start":{"line":42,"column":2},"end":{"line":45,"column":5}},"10":{"start":{"line":48,"column":13},"end":{"line":48,"column":65}},"11":{"start":{"line":49,"column":0},"end":{"line":57,"column":2}}},"fnMap":{"0":{"name":"trackErrorEvent","decl":{"start":{"line":11,"column":9},"end":{"line":11,"column":24}},"loc":{"start":{"line":11,"column":51},"end":{"line":28,"column":1}},"line":11},"1":{"name":"(anonymous_1)","decl":{"start":{"line":26,"column":13},"end":{"line":26,"column":14}},"loc":{"start":{"line":26,"column":19},"end":{"line":26,"column":21}},"line":26},"2":{"name":"(anonymous_2)","decl":{"start":{"line":30,"column":33},"end":{"line":30,"column":34}},"loc":{"start":{"line":30,"column":44},"end":{"line":38,"column":1}},"line":30},"3":{"name":"(anonymous_3)","decl":{"start":{"line":40,"column":46},"end":{"line":40,"column":47}},"loc":{"start":{"line":40,"column":57},"end":{"line":46,"column":1}},"line":40}},"branchMap":{"0":{"loc":{"start":{"line":8,"column":26},"end":{"line":8,"column":108}},"type":"binary-expr","locations":[{"start":{"line":8,"column":26},"end":{"line":8,"column":65}},{"start":{"line":8,"column":69},"end":{"line":8,"column":108}}],"line":8},"1":{"loc":{"start":{"line":11,"column":36},"end":{"line":11,"column":49}},"type":"default-arg","locations":[{"start":{"line":11,"column":47},"end":{"line":11,"column":49}}],"line":11},"2":{"loc":{"start":{"line":18,"column":16},"end":{"line":18,"column":39}},"type":"binary-expr","locations":[{"start":{"line":18,"column":16},"end":{"line":18,"column":33}},{"start":{"line":18,"column":37},"end":{"line":18,"column":39}}],"line":18},"3":{"loc":{"start":{"line":32,"column":20},"end":{"line":32,"column":77}},"type":"binary-expr","locations":[{"start":{"line":32,"column":20},"end":{"line":32,"column":34}},{"start":{"line":32,"column":38},"end":{"line":32,"column":59}},{"start":{"line":32,"column":63},"end":{"line":32,"column":77}}],"line":32},"4":{"loc":{"start":{"line":33,"column":18},"end":{"line":33,"column":43}},"type":"binary-expr","locations":[{"start":{"line":33,"column":18},"end":{"line":33,"column":37}},{"start":{"line":33,"column":41},"end":{"line":33,"column":43}}],"line":33},"5":{"loc":{"start":{"line":34,"column":12},"end":{"line":34,"column":33}},"type":"binary-expr","locations":[{"start":{"line":34,"column":12},"end":{"line":34,"column":27}},{"start":{"line":34,"column":31},"end":{"line":34,"column":33}}],"line":34},"6":{"loc":{"start":{"line":35,"column":10},"end":{"line":35,"column":31}},"type":"binary-expr","locations":[{"start":{"line":35,"column":10},"end":{"line":35,"column":23}},{"start":{"line":35,"column":27},"end":{"line":35,"column":31}}],"line":35},"7":{"loc":{"start":{"line":36,"column":12},"end":{"line":36,"column":32}},"type":"binary-expr","locations":[{"start":{"line":36,"column":12},"end":{"line":36,"column":24}},{"start":{"line":36,"column":28},"end":{"line":36,"column":32}}],"line":36},"8":{"loc":{"start":{"line":43,"column":20},"end":{"line":43,"column":70}},"type":"binary-expr","locations":[{"start":{"line":43,"column":20},"end":{"line":43,"column":35}},{"start":{"line":43,"column":39},"end":{"line":43,"column":45}},{"start":{"line":43,"column":49},"end":{"line":43,"column":70}}],"line":43},"9":{"loc":{"start":{"line":44,"column":18},"end":{"line":44,"column":37}},"type":"binary-expr","locations":[{"start":{"line":44,"column":18},"end":{"line":44,"column":31}},{"start":{"line":44,"column":35},"end":{"line":44,"column":37}}],"line":44}},"s":{"0":0,"1":0,"2":0,"3":0,"4":0,"5":0,"6":0,"7":0,"8":0,"9":0,"10":0,"11":0},"f":{"0":0,"1":0,"2":0,"3":0},"b":{"0":[0,0],"1":[0],"2":[0,0],"3":[0,0,0],"4":[0,0],"5":[0,0],"6":[0,0],"7":[0,0],"8":[0,0,0],"9":[0,0]}}
,"D:\\WORKSPACE\\SANDBOX\\apps\\anne-tom-react-site\\src\\api\\server.js": {"path":"D:\\WORKSPACE\\SANDBOX\\apps\\anne-tom-react-site\\src\\api\\server.js","statementMap":{"0":{"start":{"line":5,"column":2},"end":{"line":7,"column":15}},"1":{"start":{"line":8,"column":15},"end":{"line":8,"column":47}},"2":{"start":{"line":9,"column":20},"end":{"line":9,"column":58}},"3":{"start":{"line":10,"column":18},"end":{"line":10,"column":39}},"4":{"start":{"line":13,"column":2},"end":{"line":17,"column":4}},"5":{"start":{"line":19,"column":2},"end":{"line":21,"column":12}},"6":{"start":{"line":25,"column":2},"end":{"line":25,"column":68}},"7":{"start":{"line":26,"column":25},"end":{"line":26,"column":73}},"8":{"start":{"line":26,"column":35},"end":{"line":26,"column":73}},"9":{"start":{"line":27,"column":22},"end":{"line":27,"column":71}},"10":{"start":{"line":28,"column":27},"end":{"line":34,"column":1}},"11":{"start":{"line":29,"column":21},"end":{"line":29,"column":43}},"12":{"start":{"line":30,"column":2},"end":{"line":30,"column":29}},"13":{"start":{"line":30,"column":19},"end":{"line":30,"column":29}},"14":{"start":{"line":31,"column":2},"end":{"line":33,"column":35}},"15":{"start":{"line":36,"column":2},"end":{"line":38,"column":37}},"16":{"start":{"line":40,"column":19},"end":{"line":53,"column":2}},"17":{"start":{"line":40,"column":34},"end":{"line":53,"column":1}},"18":{"start":{"line":44,"column":20},"end":{"line":44,"column":33}},"19":{"start":{"line":46,"column":4},"end":{"line":48,"column":37}},"20":{"start":{"line":51,"column":6},"end":{"line":51,"column":66}},"21":{"start":{"line":55,"column":24},"end":{"line":64,"column":2}},"22":{"start":{"line":55,"column":36},"end":{"line":64,"column":1}},"23":{"start":{"line":59,"column":21},"end":{"line":59,"column":45}},"24":{"start":{"line":60,"column":20},"end":{"line":60,"column":33}},"25":{"start":{"line":62,"column":15},"end":{"line":62,"column":19}},"26":{"start":{"line":66,"column":25},"end":{"line":75,"column":1}},"27":{"start":{"line":67,"column":2},"end":{"line":73,"column":3}},"28":{"start":{"line":68,"column":4},"end":{"line":72,"column":5}},"29":{"start":{"line":69,"column":6},"end":{"line":69,"column":33}},"30":{"start":{"line":71,"column":6},"end":{"line":71,"column":21}},"31":{"start":{"line":74,"column":2},"end":{"line":74,"column":17}},"32":{"start":{"line":78,"column":28},"end":{"line":100,"column":1}},"33":{"start":{"line":79,"column":2},"end":{"line":99,"column":3}},"34":{"start":{"line":80,"column":20},"end":{"line":80,"column":58}},"35":{"start":{"line":81,"column":4},"end":{"line":81,"column":68}},"36":{"start":{"line":81,"column":24},"end":{"line":81,"column":68}},"37":{"start":{"line":82,"column":16},"end":{"line":86,"column":6}},"38":{"start":{"line":87,"column":17},"end":{"line":87,"column":51}},"39":{"start":{"line":87,"column":46},"end":{"line":87,"column":50}},"40":{"start":{"line":88,"column":4},"end":{"line":95,"column":6}},"41":{"start":{"line":92,"column":24},"end":{"line":92,"column":28}},"42":{"start":{"line":93,"column":24},"end":{"line":93,"column":44}},"43":{"start":{"line":94,"column":32},"end":{"line":94,"column":53}},"44":{"start":{"line":97,"column":4},"end":{"line":97,"column":25}},"45":{"start":{"line":98,"column":4},"end":{"line":98,"column":34}},"46":{"start":{"line":102,"column":30},"end":{"line":119,"column":1}},"47":{"start":{"line":107,"column":28},"end":{"line":107,"column":32}},"48":{"start":{"line":121,"column":20},"end":{"line":131,"column":1}},"49":{"start":{"line":122,"column":2},"end":{"line":130,"column":3}},"50":{"start":{"line":123,"column":21},"end":{"line":125,"column":5}},"51":{"start":{"line":126,"column":4},"end":{"line":126,"column":32}},"52":{"start":{"line":128,"column":4},"end":{"line":128,"column":25}},"53":{"start":{"line":129,"column":4},"end":{"line":129,"column":34}},"54":{"start":{"line":133,"column":26},"end":{"line":145,"column":1}},"55":{"start":{"line":134,"column":2},"end":{"line":144,"column":3}},"56":{"start":{"line":135,"column":20},"end":{"line":135,"column":44}},"57":{"start":{"line":136,"column":21},"end":{"line":139,"column":5}},"58":{"start":{"line":140,"column":4},"end":{"line":140,"column":32}},"59":{"start":{"line":142,"column":4},"end":{"line":142,"column":25}},"60":{"start":{"line":143,"column":4},"end":{"line":143,"column":34}},"61":{"start":{"line":147,"column":29},"end":{"line":157,"column":1}},"62":{"start":{"line":148,"column":2},"end":{"line":156,"column":3}},"63":{"start":{"line":149,"column":21},"end":{"line":151,"column":5}},"64":{"start":{"line":152,"column":4},"end":{"line":152,"column":32}},"65":{"start":{"line":154,"column":4},"end":{"line":154,"column":25}},"66":{"start":{"line":155,"column":4},"end":{"line":155,"column":34}},"67":{"start":{"line":159,"column":22},"end":{"line":171,"column":1}},"68":{"start":{"line":160,"column":2},"end":{"line":170,"column":3}},"69":{"start":{"line":161,"column":20},"end":{"line":161,"column":44}},"70":{"start":{"line":162,"column":21},"end":{"line":165,"column":5}},"71":{"start":{"line":166,"column":4},"end":{"line":166,"column":32}},"72":{"start":{"line":168,"column":4},"end":{"line":168,"column":25}},"73":{"start":{"line":169,"column":4},"end":{"line":169,"column":34}},"74":{"start":{"line":173,"column":18},"end":{"line":181,"column":1}},"75":{"start":{"line":174,"column":2},"end":{"line":180,"column":3}},"76":{"start":{"line":175,"column":21},"end":{"line":175,"column":78}},"77":{"start":{"line":176,"column":4},"end":{"line":176,"column":32}},"78":{"start":{"line":178,"column":4},"end":{"line":178,"column":25}},"79":{"start":{"line":179,"column":4},"end":{"line":179,"column":34}},"80":{"start":{"line":183,"column":20},"end":{"line":191,"column":1}},"81":{"start":{"line":184,"column":2},"end":{"line":190,"column":3}},"82":{"start":{"line":185,"column":21},"end":{"line":185,"column":80}},"83":{"start":{"line":186,"column":4},"end":{"line":186,"column":32}},"84":{"start":{"line":188,"column":4},"end":{"line":188,"column":25}},"85":{"start":{"line":189,"column":4},"end":{"line":189,"column":34}},"86":{"start":{"line":193,"column":27},"end":{"line":203,"column":1}},"87":{"start":{"line":194,"column":2},"end":{"line":202,"column":3}},"88":{"start":{"line":195,"column":21},"end":{"line":197,"column":5}},"89":{"start":{"line":198,"column":4},"end":{"line":198,"column":32}},"90":{"start":{"line":200,"column":4},"end":{"line":200,"column":25}},"91":{"start":{"line":201,"column":4},"end":{"line":201,"column":34}},"92":{"start":{"line":205,"column":24},"end":{"line":216,"column":1}},"93":{"start":{"line":206,"column":2},"end":{"line":215,"column":3}},"94":{"start":{"line":207,"column":21},"end":{"line":210,"column":5}},"95":{"start":{"line":211,"column":4},"end":{"line":211,"column":32}},"96":{"start":{"line":213,"column":4},"end":{"line":213,"column":25}},"97":{"start":{"line":214,"column":4},"end":{"line":214,"column":34}},"98":{"start":{"line":220,"column":25},"end":{"line":223,"column":1}},"99":{"start":{"line":221,"column":18},"end":{"line":221,"column":42}},"100":{"start":{"line":222,"column":2},"end":{"line":222,"column":73}},"101":{"start":{"line":226,"column":26},"end":{"line":229,"column":1}},"102":{"start":{"line":227,"column":18},"end":{"line":227,"column":42}},"103":{"start":{"line":228,"column":2},"end":{"line":228,"column":74}},"104":{"start":{"line":232,"column":15},"end":{"line":243,"column":1}}},"fnMap":{"0":{"name":"(anonymous_0)","decl":{"start":{"line":26,"column":25},"end":{"line":26,"column":26}},"loc":{"start":{"line":26,"column":35},"end":{"line":26,"column":73}},"line":26},"1":{"name":"(anonymous_1)","decl":{"start":{"line":28,"column":27},"end":{"line":28,"column":28}},"loc":{"start":{"line":28,"column":37},"end":{"line":34,"column":1}},"line":28},"2":{"name":"(anonymous_2)","decl":{"start":{"line":40,"column":19},"end":{"line":40,"column":20}},"loc":{"start":{"line":40,"column":34},"end":{"line":53,"column":1}},"line":40},"3":{"name":"(anonymous_3)","decl":{"start":{"line":44,"column":8},"end":{"line":44,"column":9}},"loc":{"start":{"line":44,"column":20},"end":{"line":44,"column":33}},"line":44},"4":{"name":"(anonymous_4)","decl":{"start":{"line":45,"column":8},"end":{"line":45,"column":9}},"loc":{"start":{"line":46,"column":4},"end":{"line":48,"column":37}},"line":46},"5":{"name":"(anonymous_5)","decl":{"start":{"line":50,"column":9},"end":{"line":50,"column":10}},"loc":{"start":{"line":51,"column":6},"end":{"line":51,"column":66}},"line":51},"6":{"name":"(anonymous_6)","decl":{"start":{"line":55,"column":24},"end":{"line":55,"column":25}},"loc":{"start":{"line":55,"column":36},"end":{"line":64,"column":1}},"line":55},"7":{"name":"(anonymous_7)","decl":{"start":{"line":59,"column":8},"end":{"line":59,"column":9}},"loc":{"start":{"line":59,"column":21},"end":{"line":59,"column":45}},"line":59},"8":{"name":"(anonymous_8)","decl":{"start":{"line":60,"column":8},"end":{"line":60,"column":9}},"loc":{"start":{"line":60,"column":20},"end":{"line":60,"column":33}},"line":60},"9":{"name":"(anonymous_9)","decl":{"start":{"line":62,"column":9},"end":{"line":62,"column":10}},"loc":{"start":{"line":62,"column":15},"end":{"line":62,"column":19}},"line":62},"10":{"name":"(anonymous_10)","decl":{"start":{"line":66,"column":25},"end":{"line":66,"column":26}},"loc":{"start":{"line":66,"column":38},"end":{"line":75,"column":1}},"line":66},"11":{"name":"(anonymous_11)","decl":{"start":{"line":78,"column":28},"end":{"line":78,"column":29}},"loc":{"start":{"line":78,"column":69},"end":{"line":100,"column":1}},"line":78},"12":{"name":"(anonymous_12)","decl":{"start":{"line":87,"column":40},"end":{"line":87,"column":41}},"loc":{"start":{"line":87,"column":46},"end":{"line":87,"column":50}},"line":87},"13":{"name":"(anonymous_13)","decl":{"start":{"line":92,"column":12},"end":{"line":92,"column":13}},"loc":{"start":{"line":92,"column":24},"end":{"line":92,"column":28}},"line":92},"14":{"name":"(anonymous_14)","decl":{"start":{"line":93,"column":12},"end":{"line":93,"column":13}},"loc":{"start":{"line":93,"column":24},"end":{"line":93,"column":44}},"line":93},"15":{"name":"(anonymous_15)","decl":{"start":{"line":94,"column":22},"end":{"line":94,"column":23}},"loc":{"start":{"line":94,"column":32},"end":{"line":94,"column":53}},"line":94},"16":{"name":"(anonymous_16)","decl":{"start":{"line":107,"column":22},"end":{"line":107,"column":23}},"loc":{"start":{"line":107,"column":28},"end":{"line":107,"column":32}},"line":107},"17":{"name":"(anonymous_17)","decl":{"start":{"line":121,"column":20},"end":{"line":121,"column":21}},"loc":{"start":{"line":121,"column":34},"end":{"line":131,"column":1}},"line":121},"18":{"name":"(anonymous_18)","decl":{"start":{"line":133,"column":26},"end":{"line":133,"column":27}},"loc":{"start":{"line":133,"column":44},"end":{"line":145,"column":1}},"line":133},"19":{"name":"(anonymous_19)","decl":{"start":{"line":147,"column":29},"end":{"line":147,"column":30}},"loc":{"start":{"line":147,"column":46},"end":{"line":157,"column":1}},"line":147},"20":{"name":"(anonymous_20)","decl":{"start":{"line":159,"column":22},"end":{"line":159,"column":23}},"loc":{"start":{"line":159,"column":40},"end":{"line":171,"column":1}},"line":159},"21":{"name":"(anonymous_21)","decl":{"start":{"line":173,"column":18},"end":{"line":173,"column":19}},"loc":{"start":{"line":173,"column":30},"end":{"line":181,"column":1}},"line":173},"22":{"name":"(anonymous_22)","decl":{"start":{"line":183,"column":20},"end":{"line":183,"column":21}},"loc":{"start":{"line":183,"column":32},"end":{"line":191,"column":1}},"line":183},"23":{"name":"(anonymous_23)","decl":{"start":{"line":193,"column":27},"end":{"line":193,"column":28}},"loc":{"start":{"line":193,"column":39},"end":{"line":203,"column":1}},"line":193},"24":{"name":"(anonymous_24)","decl":{"start":{"line":205,"column":24},"end":{"line":205,"column":25}},"loc":{"start":{"line":205,"column":43},"end":{"line":216,"column":1}},"line":205},"25":{"name":"(anonymous_25)","decl":{"start":{"line":220,"column":25},"end":{"line":220,"column":26}},"loc":{"start":{"line":220,"column":64},"end":{"line":223,"column":1}},"line":220},"26":{"name":"(anonymous_26)","decl":{"start":{"line":226,"column":26},"end":{"line":226,"column":27}},"loc":{"start":{"line":226,"column":65},"end":{"line":229,"column":1}},"line":226}},"branchMap":{"0":{"loc":{"start":{"line":5,"column":2},"end":{"line":7,"column":15}},"type":"cond-expr","locations":[{"start":{"line":6,"column":6},"end":{"line":6,"column":57}},{"start":{"line":7,"column":6},"end":{"line":7,"column":15}}],"line":5},"1":{"loc":{"start":{"line":6,"column":6},"end":{"line":6,"column":57}},"type":"binary-expr","locations":[{"start":{"line":6,"column":6},"end":{"line":6,"column":32}},{"start":{"line":6,"column":36},"end":{"line":6,"column":57}}],"line":6},"2":{"loc":{"start":{"line":10,"column":18},"end":{"line":10,"column":39}},"type":"binary-expr","locations":[{"start":{"line":10,"column":18},"end":{"line":10,"column":24}},{"start":{"line":10,"column":28},"end":{"line":10,"column":39}}],"line":10},"3":{"loc":{"start":{"line":13,"column":2},"end":{"line":17,"column":4}},"type":"binary-expr","locations":[{"start":{"line":13,"column":2},"end":{"line":13,"column":40}},{"start":{"line":14,"column":2},"end":{"line":14,"column":37}},{"start":{"line":15,"column":2},"end":{"line":15,"column":31}},{"start":{"line":16,"column":2},"end":{"line":16,"column":31}},{"start":{"line":17,"column":2},"end":{"line":17,"column":4}}],"line":13},"4":{"loc":{"start":{"line":19,"column":2},"end":{"line":21,"column":12}},"type":"binary-expr","locations":[{"start":{"line":19,"column":2},"end":{"line":19,"column":40}},{"start":{"line":20,"column":2},"end":{"line":20,"column":28}},{"start":{"line":21,"column":2},"end":{"line":21,"column":12}}],"line":19},"5":{"loc":{"start":{"line":25,"column":2},"end":{"line":25,"column":68}},"type":"binary-expr","locations":[{"start":{"line":25,"column":2},"end":{"line":25,"column":39}},{"start":{"line":25,"column":43},"end":{"line":25,"column":68}}],"line":25},"6":{"loc":{"start":{"line":26,"column":42},"end":{"line":26,"column":52}},"type":"binary-expr","locations":[{"start":{"line":26,"column":42},"end":{"line":26,"column":46}},{"start":{"line":26,"column":50},"end":{"line":26,"column":52}}],"line":26},"7":{"loc":{"start":{"line":30,"column":2},"end":{"line":30,"column":29}},"type":"if","locations":[{"start":{"line":30,"column":2},"end":{"line":30,"column":29}},{"start":{},"end":{}}],"line":30},"8":{"loc":{"start":{"line":31,"column":9},"end":{"line":33,"column":34}},"type":"cond-expr","locations":[{"start":{"line":32,"column":6},"end":{"line":32,"column":30}},{"start":{"line":33,"column":6},"end":{"line":33,"column":34}}],"line":31},"9":{"loc":{"start":{"line":36,"column":2},"end":{"line":38,"column":37}},"type":"binary-expr","locations":[{"start":{"line":36,"column":2},"end":{"line":36,"column":41}},{"start":{"line":37,"column":2},"end":{"line":37,"column":31}},{"start":{"line":38,"column":2},"end":{"line":38,"column":37}}],"line":36},"10":{"loc":{"start":{"line":41,"column":6},"end":{"line":41,"column":53}},"type":"binary-expr","locations":[{"start":{"line":41,"column":6},"end":{"line":41,"column":28}},{"start":{"line":41,"column":32},"end":{"line":41,"column":53}}],"line":41},"11":{"loc":{"start":{"line":46,"column":4},"end":{"line":48,"column":37}},"type":"cond-expr","locations":[{"start":{"line":47,"column":8},"end":{"line":47,"column":21}},{"start":{"line":48,"column":8},"end":{"line":48,"column":37}}],"line":46},"12":{"loc":{"start":{"line":51,"column":6},"end":{"line":51,"column":66}},"type":"binary-expr","locations":[{"start":{"line":51,"column":6},"end":{"line":51,"column":58}},{"start":{"line":51,"column":62},"end":{"line":51,"column":66}}],"line":51},"13":{"loc":{"start":{"line":51,"column":32},"end":{"line":51,"column":42}},"type":"binary-expr","locations":[{"start":{"line":51,"column":32},"end":{"line":51,"column":36}},{"start":{"line":51,"column":40},"end":{"line":51,"column":42}}],"line":51},"14":{"loc":{"start":{"line":67,"column":2},"end":{"line":73,"column":3}},"type":"if","locations":[{"start":{"line":67,"column":2},"end":{"line":73,"column":3}},{"start":{},"end":{}}],"line":67},"15":{"loc":{"start":{"line":81,"column":4},"end":{"line":81,"column":68}},"type":"if","locations":[{"start":{"line":81,"column":4},"end":{"line":81,"column":68}},{"start":{},"end":{}}],"line":81},"16":{"loc":{"start":{"line":111,"column":12},"end":{"line":111,"column":55}},"type":"cond-expr","locations":[{"start":{"line":111,"column":24},"end":{"line":111,"column":50}},{"start":{"line":111,"column":53},"end":{"line":111,"column":55}}],"line":111},"17":{"loc":{"start":{"line":112,"column":12},"end":{"line":114,"column":14}},"type":"cond-expr","locations":[{"start":{"line":113,"column":12},"end":{"line":113,"column":63}},{"start":{"line":114,"column":12},"end":{"line":114,"column":14}}],"line":112},"18":{"loc":{"start":{"line":112,"column":12},"end":{"line":112,"column":60}},"type":"binary-expr","locations":[{"start":{"line":112,"column":12},"end":{"line":112,"column":19}},{"start":{"line":112,"column":23},"end":{"line":112,"column":35}},{"start":{"line":112,"column":39},"end":{"line":112,"column":60}}],"line":112},"19":{"loc":{"start":{"line":220,"column":32},"end":{"line":220,"column":43}},"type":"default-arg","locations":[{"start":{"line":220,"column":41},"end":{"line":220,"column":43}}],"line":220},"20":{"loc":{"start":{"line":226,"column":33},"end":{"line":226,"column":44}},"type":"default-arg","locations":[{"start":{"line":226,"column":42},"end":{"line":226,"column":44}}],"line":226}},"s":{"0":5,"1":5,"2":5,"3":5,"4":5,"5":5,"6":5,"7":5,"8":10,"9":5,"10":5,"11":5,"12":5,"13":0,"14":5,"15":5,"16":5,"17":0,"18":0,"19":0,"20":0,"21":5,"22":0,"23":0,"24":0,"25":0,"26":5,"27":0,"28":0,"29":0,"30":0,"31":0,"32":5,"33":0,"34":0,"35":0,"36":0,"37":0,"38":0,"39":0,"40":0,"41":0,"42":0,"43":0,"44":0,"45":0,"46":5,"47":0,"48":5,"49":0,"50":0,"51":0,"52":0,"53":0,"54":5,"55":0,"56":0,"57":0,"58":0,"59":0,"60":0,"61":5,"62":0,"63":0,"64":0,"65":0,"66":0,"67":5,"68":0,"69":0,"70":0,"71":0,"72":0,"73":0,"74":5,"75":10,"76":10,"77":0,"78":0,"79":0,"80":5,"81":0,"82":0,"83":0,"84":0,"85":0,"86":5,"87":0,"88":0,"89":0,"90":0,"91":0,"92":5,"93":0,"94":0,"95":0,"96":0,"97":0,"98":5,"99":0,"100":0,"101":5,"102":0,"103":0,"104":5},"f":{"0":10,"1":5,"2":0,"3":0,"4":0,"5":0,"6":0,"7":0,"8":0,"9":0,"10":0,"11":0,"12":0,"13":0,"14":0,"15":0,"16":0,"17":0,"18":0,"19":0,"20":0,"21":10,"22":0,"23":0,"24":0,"25":0,"26":0},"b":{"0":[5,0],"1":[5,5],"2":[5,5],"3":[5,5,5,5,5],"4":[5,5,5],"5":[5,5],"6":[10,0],"7":[0,5],"8":[0,5],"9":[5,5,0],"10":[0,0],"11":[0,0],"12":[0,0],"13":[0,0],"14":[0,0],"15":[0,0],"16":[0,5],"17":[0,5],"18":[5,5,5],"19":[0],"20":[0]},"_coverageSchema":"1a1c01bbd47fc00a2c39e90264f33305004495a9","hash":"7728e217018fcac4f129089460808928bb47c95c"}
,"D:\\WORKSPACE\\SANDBOX\\apps\\anne-tom-react-site\\src\\components\\checkout\\CarrinhoStep.jsx": {"path":"D:\\WORKSPACE\\SANDBOX\\apps\\anne-tom-react-site\\src\\components\\checkout\\CarrinhoStep.jsx","statementMap":{"0":{"start":{"line":5,"column":21},"end":{"line":100,"column":1}},"1":{"start":{"line":6,"column":24},"end":{"line":10,"column":3}},"2":{"start":{"line":11,"column":2},"end":{"line":20,"column":3}},"3":{"start":{"line":12,"column":4},"end":{"line":19,"column":6}},"4":{"start":{"line":22,"column":2},"end":{"line":99,"column":4}},"5":{"start":{"line":25,"column":27},"end":{"line":31,"column":14}},"6":{"start":{"line":28,"column":49},"end":{"line":28,"column":60}},"7":{"start":{"line":33,"column":8},"end":{"line":96,"column":10}},"8":{"start":{"line":46,"column":20},"end":{"line":53,"column":27}},"9":{"start":{"line":80,"column":18},"end":{"line":84,"column":19}},"10":{"start":{"line":89,"column":31},"end":{"line":89,"column":64}}},"fnMap":{"0":{"name":"(anonymous_0)","decl":{"start":{"line":5,"column":21},"end":{"line":5,"column":22}},"loc":{"start":{"line":5,"column":64},"end":{"line":100,"column":1}},"line":5},"1":{"name":"(anonymous_1)","decl":{"start":{"line":24,"column":17},"end":{"line":24,"column":18}},"loc":{"start":{"line":24,"column":27},"end":{"line":97,"column":7}},"line":24},"2":{"name":"(anonymous_2)","decl":{"start":{"line":28,"column":39},"end":{"line":28,"column":40}},"loc":{"start":{"line":28,"column":49},"end":{"line":28,"column":60}},"line":28},"3":{"name":"(anonymous_3)","decl":{"start":{"line":45,"column":34},"end":{"line":45,"column":35}},"loc":{"start":{"line":46,"column":20},"end":{"line":53,"column":27}},"line":46},"4":{"name":"(anonymous_4)","decl":{"start":{"line":79,"column":26},"end":{"line":79,"column":27}},"loc":{"start":{"line":80,"column":18},"end":{"line":84,"column":19}},"line":80},"5":{"name":"(anonymous_5)","decl":{"start":{"line":89,"column":25},"end":{"line":89,"column":26}},"loc":{"start":{"line":89,"column":31},"end":{"line":89,"column":64}},"line":89}},"branchMap":{"0":{"loc":{"start":{"line":11,"column":2},"end":{"line":20,"column":3}},"type":"if","locations":[{"start":{"line":11,"column":2},"end":{"line":20,"column":3}},{"start":{},"end":{}}],"line":11},"1":{"loc":{"start":{"line":25,"column":27},"end":{"line":31,"column":14}},"type":"cond-expr","locations":[{"start":{"line":26,"column":12},"end":{"line":26,"column":24}},{"start":{"line":27,"column":12},"end":{"line":31,"column":14}}],"line":25},"2":{"loc":{"start":{"line":27,"column":12},"end":{"line":31,"column":14}},"type":"cond-expr","locations":[{"start":{"line":28,"column":12},"end":{"line":28,"column":61}},{"start":{"line":29,"column":12},"end":{"line":31,"column":14}}],"line":27},"3":{"loc":{"start":{"line":29,"column":12},"end":{"line":31,"column":14}},"type":"cond-expr","locations":[{"start":{"line":30,"column":12},"end":{"line":30,"column":34}},{"start":{"line":31,"column":12},"end":{"line":31,"column":14}}],"line":29},"4":{"loc":{"start":{"line":43,"column":15},"end":{"line":56,"column":15}},"type":"binary-expr","locations":[{"start":{"line":43,"column":15},"end":{"line":43,"column":36}},{"start":{"line":44,"column":16},"end":{"line":55,"column":22}}],"line":43},"5":{"loc":{"start":{"line":57,"column":15},"end":{"line":61,"column":15}},"type":"binary-expr","locations":[{"start":{"line":57,"column":15},"end":{"line":57,"column":25}},{"start":{"line":58,"column":16},"end":{"line":60,"column":20}}],"line":57},"6":{"loc":{"start":{"line":62,"column":15},"end":{"line":66,"column":15}},"type":"binary-expr","locations":[{"start":{"line":62,"column":15},"end":{"line":62,"column":41}},{"start":{"line":62,"column":45},"end":{"line":62,"column":67}},{"start":{"line":63,"column":16},"end":{"line":65,"column":20}}],"line":62},"7":{"loc":{"start":{"line":83,"column":20},"end":{"line":83,"column":47}},"type":"binary-expr","locations":[{"start":{"line":83,"column":20},"end":{"line":83,"column":42}},{"start":{"line":83,"column":46},"end":{"line":83,"column":47}}],"line":83}},"s":{"0":1,"1":2,"2":2,"3":0,"4":2,"5":2,"6":0,"7":2,"8":0,"9":0,"10":0},"f":{"0":2,"1":2,"2":0,"3":0,"4":0,"5":0},"b":{"0":[0,2],"1":[0,2],"2":[0,2],"3":[0,2],"4":[2,0],"5":[2,0],"6":[2,0,0],"7":[0,0]},"_coverageSchema":"1a1c01bbd47fc00a2c39e90264f33305004495a9","hash":"a02cd58096f1558affe646ca565f621c98aadc35"}
,"D:\\WORKSPACE\\SANDBOX\\apps\\anne-tom-react-site\\src\\components\\checkout\\CheckoutHeader.jsx": {"path":"D:\\WORKSPACE\\SANDBOX\\apps\\anne-tom-react-site\\src\\components\\checkout\\CheckoutHeader.jsx","statementMap":{"0":{"start":{"line":5,"column":23},"end":{"line":32,"column":1}},"1":{"start":{"line":6,"column":2},"end":{"line":31,"column":4}}},"fnMap":{"0":{"name":"(anonymous_0)","decl":{"start":{"line":5,"column":23},"end":{"line":5,"column":24}},"loc":{"start":{"line":5,"column":29},"end":{"line":32,"column":1}},"line":5}},"branchMap":{},"s":{"0":0,"1":0},"f":{"0":0},"b":{}}
,"D:\\WORKSPACE\\SANDBOX\\apps\\anne-tom-react-site\\src\\components\\checkout\\DadosStep.jsx": {"path":"D:\\WORKSPACE\\SANDBOX\\apps\\anne-tom-react-site\\src\\components\\checkout\\DadosStep.jsx","statementMap":{"0":{"start":{"line":5,"column":21},"end":{"line":5,"column":68}},"1":{"start":{"line":7,"column":18},"end":{"line":533,"column":1}},"2":{"start":{"line":30,"column":4},"end":{"line":33,"column":21}},"3":{"start":{"line":35,"column":25},"end":{"line":35,"column":73}},"4":{"start":{"line":35,"column":36},"end":{"line":35,"column":73}},"5":{"start":{"line":37,"column":20},"end":{"line":49,"column":3}},"6":{"start":{"line":38,"column":19},"end":{"line":38,"column":40}},"7":{"start":{"line":39,"column":4},"end":{"line":39,"column":42}},"8":{"start":{"line":39,"column":28},"end":{"line":39,"column":42}},"9":{"start":{"line":40,"column":4},"end":{"line":42,"column":5}},"10":{"start":{"line":41,"column":6},"end":{"line":41,"column":58}},"11":{"start":{"line":43,"column":4},"end":{"line":47,"column":5}},"12":{"start":{"line":44,"column":6},"end":{"line":46,"column":10}},"13":{"start":{"line":48,"column":4},"end":{"line":48,"column":78}},"14":{"start":{"line":51,"column":23},"end":{"line":51,"column":70}},"15":{"start":{"line":51,"column":34},"end":{"line":51,"column":70}},"16":{"start":{"line":53,"column":18},"end":{"line":57,"column":3}},"17":{"start":{"line":54,"column":19},"end":{"line":54,"column":38}},"18":{"start":{"line":55,"column":4},"end":{"line":55,"column":42}},"19":{"start":{"line":55,"column":28},"end":{"line":55,"column":42}},"20":{"start":{"line":56,"column":4},"end":{"line":56,"column":54}},"21":{"start":{"line":59,"column":31},"end":{"line":63,"column":3}},"22":{"start":{"line":60,"column":16},"end":{"line":60,"column":30}},"23":{"start":{"line":61,"column":19},"end":{"line":61,"column":33}},"24":{"start":{"line":62,"column":4},"end":{"line":62,"column":45}},"25":{"start":{"line":65,"column":26},"end":{"line":68,"column":3}},"26":{"start":{"line":66,"column":19},"end":{"line":66,"column":42}},"27":{"start":{"line":67,"column":4},"end":{"line":67,"column":40}},"28":{"start":{"line":70,"column":32},"end":{"line":81,"column":3}},"29":{"start":{"line":71,"column":4},"end":{"line":71,"column":25}},"30":{"start":{"line":71,"column":18},"end":{"line":71,"column":25}},"31":{"start":{"line":72,"column":4},"end":{"line":80,"column":8}},"32":{"start":{"line":72,"column":24},"end":{"line":80,"column":5}},"33":{"start":{"line":83,"column":31},"end":{"line":90,"column":3}},"34":{"start":{"line":84,"column":4},"end":{"line":84,"column":24}},"35":{"start":{"line":84,"column":17},"end":{"line":84,"column":24}},"36":{"start":{"line":85,"column":4},"end":{"line":89,"column":8}},"37":{"start":{"line":85,"column":24},"end":{"line":89,"column":5}},"38":{"start":{"line":92,"column":22},"end":{"line":92,"column":52}},"39":{"start":{"line":93,"column":20},"end":{"line":93,"column":43}},"40":{"start":{"line":95,"column":4},"end":{"line":96,"column":58}},"41":{"start":{"line":98,"column":24},"end":{"line":107,"column":15}},"42":{"start":{"line":110,"column":4},"end":{"line":114,"column":26}},"43":{"start":{"line":116,"column":24},"end":{"line":116,"column":26}},"44":{"start":{"line":117,"column":2},"end":{"line":126,"column":3}},"45":{"start":{"line":118,"column":4},"end":{"line":118,"column":55}},"46":{"start":{"line":118,"column":28},"end":{"line":118,"column":55}},"47":{"start":{"line":119,"column":4},"end":{"line":119,"column":64}},"48":{"start":{"line":119,"column":33},"end":{"line":119,"column":64}},"49":{"start":{"line":120,"column":4},"end":{"line":125,"column":5}},"50":{"start":{"line":121,"column":6},"end":{"line":121,"column":60}},"51":{"start":{"line":121,"column":34},"end":{"line":121,"column":60}},"52":{"start":{"line":122,"column":6},"end":{"line":122,"column":60}},"53":{"start":{"line":122,"column":34},"end":{"line":122,"column":60}},"54":{"start":{"line":123,"column":6},"end":{"line":123,"column":75}},"55":{"start":{"line":123,"column":46},"end":{"line":123,"column":75}},"56":{"start":{"line":124,"column":6},"end":{"line":124,"column":61}},"57":{"start":{"line":124,"column":32},"end":{"line":124,"column":61}},"58":{"start":{"line":129,"column":2},"end":{"line":146,"column":5}},"59":{"start":{"line":130,"column":4},"end":{"line":130,"column":43}},"60":{"start":{"line":130,"column":36},"end":{"line":130,"column":43}},"61":{"start":{"line":131,"column":4},"end":{"line":131,"column":44}},"62":{"start":{"line":131,"column":37},"end":{"line":131,"column":44}},"63":{"start":{"line":132,"column":4},"end":{"line":132,"column":40}},"64":{"start":{"line":132,"column":33},"end":{"line":132,"column":40}},"65":{"start":{"line":133,"column":4},"end":{"line":133,"column":32}},"66":{"start":{"line":133,"column":25},"end":{"line":133,"column":32}},"67":{"start":{"line":135,"column":20},"end":{"line":137,"column":11}},"68":{"start":{"line":136,"column":6},"end":{"line":136,"column":49}},"69":{"start":{"line":139,"column":4},"end":{"line":139,"column":39}},"70":{"start":{"line":139,"column":17},"end":{"line":139,"column":38}},"71":{"start":{"line":148,"column":2},"end":{"line":532,"column":4}},"72":{"start":{"line":165,"column":29},"end":{"line":165,"column":55}},"73":{"start":{"line":174,"column":29},"end":{"line":174,"column":51}},"74":{"start":{"line":236,"column":18},"end":{"line":236,"column":62}},"75":{"start":{"line":245,"column":18},"end":{"line":245,"column":63}},"76":{"start":{"line":281,"column":18},"end":{"line":281,"column":62}},"77":{"start":{"line":281,"column":35},"end":{"line":281,"column":60}},"78":{"start":{"line":292,"column":18},"end":{"line":292,"column":61}},"79":{"start":{"line":292,"column":35},"end":{"line":292,"column":59}},"80":{"start":{"line":355,"column":18},"end":{"line":355,"column":66}},"81":{"start":{"line":364,"column":18},"end":{"line":364,"column":64}},"82":{"start":{"line":378,"column":18},"end":{"line":378,"column":69}},"83":{"start":{"line":387,"column":18},"end":{"line":387,"column":64}},"84":{"start":{"line":401,"column":18},"end":{"line":401,"column":64}},"85":{"start":{"line":410,"column":18},"end":{"line":410,"column":74}},"86":{"start":{"line":423,"column":16},"end":{"line":423,"column":66}},"87":{"start":{"line":501,"column":14},"end":{"line":501,"column":63}},"88":{"start":{"line":511,"column":31},"end":{"line":511,"column":55}}},"fnMap":{"0":{"name":"(anonymous_0)","decl":{"start":{"line":7,"column":18},"end":{"line":7,"column":19}},"loc":{"start":{"line":28,"column":6},"end":{"line":533,"column":1}},"line":28},"1":{"name":"(anonymous_1)","decl":{"start":{"line":35,"column":25},"end":{"line":35,"column":26}},"loc":{"start":{"line":35,"column":36},"end":{"line":35,"column":73}},"line":35},"2":{"name":"(anonymous_2)","decl":{"start":{"line":37,"column":20},"end":{"line":37,"column":21}},"loc":{"start":{"line":37,"column":31},"end":{"line":49,"column":3}},"line":37},"3":{"name":"(anonymous_3)","decl":{"start":{"line":51,"column":23},"end":{"line":51,"column":24}},"loc":{"start":{"line":51,"column":34},"end":{"line":51,"column":70}},"line":51},"4":{"name":"(anonymous_4)","decl":{"start":{"line":53,"column":18},"end":{"line":53,"column":19}},"loc":{"start":{"line":53,"column":29},"end":{"line":57,"column":3}},"line":53},"5":{"name":"(anonymous_5)","decl":{"start":{"line":59,"column":31},"end":{"line":59,"column":32}},"loc":{"start":{"line":59,"column":38},"end":{"line":63,"column":3}},"line":59},"6":{"name":"(anonymous_6)","decl":{"start":{"line":65,"column":26},"end":{"line":65,"column":27}},"loc":{"start":{"line":65,"column":33},"end":{"line":68,"column":3}},"line":65},"7":{"name":"(anonymous_7)","decl":{"start":{"line":70,"column":32},"end":{"line":70,"column":33}},"loc":{"start":{"line":70,"column":45},"end":{"line":81,"column":3}},"line":70},"8":{"name":"(anonymous_8)","decl":{"start":{"line":72,"column":13},"end":{"line":72,"column":14}},"loc":{"start":{"line":72,"column":24},"end":{"line":80,"column":5}},"line":72},"9":{"name":"(anonymous_9)","decl":{"start":{"line":83,"column":31},"end":{"line":83,"column":32}},"loc":{"start":{"line":83,"column":43},"end":{"line":90,"column":3}},"line":83},"10":{"name":"(anonymous_10)","decl":{"start":{"line":85,"column":13},"end":{"line":85,"column":14}},"loc":{"start":{"line":85,"column":24},"end":{"line":89,"column":5}},"line":85},"11":{"name":"(anonymous_11)","decl":{"start":{"line":129,"column":18},"end":{"line":129,"column":19}},"loc":{"start":{"line":129,"column":24},"end":{"line":140,"column":3}},"line":129},"12":{"name":"(anonymous_12)","decl":{"start":{"line":135,"column":31},"end":{"line":135,"column":32}},"loc":{"start":{"line":135,"column":37},"end":{"line":137,"column":5}},"line":135},"13":{"name":"(anonymous_13)","decl":{"start":{"line":139,"column":11},"end":{"line":139,"column":12}},"loc":{"start":{"line":139,"column":17},"end":{"line":139,"column":38}},"line":139},"14":{"name":"(anonymous_14)","decl":{"start":{"line":165,"column":23},"end":{"line":165,"column":24}},"loc":{"start":{"line":165,"column":29},"end":{"line":165,"column":55}},"line":165},"15":{"name":"(anonymous_15)","decl":{"start":{"line":174,"column":23},"end":{"line":174,"column":24}},"loc":{"start":{"line":174,"column":29},"end":{"line":174,"column":51}},"line":174},"16":{"name":"(anonymous_16)","decl":{"start":{"line":235,"column":26},"end":{"line":235,"column":27}},"loc":{"start":{"line":236,"column":18},"end":{"line":236,"column":62}},"line":236},"17":{"name":"(anonymous_17)","decl":{"start":{"line":244,"column":26},"end":{"line":244,"column":27}},"loc":{"start":{"line":245,"column":18},"end":{"line":245,"column":63}},"line":245},"18":{"name":"(anonymous_18)","decl":{"start":{"line":280,"column":25},"end":{"line":280,"column":26}},"loc":{"start":{"line":281,"column":18},"end":{"line":281,"column":62}},"line":281},"19":{"name":"(anonymous_19)","decl":{"start":{"line":281,"column":27},"end":{"line":281,"column":28}},"loc":{"start":{"line":281,"column":35},"end":{"line":281,"column":60}},"line":281},"20":{"name":"(anonymous_20)","decl":{"start":{"line":291,"column":25},"end":{"line":291,"column":26}},"loc":{"start":{"line":292,"column":18},"end":{"line":292,"column":61}},"line":292},"21":{"name":"(anonymous_21)","decl":{"start":{"line":292,"column":27},"end":{"line":292,"column":28}},"loc":{"start":{"line":292,"column":35},"end":{"line":292,"column":59}},"line":292},"22":{"name":"(anonymous_22)","decl":{"start":{"line":354,"column":26},"end":{"line":354,"column":27}},"loc":{"start":{"line":355,"column":18},"end":{"line":355,"column":66}},"line":355},"23":{"name":"(anonymous_23)","decl":{"start":{"line":363,"column":26},"end":{"line":363,"column":27}},"loc":{"start":{"line":364,"column":18},"end":{"line":364,"column":64}},"line":364},"24":{"name":"(anonymous_24)","decl":{"start":{"line":377,"column":26},"end":{"line":377,"column":27}},"loc":{"start":{"line":378,"column":18},"end":{"line":378,"column":69}},"line":378},"25":{"name":"(anonymous_25)","decl":{"start":{"line":386,"column":26},"end":{"line":386,"column":27}},"loc":{"start":{"line":387,"column":18},"end":{"line":387,"column":64}},"line":387},"26":{"name":"(anonymous_26)","decl":{"start":{"line":400,"column":26},"end":{"line":400,"column":27}},"loc":{"start":{"line":401,"column":18},"end":{"line":401,"column":64}},"line":401},"27":{"name":"(anonymous_27)","decl":{"start":{"line":409,"column":26},"end":{"line":409,"column":27}},"loc":{"start":{"line":410,"column":18},"end":{"line":410,"column":74}},"line":410},"28":{"name":"(anonymous_28)","decl":{"start":{"line":422,"column":24},"end":{"line":422,"column":25}},"loc":{"start":{"line":423,"column":16},"end":{"line":423,"column":66}},"line":423},"29":{"name":"(anonymous_29)","decl":{"start":{"line":500,"column":22},"end":{"line":500,"column":23}},"loc":{"start":{"line":501,"column":14},"end":{"line":501,"column":63}},"line":501},"30":{"name":"(anonymous_30)","decl":{"start":{"line":511,"column":24},"end":{"line":511,"column":25}},"loc":{"start":{"line":511,"column":31},"end":{"line":511,"column":55}},"line":511}},"branchMap":{"0":{"loc":{"start":{"line":5,"column":21},"end":{"line":5,"column":68}},"type":"binary-expr","locations":[{"start":{"line":5,"column":21},"end":{"line":5,"column":62}},{"start":{"line":5,"column":66},"end":{"line":5,"column":68}}],"line":5},"1":{"loc":{"start":{"line":30,"column":4},"end":{"line":33,"column":21}},"type":"binary-expr","locations":[{"start":{"line":30,"column":4},"end":{"line":30,"column":19}},{"start":{"line":31,"column":4},"end":{"line":31,"column":23}},{"start":{"line":32,"column":4},"end":{"line":32,"column":23}},{"start":{"line":33,"column":4},"end":{"line":33,"column":21}}],"line":30},"2":{"loc":{"start":{"line":39,"column":4},"end":{"line":39,"column":42}},"type":"if","locations":[{"start":{"line":39,"column":4},"end":{"line":39,"column":42}},{"start":{},"end":{}}],"line":39},"3":{"loc":{"start":{"line":40,"column":4},"end":{"line":42,"column":5}},"type":"if","locations":[{"start":{"line":40,"column":4},"end":{"line":42,"column":5}},{"start":{},"end":{}}],"line":40},"4":{"loc":{"start":{"line":43,"column":4},"end":{"line":47,"column":5}},"type":"if","locations":[{"start":{"line":43,"column":4},"end":{"line":47,"column":5}},{"start":{},"end":{}}],"line":43},"5":{"loc":{"start":{"line":55,"column":4},"end":{"line":55,"column":42}},"type":"if","locations":[{"start":{"line":55,"column":4},"end":{"line":55,"column":42}},{"start":{},"end":{}}],"line":55},"6":{"loc":{"start":{"line":71,"column":4},"end":{"line":71,"column":25}},"type":"if","locations":[{"start":{"line":71,"column":4},"end":{"line":71,"column":25}},{"start":{},"end":{}}],"line":71},"7":{"loc":{"start":{"line":74,"column":16},"end":{"line":74,"column":47}},"type":"binary-expr","locations":[{"start":{"line":74,"column":16},"end":{"line":74,"column":30}},{"start":{"line":74,"column":34},"end":{"line":74,"column":47}}],"line":74},"8":{"loc":{"start":{"line":75,"column":14},"end":{"line":75,"column":43}},"type":"binary-expr","locations":[{"start":{"line":75,"column":14},"end":{"line":75,"column":28}},{"start":{"line":75,"column":32},"end":{"line":75,"column":43}}],"line":75},"9":{"loc":{"start":{"line":76,"column":14},"end":{"line":76,"column":49}},"type":"binary-expr","locations":[{"start":{"line":76,"column":14},"end":{"line":76,"column":34}},{"start":{"line":76,"column":38},"end":{"line":76,"column":49}}],"line":76},"10":{"loc":{"start":{"line":77,"column":14},"end":{"line":77,"column":41}},"type":"binary-expr","locations":[{"start":{"line":77,"column":14},"end":{"line":77,"column":26}},{"start":{"line":77,"column":30},"end":{"line":77,"column":41}}],"line":77},"11":{"loc":{"start":{"line":78,"column":10},"end":{"line":78,"column":34}},"type":"binary-expr","locations":[{"start":{"line":78,"column":10},"end":{"line":78,"column":23}},{"start":{"line":78,"column":27},"end":{"line":78,"column":34}}],"line":78},"12":{"loc":{"start":{"line":79,"column":11},"end":{"line":79,"column":70}},"type":"cond-expr","locations":[{"start":{"line":79,"column":32},"end":{"line":79,"column":59}},{"start":{"line":79,"column":62},"end":{"line":79,"column":70}}],"line":79},"13":{"loc":{"start":{"line":84,"column":4},"end":{"line":84,"column":24}},"type":"if","locations":[{"start":{"line":84,"column":4},"end":{"line":84,"column":24}},{"start":{},"end":{}}],"line":84},"14":{"loc":{"start":{"line":95,"column":4},"end":{"line":96,"column":58}},"type":"binary-expr","locations":[{"start":{"line":95,"column":4},"end":{"line":95,"column":28}},{"start":{"line":96,"column":5},"end":{"line":96,"column":31}},{"start":{"line":96,"column":35},"end":{"line":96,"column":57}}],"line":95},"15":{"loc":{"start":{"line":110,"column":4},"end":{"line":114,"column":26}},"type":"binary-expr","locations":[{"start":{"line":110,"column":4},"end":{"line":110,"column":17}},{"start":{"line":111,"column":4},"end":{"line":111,"column":19}},{"start":{"line":112,"column":4},"end":{"line":112,"column":19}},{"start":{"line":113,"column":4},"end":{"line":113,"column":19}},{"start":{"line":114,"column":4},"end":{"line":114,"column":26}}],"line":110},"16":{"loc":{"start":{"line":117,"column":2},"end":{"line":126,"column":3}},"type":"if","locations":[{"start":{"line":117,"column":2},"end":{"line":126,"column":3}},{"start":{},"end":{}}],"line":117},"17":{"loc":{"start":{"line":118,"column":4},"end":{"line":118,"column":55}},"type":"if","locations":[{"start":{"line":118,"column":4},"end":{"line":118,"column":55}},{"start":{},"end":{}}],"line":118},"18":{"loc":{"start":{"line":119,"column":4},"end":{"line":119,"column":64}},"type":"if","locations":[{"start":{"line":119,"column":4},"end":{"line":119,"column":64}},{"start":{},"end":{}}],"line":119},"19":{"loc":{"start":{"line":120,"column":4},"end":{"line":125,"column":5}},"type":"if","locations":[{"start":{"line":120,"column":4},"end":{"line":125,"column":5}},{"start":{},"end":{}}],"line":120},"20":{"loc":{"start":{"line":121,"column":6},"end":{"line":121,"column":60}},"type":"if","locations":[{"start":{"line":121,"column":6},"end":{"line":121,"column":60}},{"start":{},"end":{}}],"line":121},"21":{"loc":{"start":{"line":122,"column":6},"end":{"line":122,"column":60}},"type":"if","locations":[{"start":{"line":122,"column":6},"end":{"line":122,"column":60}},{"start":{},"end":{}}],"line":122},"22":{"loc":{"start":{"line":123,"column":6},"end":{"line":123,"column":75}},"type":"if","locations":[{"start":{"line":123,"column":6},"end":{"line":123,"column":75}},{"start":{},"end":{}}],"line":123},"23":{"loc":{"start":{"line":123,"column":18},"end":{"line":123,"column":36}},"type":"binary-expr","locations":[{"start":{"line":123,"column":18},"end":{"line":123,"column":30}},{"start":{"line":123,"column":34},"end":{"line":123,"column":36}}],"line":123},"24":{"loc":{"start":{"line":124,"column":6},"end":{"line":124,"column":61}},"type":"if","locations":[{"start":{"line":124,"column":6},"end":{"line":124,"column":61}},{"start":{},"end":{}}],"line":124},"25":{"loc":{"start":{"line":130,"column":4},"end":{"line":130,"column":43}},"type":"if","locations":[{"start":{"line":130,"column":4},"end":{"line":130,"column":43}},{"start":{},"end":{}}],"line":130},"26":{"loc":{"start":{"line":131,"column":4},"end":{"line":131,"column":44}},"type":"if","locations":[{"start":{"line":131,"column":4},"end":{"line":131,"column":44}},{"start":{},"end":{}}],"line":131},"27":{"loc":{"start":{"line":132,"column":4},"end":{"line":132,"column":40}},"type":"if","locations":[{"start":{"line":132,"column":4},"end":{"line":132,"column":40}},{"start":{},"end":{}}],"line":132},"28":{"loc":{"start":{"line":133,"column":4},"end":{"line":133,"column":32}},"type":"if","locations":[{"start":{"line":133,"column":4},"end":{"line":133,"column":32}},{"start":{},"end":{}}],"line":133},"29":{"loc":{"start":{"line":167,"column":16},"end":{"line":167,"column":72}},"type":"cond-expr","locations":[{"start":{"line":167,"column":45},"end":{"line":167,"column":67}},{"start":{"line":167,"column":70},"end":{"line":167,"column":72}}],"line":167},"30":{"loc":{"start":{"line":176,"column":16},"end":{"line":176,"column":68}},"type":"cond-expr","locations":[{"start":{"line":176,"column":41},"end":{"line":176,"column":63}},{"start":{"line":176,"column":66},"end":{"line":176,"column":68}}],"line":176},"31":{"loc":{"start":{"line":184,"column":9},"end":{"line":188,"column":9}},"type":"binary-expr","locations":[{"start":{"line":184,"column":9},"end":{"line":184,"column":31}},{"start":{"line":185,"column":10},"end":{"line":187,"column":14}}],"line":184},"32":{"loc":{"start":{"line":190,"column":9},"end":{"line":251,"column":9}},"type":"binary-expr","locations":[{"start":{"line":190,"column":9},"end":{"line":190,"column":31}},{"start":{"line":191,"column":10},"end":{"line":250,"column":16}}],"line":190},"33":{"loc":{"start":{"line":201,"column":15},"end":{"line":227,"column":15}},"type":"binary-expr","locations":[{"start":{"line":201,"column":15},"end":{"line":201,"column":41}},{"start":{"line":202,"column":16},"end":{"line":226,"column":19}}],"line":201},"34":{"loc":{"start":{"line":203,"column":19},"end":{"line":207,"column":19}},"type":"binary-expr","locations":[{"start":{"line":203,"column":19},"end":{"line":203,"column":34}},{"start":{"line":204,"column":20},"end":{"line":206,"column":24}}],"line":203},"35":{"loc":{"start":{"line":208,"column":19},"end":{"line":220,"column":19}},"type":"binary-expr","locations":[{"start":{"line":208,"column":19},"end":{"line":208,"column":35}},{"start":{"line":208,"column":39},"end":{"line":208,"column":55}},{"start":{"line":209,"column":20},"end":{"line":219,"column":26}}],"line":208},"36":{"loc":{"start":{"line":213,"column":23},"end":{"line":218,"column":23}},"type":"binary-expr","locations":[{"start":{"line":213,"column":23},"end":{"line":213,"column":47}},{"start":{"line":214,"column":24},"end":{"line":217,"column":28}}],"line":213},"37":{"loc":{"start":{"line":221,"column":19},"end":{"line":225,"column":19}},"type":"binary-expr","locations":[{"start":{"line":221,"column":19},"end":{"line":221,"column":33}},{"start":{"line":221,"column":37},"end":{"line":221,"column":53}},{"start":{"line":222,"column":20},"end":{"line":224,"column":24}}],"line":221},"38":{"loc":{"start":{"line":243,"column":23},"end":{"line":243,"column":40}},"type":"binary-expr","locations":[{"start":{"line":243,"column":23},"end":{"line":243,"column":34}},{"start":{"line":243,"column":38},"end":{"line":243,"column":40}}],"line":243},"39":{"loc":{"start":{"line":253,"column":9},"end":{"line":257,"column":9}},"type":"binary-expr","locations":[{"start":{"line":253,"column":9},"end":{"line":253,"column":31}},{"start":{"line":253,"column":35},"end":{"line":253,"column":49}},{"start":{"line":254,"column":10},"end":{"line":256,"column":14}}],"line":253},"40":{"loc":{"start":{"line":262,"column":10},"end":{"line":264,"column":84}},"type":"cond-expr","locations":[{"start":{"line":263,"column":14},"end":{"line":263,"column":56}},{"start":{"line":264,"column":14},"end":{"line":264,"column":84}}],"line":262},"41":{"loc":{"start":{"line":284,"column":18},"end":{"line":284,"column":63}},"type":"cond-expr","locations":[{"start":{"line":284,"column":36},"end":{"line":284,"column":58}},{"start":{"line":284,"column":61},"end":{"line":284,"column":63}}],"line":284},"42":{"loc":{"start":{"line":295,"column":18},"end":{"line":295,"column":62}},"type":"cond-expr","locations":[{"start":{"line":295,"column":35},"end":{"line":295,"column":57}},{"start":{"line":295,"column":60},"end":{"line":295,"column":62}}],"line":295},"43":{"loc":{"start":{"line":303,"column":11},"end":{"line":321,"column":11}},"type":"cond-expr","locations":[{"start":{"line":304,"column":12},"end":{"line":316,"column":14}},{"start":{"line":318,"column":12},"end":{"line":320,"column":16}}],"line":303},"44":{"loc":{"start":{"line":310,"column":16},"end":{"line":312,"column":24}},"type":"cond-expr","locations":[{"start":{"line":311,"column":20},"end":{"line":311,"column":65}},{"start":{"line":312,"column":20},"end":{"line":312,"column":24}}],"line":310},"45":{"loc":{"start":{"line":310,"column":16},"end":{"line":310,"column":65}},"type":"binary-expr","locations":[{"start":{"line":310,"column":16},"end":{"line":310,"column":38}},{"start":{"line":310,"column":42},"end":{"line":310,"column":65}}],"line":310},"46":{"loc":{"start":{"line":323,"column":11},"end":{"line":342,"column":11}},"type":"binary-expr","locations":[{"start":{"line":323,"column":11},"end":{"line":323,"column":26}},{"start":{"line":324,"column":12},"end":{"line":341,"column":18}}],"line":323},"47":{"loc":{"start":{"line":339,"column":17},"end":{"line":339,"column":70}},"type":"cond-expr","locations":[{"start":{"line":339,"column":31},"end":{"line":339,"column":48}},{"start":{"line":339,"column":51},"end":{"line":339,"column":70}}],"line":339},"48":{"loc":{"start":{"line":344,"column":11},"end":{"line":346,"column":11}},"type":"binary-expr","locations":[{"start":{"line":344,"column":11},"end":{"line":344,"column":18}},{"start":{"line":345,"column":12},"end":{"line":345,"column":65}}],"line":344},"49":{"loc":{"start":{"line":348,"column":11},"end":{"line":369,"column":11}},"type":"binary-expr","locations":[{"start":{"line":348,"column":11},"end":{"line":348,"column":26}},{"start":{"line":349,"column":12},"end":{"line":368,"column":18}}],"line":348},"50":{"loc":{"start":{"line":371,"column":11},"end":{"line":392,"column":11}},"type":"binary-expr","locations":[{"start":{"line":371,"column":11},"end":{"line":371,"column":26}},{"start":{"line":372,"column":12},"end":{"line":391,"column":18}}],"line":371},"51":{"loc":{"start":{"line":394,"column":11},"end":{"line":415,"column":11}},"type":"binary-expr","locations":[{"start":{"line":394,"column":11},"end":{"line":394,"column":26}},{"start":{"line":395,"column":12},"end":{"line":414,"column":18}}],"line":394},"52":{"loc":{"start":{"line":417,"column":11},"end":{"line":427,"column":11}},"type":"binary-expr","locations":[{"start":{"line":417,"column":11},"end":{"line":417,"column":26}},{"start":{"line":418,"column":12},"end":{"line":426,"column":14}}],"line":417},"53":{"loc":{"start":{"line":431,"column":15},"end":{"line":477,"column":15}},"type":"cond-expr","locations":[{"start":{"line":432,"column":16},"end":{"line":472,"column":19}},{"start":{"line":474,"column":16},"end":{"line":476,"column":20}}],"line":431},"54":{"loc":{"start":{"line":436,"column":19},"end":{"line":444,"column":19}},"type":"binary-expr","locations":[{"start":{"line":436,"column":19},"end":{"line":436,"column":34}},{"start":{"line":436,"column":38},"end":{"line":436,"column":57}},{"start":{"line":437,"column":20},"end":{"line":443,"column":24}}],"line":436},"55":{"loc":{"start":{"line":445,"column":19},"end":{"line":450,"column":19}},"type":"binary-expr","locations":[{"start":{"line":445,"column":19},"end":{"line":445,"column":38}},{"start":{"line":446,"column":20},"end":{"line":449,"column":24}}],"line":445},"56":{"loc":{"start":{"line":451,"column":19},"end":{"line":471,"column":19}},"type":"binary-expr","locations":[{"start":{"line":451,"column":19},"end":{"line":451,"column":34}},{"start":{"line":452,"column":20},"end":{"line":470,"column":23}}],"line":451},"57":{"loc":{"start":{"line":453,"column":23},"end":{"line":457,"column":23}},"type":"binary-expr","locations":[{"start":{"line":453,"column":23},"end":{"line":453,"column":41}},{"start":{"line":454,"column":24},"end":{"line":456,"column":28}}],"line":453},"58":{"loc":{"start":{"line":458,"column":23},"end":{"line":464,"column":23}},"type":"binary-expr","locations":[{"start":{"line":458,"column":23},"end":{"line":458,"column":34}},{"start":{"line":458,"column":38},"end":{"line":458,"column":57}},{"start":{"line":459,"column":24},"end":{"line":463,"column":28}}],"line":458},"59":{"loc":{"start":{"line":465,"column":23},"end":{"line":469,"column":23}},"type":"binary-expr","locations":[{"start":{"line":465,"column":23},"end":{"line":465,"column":39}},{"start":{"line":465,"column":43},"end":{"line":465,"column":62}},{"start":{"line":466,"column":24},"end":{"line":468,"column":28}}],"line":465},"60":{"loc":{"start":{"line":478,"column":15},"end":{"line":482,"column":15}},"type":"binary-expr","locations":[{"start":{"line":478,"column":15},"end":{"line":478,"column":29}},{"start":{"line":479,"column":16},"end":{"line":481,"column":20}}],"line":478},"61":{"loc":{"start":{"line":485,"column":13},"end":{"line":492,"column":13}},"type":"binary-expr","locations":[{"start":{"line":485,"column":13},"end":{"line":485,"column":37}},{"start":{"line":486,"column":14},"end":{"line":491,"column":20}}],"line":485},"62":{"loc":{"start":{"line":523,"column":11},"end":{"line":528,"column":11}},"type":"binary-expr","locations":[{"start":{"line":523,"column":11},"end":{"line":523,"column":23}},{"start":{"line":524,"column":12},"end":{"line":527,"column":16}}],"line":523}},"s":{"0":1,"1":1,"2":1,"3":1,"4":1,"5":1,"6":0,"7":0,"8":0,"9":0,"10":0,"11":0,"12":0,"13":0,"14":1,"15":1,"16":1,"17":0,"18":0,"19":0,"20":0,"21":1,"22":0,"23":0,"24":0,"25":1,"26":0,"27":0,"28":1,"29":0,"30":0,"31":0,"32":0,"33":1,"34":0,"35":0,"36":0,"37":0,"38":1,"39":1,"40":1,"41":1,"42":1,"43":1,"44":1,"45":1,"46":1,"47":1,"48":0,"49":1,"50":1,"51":1,"52":1,"53":1,"54":1,"55":1,"56":1,"57":1,"58":1,"59":1,"60":1,"61":0,"62":0,"63":0,"64":0,"65":0,"66":0,"67":0,"68":0,"69":0,"70":0,"71":1,"72":0,"73":0,"74":0,"75":0,"76":0,"77":0,"78":0,"79":0,"80":0,"81":0,"82":0,"83":0,"84":0,"85":0,"86":0,"87":0,"88":0},"f":{"0":1,"1":1,"2":0,"3":1,"4":0,"5":0,"6":0,"7":0,"8":0,"9":0,"10":0,"11":1,"12":0,"13":0,"14":0,"15":0,"16":0,"17":0,"18":0,"19":0,"20":0,"21":0,"22":0,"23":0,"24":0,"25":0,"26":0,"27":0,"28":0,"29":0,"30":0},"b":{"0":[1,1],"1":[1,1,0,0],"2":[0,0],"3":[0,0],"4":[0,0],"5":[0,0],"6":[0,0],"7":[0,0],"8":[0,0],"9":[0,0],"10":[0,0],"11":[0,0],"12":[0,0],"13":[0,0],"14":[1,1,1],"15":[1,1,1,1,1],"16":[1,0],"17":[1,0],"18":[0,1],"19":[1,0],"20":[1,0],"21":[1,0],"22":[1,0],"23":[1,1],"24":[1,0],"25":[1,0],"26":[0,0],"27":[0,0],"28":[0,0],"29":[0,1],"30":[1,0],"31":[1,0],"32":[1,1],"33":[1,0],"34":[0,0],"35":[0,0,0],"36":[0,0],"37":[0,0,0],"38":[1,1],"39":[1,1,0],"40":[1,0],"41":[1,0],"42":[0,1],"43":[1,0],"44":[0,1],"45":[1,0],"46":[1,1],"47":[0,1],"48":[1,0],"49":[1,1],"50":[1,1],"51":[1,1],"52":[1,1],"53":[0,1],"54":[0,0,0],"55":[0,0],"56":[0,0],"57":[0,0],"58":[0,0,0],"59":[0,0,0],"60":[1,0],"61":[1,1],"62":[1,0]},"_coverageSchema":"1a1c01bbd47fc00a2c39e90264f33305004495a9","hash":"f7045dae3703132d3fa89b7701573b93ebd75e1f"}
,"D:\\WORKSPACE\\SANDBOX\\apps\\anne-tom-react-site\\src\\components\\checkout\\EnderecoMap.jsx": {"path":"D:\\WORKSPACE\\SANDBOX\\apps\\anne-tom-react-site\\src\\components\\checkout\\EnderecoMap.jsx","statementMap":{"0":{"start":{"line":5,"column":23},"end":{"line":5,"column":55}},"1":{"start":{"line":7,"column":22},"end":{"line":18,"column":1}},"2":{"start":{"line":8,"column":2},"end":{"line":8,"column":26}},"3":{"start":{"line":8,"column":16},"end":{"line":8,"column":26}},"4":{"start":{"line":9,"column":16},"end":{"line":16,"column":3}},"5":{"start":{"line":17,"column":2},"end":{"line":17,"column":31}},"6":{"start":{"line":20,"column":34},"end":{"line":32,"column":1}},"7":{"start":{"line":21,"column":18},"end":{"line":21,"column":39}},"8":{"start":{"line":22,"column":2},"end":{"line":31,"column":4}},"9":{"start":{"line":34,"column":20},"end":{"line":305,"column":1}},"10":{"start":{"line":42,"column":26},"end":{"line":42,"column":38}},"11":{"start":{"line":43,"column":24},"end":{"line":43,"column":36}},"12":{"start":{"line":44,"column":20},"end":{"line":44,"column":32}},"13":{"start":{"line":45,"column":24},"end":{"line":45,"column":37}},"14":{"start":{"line":47,"column":30},"end":{"line":47,"column":49}},"15":{"start":{"line":48,"column":32},"end":{"line":48,"column":44}},"16":{"start":{"line":49,"column":28},"end":{"line":49,"column":40}},"17":{"start":{"line":50,"column":32},"end":{"line":50,"column":44}},"18":{"start":{"line":51,"column":26},"end":{"line":51,"column":41}},"19":{"start":{"line":53,"column":31},"end":{"line":76,"column":41}},"20":{"start":{"line":54,"column":4},"end":{"line":75,"column":5}},"21":{"start":{"line":55,"column":6},"end":{"line":55,"column":20}},"22":{"start":{"line":56,"column":6},"end":{"line":56,"column":101}},"23":{"start":{"line":58,"column":18},"end":{"line":58,"column":135}},"24":{"start":{"line":59,"column":6},"end":{"line":59,"column":67}},"25":{"start":{"line":59,"column":19},"end":{"line":59,"column":67}},"26":{"start":{"line":61,"column":19},"end":{"line":61,"column":35}},"27":{"start":{"line":62,"column":22},"end":{"line":62,"column":53}},"28":{"start":{"line":63,"column":6},"end":{"line":63,"column":87}},"29":{"start":{"line":64,"column":6},"end":{"line":64,"column":103}},"30":{"start":{"line":65,"column":6},"end":{"line":65,"column":19}},"31":{"start":{"line":67,"column":6},"end":{"line":67,"column":39}},"32":{"start":{"line":68,"column":6},"end":{"line":68,"column":33}},"33":{"start":{"line":70,"column":6},"end":{"line":70,"column":67}},"34":{"start":{"line":71,"column":6},"end":{"line":71,"column":50}},"35":{"start":{"line":72,"column":6},"end":{"line":72,"column":39}},"36":{"start":{"line":74,"column":6},"end":{"line":74,"column":21}},"37":{"start":{"line":79,"column":26},"end":{"line":105,"column":38}},"38":{"start":{"line":80,"column":4},"end":{"line":80,"column":25}},"39":{"start":{"line":80,"column":18},"end":{"line":80,"column":25}},"40":{"start":{"line":81,"column":4},"end":{"line":84,"column":5}},"41":{"start":{"line":82,"column":6},"end":{"line":82,"column":53}},"42":{"start":{"line":83,"column":6},"end":{"line":83,"column":13}},"43":{"start":{"line":85,"column":4},"end":{"line":85,"column":18}},"44":{"start":{"line":86,"column":4},"end":{"line":86,"column":37}},"45":{"start":{"line":87,"column":4},"end":{"line":87,"column":17}},"46":{"start":{"line":89,"column":4},"end":{"line":104,"column":6}},"47":{"start":{"line":91,"column":50},"end":{"line":91,"column":65}},"48":{"start":{"line":92,"column":8},"end":{"line":95,"column":9}},"49":{"start":{"line":93,"column":10},"end":{"line":93,"column":56}},"50":{"start":{"line":94,"column":10},"end":{"line":94,"column":50}},"51":{"start":{"line":96,"column":8},"end":{"line":96,"column":46}},"52":{"start":{"line":99,"column":8},"end":{"line":99,"column":23}},"53":{"start":{"line":100,"column":8},"end":{"line":100,"column":74}},"54":{"start":{"line":101,"column":8},"end":{"line":101,"column":40}},"55":{"start":{"line":108,"column":30},"end":{"line":154,"column":74}},"56":{"start":{"line":109,"column":4},"end":{"line":109,"column":25}},"57":{"start":{"line":109,"column":18},"end":{"line":109,"column":25}},"58":{"start":{"line":110,"column":18},"end":{"line":110,"column":41}},"59":{"start":{"line":111,"column":4},"end":{"line":114,"column":5}},"60":{"start":{"line":112,"column":6},"end":{"line":112,"column":72}},"61":{"start":{"line":113,"column":6},"end":{"line":113,"column":13}},"62":{"start":{"line":115,"column":4},"end":{"line":153,"column":5}},"63":{"start":{"line":116,"column":6},"end":{"line":116,"column":20}},"64":{"start":{"line":117,"column":6},"end":{"line":117,"column":54}},"65":{"start":{"line":118,"column":6},"end":{"line":118,"column":19}},"66":{"start":{"line":120,"column":24},"end":{"line":122,"column":56}},"67":{"start":{"line":124,"column":18},"end":{"line":124,"column":130}},"68":{"start":{"line":125,"column":19},"end":{"line":125,"column":35}},"69":{"start":{"line":127,"column":6},"end":{"line":131,"column":7}},"70":{"start":{"line":128,"column":8},"end":{"line":128,"column":84}},"71":{"start":{"line":129,"column":8},"end":{"line":129,"column":23}},"72":{"start":{"line":130,"column":8},"end":{"line":130,"column":15}},"73":{"start":{"line":133,"column":19},"end":{"line":133,"column":26}},"74":{"start":{"line":134,"column":18},"end":{"line":134,"column":38}},"75":{"start":{"line":135,"column":18},"end":{"line":135,"column":38}},"76":{"start":{"line":137,"column":6},"end":{"line":140,"column":7}},"77":{"start":{"line":138,"column":8},"end":{"line":138,"column":54}},"78":{"start":{"line":139,"column":8},"end":{"line":139,"column":48}},"79":{"start":{"line":142,"column":22},"end":{"line":142,"column":53}},"80":{"start":{"line":143,"column":6},"end":{"line":143,"column":62}},"81":{"start":{"line":144,"column":6},"end":{"line":144,"column":52}},"82":{"start":{"line":145,"column":6},"end":{"line":145,"column":19}},"83":{"start":{"line":147,"column":6},"end":{"line":147,"column":39}},"84":{"start":{"line":148,"column":6},"end":{"line":148,"column":33}},"85":{"start":{"line":150,"column":6},"end":{"line":150,"column":71}},"86":{"start":{"line":152,"column":6},"end":{"line":152,"column":21}},"87":{"start":{"line":157,"column":2},"end":{"line":235,"column":56}},"88":{"start":{"line":158,"column":17},"end":{"line":158,"column":21}},"89":{"start":{"line":160,"column":4},"end":{"line":226,"column":9}},"90":{"start":{"line":162,"column":8},"end":{"line":162,"column":56}},"91":{"start":{"line":162,"column":49},"end":{"line":162,"column":56}},"92":{"start":{"line":165,"column":8},"end":{"line":168,"column":9}},"93":{"start":{"line":166,"column":10},"end":{"line":166,"column":41}},"94":{"start":{"line":167,"column":10},"end":{"line":167,"column":39}},"95":{"start":{"line":170,"column":25},"end":{"line":170,"column":67}},"96":{"start":{"line":171,"column":25},"end":{"line":171,"column":67}},"97":{"start":{"line":173,"column":20},"end":{"line":178,"column":10}},"98":{"start":{"line":181,"column":8},"end":{"line":185,"column":22}},"99":{"start":{"line":188,"column":24},"end":{"line":196,"column":10}},"100":{"start":{"line":198,"column":23},"end":{"line":201,"column":21}},"101":{"start":{"line":203,"column":8},"end":{"line":203,"column":107}},"102":{"start":{"line":206,"column":8},"end":{"line":209,"column":11}},"103":{"start":{"line":207,"column":31},"end":{"line":207,"column":49}},"104":{"start":{"line":208,"column":10},"end":{"line":208,"column":49}},"105":{"start":{"line":212,"column":8},"end":{"line":217,"column":11}},"106":{"start":{"line":213,"column":10},"end":{"line":213,"column":31}},"107":{"start":{"line":213,"column":24},"end":{"line":213,"column":31}},"108":{"start":{"line":214,"column":31},"end":{"line":214,"column":39}},"109":{"start":{"line":215,"column":10},"end":{"line":215,"column":39}},"110":{"start":{"line":216,"column":10},"end":{"line":216,"column":50}},"111":{"start":{"line":219,"column":8},"end":{"line":219,"column":36}},"112":{"start":{"line":220,"column":8},"end":{"line":220,"column":35}},"113":{"start":{"line":221,"column":8},"end":{"line":221,"column":27}},"114":{"start":{"line":224,"column":8},"end":{"line":224,"column":50}},"115":{"start":{"line":225,"column":8},"end":{"line":225,"column":39}},"116":{"start":{"line":225,"column":20},"end":{"line":225,"column":39}},"117":{"start":{"line":228,"column":4},"end":{"line":234,"column":6}},"118":{"start":{"line":229,"column":6},"end":{"line":229,"column":21}},"119":{"start":{"line":230,"column":6},"end":{"line":233,"column":7}},"120":{"start":{"line":231,"column":8},"end":{"line":231,"column":39}},"121":{"start":{"line":232,"column":8},"end":{"line":232,"column":37}},"122":{"start":{"line":238,"column":2},"end":{"line":242,"column":54}},"123":{"start":{"line":239,"column":4},"end":{"line":239,"column":87}},"124":{"start":{"line":239,"column":80},"end":{"line":239,"column":87}},"125":{"start":{"line":240,"column":4},"end":{"line":240,"column":33}},"126":{"start":{"line":241,"column":4},"end":{"line":241,"column":22}},"127":{"start":{"line":244,"column":2},"end":{"line":304,"column":4}}},"fnMap":{"0":{"name":"(anonymous_0)","decl":{"start":{"line":7,"column":22},"end":{"line":7,"column":23}},"loc":{"start":{"line":7,"column":35},"end":{"line":18,"column":1}},"line":7},"1":{"name":"(anonymous_1)","decl":{"start":{"line":20,"column":34},"end":{"line":20,"column":35}},"loc":{"start":{"line":20,"column":46},"end":{"line":32,"column":1}},"line":20},"2":{"name":"(anonymous_2)","decl":{"start":{"line":34,"column":20},"end":{"line":34,"column":21}},"loc":{"start":{"line":41,"column":6},"end":{"line":305,"column":1}},"line":41},"3":{"name":"(anonymous_3)","decl":{"start":{"line":53,"column":43},"end":{"line":53,"column":44}},"loc":{"start":{"line":53,"column":79},"end":{"line":76,"column":3}},"line":53},"4":{"name":"(anonymous_4)","decl":{"start":{"line":79,"column":38},"end":{"line":79,"column":39}},"loc":{"start":{"line":79,"column":44},"end":{"line":105,"column":3}},"line":79},"5":{"name":"(anonymous_5)","decl":{"start":{"line":90,"column":6},"end":{"line":90,"column":7}},"loc":{"start":{"line":90,"column":20},"end":{"line":97,"column":7}},"line":90},"6":{"name":"(anonymous_6)","decl":{"start":{"line":98,"column":6},"end":{"line":98,"column":7}},"loc":{"start":{"line":98,"column":15},"end":{"line":102,"column":7}},"line":98},"7":{"name":"(anonymous_7)","decl":{"start":{"line":108,"column":42},"end":{"line":108,"column":43}},"loc":{"start":{"line":108,"column":54},"end":{"line":154,"column":3}},"line":108},"8":{"name":"(anonymous_8)","decl":{"start":{"line":157,"column":12},"end":{"line":157,"column":13}},"loc":{"start":{"line":157,"column":18},"end":{"line":235,"column":3}},"line":157},"9":{"name":"(anonymous_9)","decl":{"start":{"line":161,"column":12},"end":{"line":161,"column":13}},"loc":{"start":{"line":161,"column":19},"end":{"line":222,"column":7}},"line":161},"10":{"name":"(anonymous_10)","decl":{"start":{"line":206,"column":29},"end":{"line":206,"column":30}},"loc":{"start":{"line":206,"column":35},"end":{"line":209,"column":9}},"line":206},"11":{"name":"(anonymous_11)","decl":{"start":{"line":212,"column":24},"end":{"line":212,"column":25}},"loc":{"start":{"line":212,"column":31},"end":{"line":217,"column":9}},"line":212},"12":{"name":"(anonymous_12)","decl":{"start":{"line":223,"column":13},"end":{"line":223,"column":14}},"loc":{"start":{"line":223,"column":22},"end":{"line":226,"column":7}},"line":223},"13":{"name":"(anonymous_13)","decl":{"start":{"line":228,"column":11},"end":{"line":228,"column":12}},"loc":{"start":{"line":228,"column":17},"end":{"line":234,"column":5}},"line":228},"14":{"name":"(anonymous_14)","decl":{"start":{"line":238,"column":12},"end":{"line":238,"column":13}},"loc":{"start":{"line":238,"column":18},"end":{"line":242,"column":3}},"line":238}},"branchMap":{"0":{"loc":{"start":{"line":8,"column":2},"end":{"line":8,"column":26}},"type":"if","locations":[{"start":{"line":8,"column":2},"end":{"line":8,"column":26}},{"start":{},"end":{}}],"line":8},"1":{"loc":{"start":{"line":11,"column":4},"end":{"line":11,"column":47}},"type":"cond-expr","locations":[{"start":{"line":11,"column":21},"end":{"line":11,"column":42}},{"start":{"line":11,"column":45},"end":{"line":11,"column":47}}],"line":11},"2":{"loc":{"start":{"line":12,"column":4},"end":{"line":12,"column":60}},"type":"cond-expr","locations":[{"start":{"line":12,"column":27},"end":{"line":12,"column":55}},{"start":{"line":12,"column":58},"end":{"line":12,"column":60}}],"line":12},"3":{"loc":{"start":{"line":13,"column":4},"end":{"line":15,"column":10}},"type":"cond-expr","locations":[{"start":{"line":14,"column":8},"end":{"line":14,"column":73}},{"start":{"line":15,"column":8},"end":{"line":15,"column":10}}],"line":13},"4":{"loc":{"start":{"line":13,"column":4},"end":{"line":13,"column":33}},"type":"binary-expr","locations":[{"start":{"line":13,"column":4},"end":{"line":13,"column":16}},{"start":{"line":13,"column":20},"end":{"line":13,"column":33}}],"line":13},"5":{"loc":{"start":{"line":21,"column":18},"end":{"line":21,"column":39}},"type":"binary-expr","locations":[{"start":{"line":21,"column":18},"end":{"line":21,"column":33}},{"start":{"line":21,"column":37},"end":{"line":21,"column":39}}],"line":21},"6":{"loc":{"start":{"line":23,"column":12},"end":{"line":23,"column":93}},"type":"binary-expr","locations":[{"start":{"line":23,"column":12},"end":{"line":23,"column":24}},{"start":{"line":23,"column":28},"end":{"line":23,"column":46}},{"start":{"line":23,"column":50},"end":{"line":23,"column":69}},{"start":{"line":23,"column":73},"end":{"line":23,"column":87}},{"start":{"line":23,"column":91},"end":{"line":23,"column":93}}],"line":23},"7":{"loc":{"start":{"line":24,"column":12},"end":{"line":24,"column":38}},"type":"binary-expr","locations":[{"start":{"line":24,"column":12},"end":{"line":24,"column":32}},{"start":{"line":24,"column":36},"end":{"line":24,"column":38}}],"line":24},"8":{"loc":{"start":{"line":26,"column":6},"end":{"line":26,"column":76}},"type":"binary-expr","locations":[{"start":{"line":26,"column":6},"end":{"line":26,"column":27}},{"start":{"line":26,"column":31},"end":{"line":26,"column":45}},{"start":{"line":26,"column":49},"end":{"line":26,"column":70}},{"start":{"line":26,"column":74},"end":{"line":26,"column":76}}],"line":26},"9":{"loc":{"start":{"line":27,"column":10},"end":{"line":27,"column":96}},"type":"binary-expr","locations":[{"start":{"line":27,"column":10},"end":{"line":27,"column":22}},{"start":{"line":27,"column":26},"end":{"line":27,"column":38}},{"start":{"line":27,"column":42},"end":{"line":27,"column":57}},{"start":{"line":27,"column":61},"end":{"line":27,"column":81}},{"start":{"line":27,"column":85},"end":{"line":27,"column":96}}],"line":27},"10":{"loc":{"start":{"line":28,"column":11},"end":{"line":28,"column":32}},"type":"binary-expr","locations":[{"start":{"line":28,"column":11},"end":{"line":28,"column":24}},{"start":{"line":28,"column":28},"end":{"line":28,"column":32}}],"line":28},"11":{"loc":{"start":{"line":29,"column":16},"end":{"line":29,"column":38}},"type":"binary-expr","locations":[{"start":{"line":29,"column":16},"end":{"line":29,"column":32}},{"start":{"line":29,"column":36},"end":{"line":29,"column":38}}],"li
[...]
olumn":2},"end":{"line":12,"column":4}},"2":{"start":{"line":6,"column":18},"end":{"line":9,"column":5}},"3":{"start":{"line":7,"column":6},"end":{"line":7,"column":28}},"4":{"start":{"line":8,"column":6},"end":{"line":8,"column":20}},"5":{"start":{"line":10,"column":4},"end":{"line":10,"column":26}},"6":{"start":{"line":11,"column":4},"end":{"line":11,"column":38}},"7":{"start":{"line":15,"column":24},"end":{"line":24,"column":1}},"8":{"start":{"line":17,"column":2},"end":{"line":23,"column":4}},"9":{"start":{"line":18,"column":4},"end":{"line":22,"column":5}},"10":{"start":{"line":19,"column":6},"end":{"line":19,"column":29}},"11":{"start":{"line":20,"column":6},"end":{"line":20,"column":24}},"12":{"start":{"line":21,"column":6},"end":{"line":21,"column":50}},"13":{"start":{"line":21,"column":23},"end":{"line":21,"column":41}},"14":{"start":{"line":26,"column":28},"end":{"line":33,"column":1}},"15":{"start":{"line":27,"column":2},"end":{"line":32,"column":5}},"16":{"start":{"line":28,"column":16},"end":{"line":28,"column":27}},"17":{"start":{"line":29,"column":4},"end":{"line":29,"column":36}},"18":{"start":{"line":29,"column":23},"end":{"line":29,"column":35}},"19":{"start":{"line":30,"column":4},"end":{"line":30,"column":25}},"20":{"start":{"line":31,"column":4},"end":{"line":31,"column":18}},"21":{"start":{"line":35,"column":29},"end":{"line":37,"column":1}},"22":{"start":{"line":36,"column":2},"end":{"line":36,"column":45}},"23":{"start":{"line":39,"column":29},"end":{"line":57,"column":1}},"24":{"start":{"line":40,"column":2},"end":{"line":56,"column":3}},"25":{"start":{"line":41,"column":21},"end":{"line":50,"column":6}},"26":{"start":{"line":42,"column":6},"end":{"line":49,"column":9}},"27":{"start":{"line":43,"column":8},"end":{"line":48,"column":9}},"28":{"start":{"line":44,"column":22},"end":{"line":44,"column":34}},"29":{"start":{"line":45,"column":10},"end":{"line":45,"column":24}},"30":{"start":{"line":46,"column":10},"end":{"line":46,"column":39}},"31":{"start":{"line":47,"column":10},"end":{"line":47,"column":34}},"32":{"start":{"line":52,"column":4},"end":{"line":52,"column":37}},"33":{"start":{"line":53,"column":4},"end":{"line":53,"column":33}},"34":{"start":{"line":55,"column":4},"end":{"line":55,"column":25}},"35":{"start":{"line":59,"column":34},"end":{"line":66,"column":1}},"36":{"start":{"line":60,"column":16},"end":{"line":60,"column":33}},"37":{"start":{"line":61,"column":17},"end":{"line":61,"column":21}},"38":{"start":{"line":62,"column":14},"end":{"line":62,"column":31}},"39":{"start":{"line":64,"column":2},"end":{"line":64,"column":58}},"40":{"start":{"line":65,"column":2},"end":{"line":65,"column":16}},"41":{"start":{"line":68,"column":31},"end":{"line":78,"column":1}},"42":{"start":{"line":69,"column":2},"end":{"line":77,"column":3}},"43":{"start":{"line":70,"column":4},"end":{"line":76,"column":7}},"44":{"start":{"line":71,"column":6},"end":{"line":71,"column":26}},"45":{"start":{"line":72,"column":6},"end":{"line":72,"column":26}},"46":{"start":{"line":73,"column":6},"end":{"line":73,"column":26}},"47":{"start":{"line":74,"column":6},"end":{"line":74,"column":26}},"48":{"start":{"line":75,"column":6},"end":{"line":75,"column":27}},"49":{"start":{"line":80,"column":33},"end":{"line":86,"column":1}},"50":{"start":{"line":81,"column":2},"end":{"line":85,"column":3}},"51":{"start":{"line":82,"column":4},"end":{"line":82,"column":34}},"52":{"start":{"line":84,"column":4},"end":{"line":84,"column":30}}},"fnMap":{"0":{"name":"(anonymous_0)","decl":{"start":{"line":3,"column":24},"end":{"line":3,"column":25}},"loc":{"start":{"line":3,"column":40},"end":{"line":13,"column":1}},"line":3},"1":{"name":"executedFunction","decl":{"start":{"line":5,"column":18},"end":{"line":5,"column":34}},"loc":{"start":{"line":5,"column":44},"end":{"line":12,"column":3}},"line":5},"2":{"name":"(anonymous_2)","decl":{"start":{"line":6,"column":18},"end":{"line":6,"column":19}},"loc":{"start":{"line":6,"column":24},"end":{"line":9,"column":5}},"line":6},"3":{"name":"(anonymous_3)","decl":{"start":{"line":15,"column":24},"end":{"line":15,"column":25}},"loc":{"start":{"line":15,"column":41},"end":{"line":24,"column":1}},"line":15},"4":{"name":"(anonymous_4)","decl":{"start":{"line":17,"column":9},"end":{"line":17,"column":10}},"loc":{"start":{"line":17,"column":27},"end":{"line":23,"column":3}},"line":17},"5":{"name":"(anonymous_5)","decl":{"start":{"line":21,"column":17},"end":{"line":21,"column":18}},"loc":{"start":{"line":21,"column":23},"end":{"line":21,"column":41}},"line":21},"6":{"name":"(anonymous_6)","decl":{"start":{"line":26,"column":28},"end":{"line":26,"column":29}},"loc":{"start":{"line":26,"column":37},"end":{"line":33,"column":1}},"line":26},"7":{"name":"(anonymous_7)","decl":{"start":{"line":27,"column":21},"end":{"line":27,"column":22}},"loc":{"start":{"line":27,"column":42},"end":{"line":32,"column":3}},"line":27},"8":{"name":"(anonymous_8)","decl":{"start":{"line":29,"column":17},"end":{"line":29,"column":18}},"loc":{"start":{"line":29,"column":23},"end":{"line":29,"column":35}},"line":29},"9":{"name":"(anonymous_9)","decl":{"start":{"line":35,"column":29},"end":{"line":35,"column":30}},"loc":{"start":{"line":35,"column":39},"end":{"line":37,"column":1}},"line":35},"10":{"name":"(anonymous_10)","decl":{"start":{"line":39,"column":29},"end":{"line":39,"column":30}},"loc":{"start":{"line":39,"column":50},"end":{"line":57,"column":1}},"line":39},"11":{"name":"(anonymous_11)","decl":{"start":{"line":41,"column":46},"end":{"line":41,"column":47}},"loc":{"start":{"line":41,"column":69},"end":{"line":50,"column":5}},"line":41},"12":{"name":"(anonymous_12)","decl":{"start":{"line":42,"column":22},"end":{"line":42,"column":23}},"loc":{"start":{"line":42,"column":31},"end":{"line":49,"column":7}},"line":42},"13":{"name":"(anonymous_13)","decl":{"start":{"line":59,"column":34},"end":{"line":59,"column":35}},"loc":{"start":{"line":59,"column":48},"end":{"line":66,"column":1}},"line":59},"14":{"name":"(anonymous_14)","decl":{"start":{"line":68,"column":31},"end":{"line":68,"column":32}},"loc":{"start":{"line":68,"column":48},"end":{"line":78,"column":1}},"line":68},"15":{"name":"(anonymous_15)","decl":{"start":{"line":70,"column":30},"end":{"line":70,"column":31}},"loc":{"start":{"line":70,"column":79},"end":{"line":76,"column":5}},"line":70},"16":{"name":"(anonymous_16)","decl":{"start":{"line":80,"column":33},"end":{"line":80,"column":34}},"loc":{"start":{"line":80,"column":47},"end":{"line":86,"column":1}},"line":80}},"branchMap":{"0":{"loc":{"start":{"line":18,"column":4},"end":{"line":22,"column":5}},"type":"if","locations":[{"start":{"line":18,"column":4},"end":{"line":22,"column":5}},{"start":{},"end":{}}],"line":18},"1":{"loc":{"start":{"line":40,"column":2},"end":{"line":56,"column":3}},"type":"if","locations":[{"start":{"line":40,"column":2},"end":{"line":56,"column":3}},{"start":{"line":54,"column":9},"end":{"line":56,"column":3}}],"line":40},"2":{"loc":{"start":{"line":43,"column":8},"end":{"line":48,"column":9}},"type":"if","locations":[{"start":{"line":43,"column":8},"end":{"line":48,"column":9}},{"start":{},"end":{}}],"line":43},"3":{"loc":{"start":{"line":69,"column":2},"end":{"line":77,"column":3}},"type":"if","locations":[{"start":{"line":69,"column":2},"end":{"line":77,"column":3}},{"start":{},"end":{}}],"line":69},"4":{"loc":{"start":{"line":69,"column":6},"end":{"line":69,"column":52}},"type":"binary-expr","locations":[{"start":{"line":69,"column":6},"end":{"line":69,"column":17}},{"start":{"line":69,"column":21},"end":{"line":69,"column":52}}],"line":69},"5":{"loc":{"start":{"line":81,"column":2},"end":{"line":85,"column":3}},"type":"if","locations":[{"start":{"line":81,"column":2},"end":{"line":85,"column":3}},{"start":{"line":83,"column":9},"end":{"line":85,"column":3}}],"line":81}},"s":{"0":0,"1":0,"2":0,"3":0,"4":0,"5":0,"6":0,"7":0,"8":0,"9":0,"10":0,"11":0,"12":0,"13":0,"14":0,"15":0,"16":0,"17":0,"18":0,"19":0,"20":0,"21":0,"22":0,"23":0,"24":0,"25":0,"26":0,"27":0,"28":0,"29":0,"30":0,"31":0,"32":0,"33":0,"34":0,"35":0,"36":0,"37":0,"38":0,"39":0,"40":0,"41":0,"42":0,"43":0,"44":0,"45":0,"46":0,"47":0,"48":0,"49":0,"50":0,"51":0,"52":0},"f":{"0":0,"1":0,"2":0,"3":0,"4":0,"5":0,"6":0,"7":0,"8":0,"9":0,"10":0,"11":0,"12":0,"13":0,"14":0,"15":0,"16":0},"b":{"0":[0,0],"1":[0,0],"2":[0,0],"3":[0,0],"4":[0,0],"5":[0,0]}}
,"D:\\WORKSPACE\\SANDBOX\\apps\\anne-tom-react-site\\src\\utils\\security.js": {"path":"D:\\WORKSPACE\\SANDBOX\\apps\\anne-tom-react-site\\src\\utils\\security.js","statementMap":{"0":{"start":{"line":3,"column":29},"end":{"line":10,"column":1}},"1":{"start":{"line":4,"column":2},"end":{"line":4,"column":46}},"2":{"start":{"line":4,"column":33},"end":{"line":4,"column":46}},"3":{"start":{"line":6,"column":2},"end":{"line":9,"column":24}},"4":{"start":{"line":12,"column":29},"end":{"line":15,"column":1}},"5":{"start":{"line":13,"column":13},"end":{"line":13,"column":41}},"6":{"start":{"line":14,"column":2},"end":{"line":14,"column":24}},"7":{"start":{"line":17,"column":29},"end":{"line":20,"column":1}},"8":{"start":{"line":18,"column":13},"end":{"line":18,"column":26}},"9":{"start":{"line":19,"column":2},"end":{"line":19,"column":43}},"10":{"start":{"line":22,"column":27},"end":{"line":25,"column":1}},"11":{"start":{"line":23,"column":13},"end":{"line":23,"column":23}},"12":{"start":{"line":24,"column":2},"end":{"line":24,"column":41}},"13":{"start":{"line":27,"column":31},"end":{"line":30,"column":1}},"14":{"start":{"line":28,"column":2},"end":{"line":29,"column":53}},"15":{"start":{"line":32,"column":31},"end":{"line":37,"column":1}},"16":{"start":{"line":33,"column":18},"end":{"line":33,"column":28}},"17":{"start":{"line":34,"column":2},"end":{"line":34,"column":68}},"18":{"start":{"line":36,"column":2},"end":{"line":36,"column":102}},"19":{"start":{"line":39,"column":31},"end":{"line":49,"column":1}},"20":{"start":{"line":40,"column":17},"end":{"line":40,"column":27}},"21":{"start":{"line":41,"column":13},"end":{"line":41,"column":39}},"22":{"start":{"line":43,"column":2},"end":{"line":47,"column":3}},"23":{"start":{"line":43,"column":14},"end":{"line":43,"column":15}},"24":{"start":{"line":44,"column":12},"end":{"line":44,"column":17}},"25":{"start":{"line":45,"column":4},"end":{"line":45,"column":61}},"26":{"start":{"line":45,"column":32},"end":{"line":45,"column":61}},"27":{"start":{"line":46,"column":4},"end":{"line":46,"column":77}},"28":{"start":{"line":46,"column":33},"end":{"line":46,"column":77}},"29":{"start":{"line":48,"column":2},"end":{"line":48,"column":14}},"30":{"start":{"line":51,"column":25},"end":{"line":74,"column":4}},"31":{"start":{"line":52,"column":19},"end":{"line":52,"column":28}},"32":{"start":{"line":54,"column":2},"end":{"line":73,"column":4}},"33":{"start":{"line":55,"column":16},"end":{"line":55,"column":26}},"34":{"start":{"line":56,"column":24},"end":{"line":56,"column":38}},"35":{"start":{"line":58,"column":4},"end":{"line":60,"column":5}},"36":{"start":{"line":59,"column":6},"end":{"line":59,"column":28}},"37":{"start":{"line":62,"column":24},"end":{"line":62,"column":41}},"38":{"start":{"line":63,"column":26},"end":{"line":63,"column":72}},"39":{"start":{"line":63,"column":53},"end":{"line":63,"column":71}},"40":{"start":{"line":65,"column":4},"end":{"line":67,"column":5}},"41":{"start":{"line":66,"column":6},"end":{"line":66,"column":19}},"42":{"start":{"line":69,"column":4},"end":{"line":69,"column":28}},"43":{"start":{"line":70,"column":4},"end":{"line":70,"column":37}},"44":{"start":{"line":72,"column":4},"end":{"line":72,"column":16}}},"fnMap":{"0":{"name":"(anonymous_0)","decl":{"start":{"line":3,"column":29},"end":{"line":3,"column":30}},"loc":{"start":{"line":3,"column":40},"end":{"line":10,"column":1}},"line":3},"1":{"name":"(anonymous_1)","decl":{"start":{"line":12,"column":29},"end":{"line":12,"column":30}},"loc":{"start":{"line":12,"column":40},"end":{"line":15,"column":1}},"line":12},"2":{"name":"(anonymous_2)","decl":{"start":{"line":17,"column":29},"end":{"line":17,"column":30}},"loc":{"start":{"line":17,"column":40},"end":{"line":20,"column":1}},"line":17},"3":{"name":"(anonymous_3)","decl":{"start":{"line":22,"column":27},"end":{"line":22,"column":28}},"loc":{"start":{"line":22,"column":36},"end":{"line":25,"column":1}},"line":22},"4":{"name":"(anonymous_4)","decl":{"start":{"line":27,"column":31},"end":{"line":27,"column":32}},"loc":{"start":{"line":27,"column":37},"end":{"line":30,"column":1}},"line":27},"5":{"name":"(anonymous_5)","decl":{"start":{"line":32,"column":31},"end":{"line":32,"column":32}},"loc":{"start":{"line":32,"column":58},"end":{"line":37,"column":1}},"line":32},"6":{"name":"(anonymous_6)","decl":{"start":{"line":39,"column":31},"end":{"line":39,"column":32}},"loc":{"start":{"line":39,"column":41},"end":{"line":49,"column":1}},"line":39},"7":{"name":"(anonymous_7)","decl":{"start":{"line":51,"column":26},"end":{"line":51,"column":27}},"loc":{"start":{"line":51,"column":32},"end":{"line":74,"column":1}},"line":51},"8":{"name":"(anonymous_8)","decl":{"start":{"line":54,"column":9},"end":{"line":54,"column":10}},"loc":{"start":{"line":54,"column":35},"end":{"line":73,"column":3}},"line":54},"9":{"name":"(anonymous_9)","decl":{"start":{"line":63,"column":45},"end":{"line":63,"column":46}},"loc":{"start":{"line":63,"column":53},"end":{"line":63,"column":71}},"line":63}},"branchMap":{"0":{"loc":{"start":{"line":4,"column":2},"end":{"line":4,"column":46}},"type":"if","locations":[{"start":{"line":4,"column":2},"end":{"line":4,"column":46}},{"start":{},"end":{}}],"line":4},"1":{"loc":{"start":{"line":32,"column":45},"end":{"line":32,"column":53}},"type":"default-arg","locations":[{"start":{"line":32,"column":52},"end":{"line":32,"column":53}}],"line":32},"2":{"loc":{"start":{"line":46,"column":4},"end":{"line":46,"column":77}},"type":"if","locations":[{"start":{"line":46,"column":4},"end":{"line":46,"column":77}},{"start":{},"end":{}}],"line":46},"3":{"loc":{"start":{"line":58,"column":4},"end":{"line":60,"column":5}},"type":"if","locations":[{"start":{"line":58,"column":4},"end":{"line":60,"column":5}},{"start":{},"end":{}}],"line":58},"4":{"loc":{"start":{"line":65,"column":4},"end":{"line":67,"column":5}},"type":"if","locations":[{"start":{"line":65,"column":4},"end":{"line":67,"column":5}},{"start":{},"end":{}}],"line":65}},"s":{"0":0,"1":0,"2":0,"3":0,"4":0,"5":0,"6":0,"7":0,"8":0,"9":0,"10":0,"11":0,"12":0,"13":0,"14":0,"15":0,"16":0,"17":0,"18":0,"19":0,"20":0,"21":0,"22":0,"23":0,"24":0,"25":0,"26":0,"27":0,"28":0,"29":0,"30":0,"31":0,"32":0,"33":0,"34":0,"35":0,"36":0,"37":0,"38":0,"39":0,"40":0,"41":0,"42":0,"43":0,"44":0},"f":{"0":0,"1":0,"2":0,"3":0,"4":0,"5":0,"6":0,"7":0,"8":0,"9":0},"b":{"0":[0,0],"1":[0],"2":[0,0],"3":[0,0],"4":[0,0]}}
,"D:\\WORKSPACE\\SANDBOX\\apps\\anne-tom-react-site\\src\\utils\\seo.js": {"path":"D:\\WORKSPACE\\SANDBOX\\apps\\anne-tom-react-site\\src\\utils\\seo.js","statementMap":{"0":{"start":{"line":3,"column":43},"end":{"line":20,"column":2}},"1":{"start":{"line":3,"column":55},"end":{"line":20,"column":1}},"2":{"start":{"line":22,"column":48},"end":{"line":31,"column":2}},"3":{"start":{"line":22,"column":66},"end":{"line":31,"column":1}},"4":{"start":{"line":25,"column":56},"end":{"line":30,"column":3}},"5":{"start":{"line":33,"column":41},"end":{"line":44,"column":2}},"6":{"start":{"line":33,"column":52},"end":{"line":44,"column":1}},"7":{"start":{"line":36,"column":33},"end":{"line":43,"column":3}},"8":{"start":{"line":46,"column":37},"end":{"line":59,"column":1}},"9":{"start":{"line":47,"column":27},"end":{"line":56,"column":3}},"10":{"start":{"line":58,"column":2},"end":{"line":58,"column":42}},"11":{"start":{"line":61,"column":33},"end":{"line":64,"column":1}},"12":{"start":{"line":62,"column":2},"end":{"line":62,"column":24}},"13":{"start":{"line":62,"column":14},"end":{"line":62,"column":24}},"14":{"start":{"line":63,"column":2},"end":{"line":63,"column":52}},"15":{"start":{"line":66,"column":31},"end":{"line":69,"column":1}},"16":{"start":{"line":67,"column":25},"end":{"line":67,"column":59}},"17":{"start":{"line":68,"column":2},"end":{"line":68,"column":74}}},"fnMap":{"0":{"name":"(anonymous_0)","decl":{"start":{"line":3,"column":43},"end":{"line":3,"column":44}},"loc":{"start":{"line":3,"column":55},"end":{"line":20,"column":1}},"line":3},"1":{"name":"(anonymous_1)","decl":{"start":{"line":22,"column":48},"end":{"line":22,"column":49}},"loc":{"start":{"line":22,"column":66},"end":{"line":31,"column":1}},"line":22},"2":{"name":"(anonymous_2)","decl":{"start":{"line":25,"column":37},"end":{"line":25,"column":38}},"loc":{"start":{"line":25,"column":56},"end":{"line":30,"column":3}},"line":25},"3":{"name":"(anonymous_3)","decl":{"start":{"line":33,"column":41},"end":{"line":33,"column":42}},"loc":{"start":{"line":33,"column":52},"end":{"line":44,"column":1}},"line":33},"4":{"name":"(anonymous_4)","decl":{"start":{"line":36,"column":25},"end":{"line":36,"column":26}},"loc":{"start":{"line":36,"column":33},"end":{"line":43,"column":3}},"line":36},"5":{"name":"(anonymous_5)","decl":{"start":{"line":46,"column":37},"end":{"line":46,"column":38}},"loc":{"start":{"line":46,"column":51},"end":{"line":59,"column":1}},"line":46},"6":{"name":"(anonymous_6)","decl":{"start":{"line":61,"column":33},"end":{"line":61,"column":34}},"loc":{"start":{"line":61,"column":44},"end":{"line":64,"column":1}},"line":61},"7":{"name":"(anonymous_7)","decl":{"start":{"line":66,"column":31},"end":{"line":66,"column":32}},"loc":{"start":{"line":66,"column":59},"end":{"line":69,"column":1}},"line":66}},"branchMap":{"0":{"loc":{"start":{"line":6,"column":10},"end":{"line":6,"column":34}},"type":"binary-expr","locations":[{"start":{"line":6,"column":10},"end":{"line":6,"column":20}},{"start":{"line":6,"column":24},"end":{"line":6,"column":34}}],"line":6},"1":{"loc":{"start":{"line":7,"column":17},"end":{"line":7,"column":103}},"type":"binary-expr","locations":[{"start":{"line":7,"column":17},"end":{"line":7,"column":54}},{"start":{"line":7,"column":58},"end":{"line":7,"column":75}},{"start":{"line":7,"column":79},"end":{"line":7,"column":103}}],"line":7},"2":{"loc":{"start":{"line":7,"column":18},"end":{"line":7,"column":42}},"type":"binary-expr","locations":[{"start":{"line":7,"column":18},"end":{"line":7,"column":36}},{"start":{"line":7,"column":40},"end":{"line":7,"column":42}}],"line":7},"3":{"loc":{"start":{"line":10,"column":13},"end":{"line":10,"column":59}},"type":"binary-expr","locations":[{"start":{"line":10,"column":13},"end":{"line":10,"column":31}},{"start":{"line":10,"column":35},"end":{"line":10,"column":52}},{"start":{"line":10,"column":56},"end":{"line":10,"column":59}}],"line":10},"4":{"loc":{"start":{"line":18,"column":21},"end":{"line":19,"column":95}},"type":"cond-expr","locations":[{"start":{"line":18,"column":52},"end":{"line":18,"column":82}},{"start":{"line":19,"column":21},"end":{"line":19,"column":95}}],"line":18},"5":{"loc":{"start":{"line":19,"column":21},"end":{"line":19,"column":95}},"type":"cond-expr","locations":[{"start":{"line":19,"column":53},"end":{"line":19,"column":88}},{"start":{"line":19,"column":91},"end":{"line":19,"column":95}}],"line":19},"6":{"loc":{"start":{"line":58,"column":9},"end":{"line":58,"column":41}},"type":"binary-expr","locations":[{"start":{"line":58,"column":9},"end":{"line":58,"column":35}},{"start":{"line":58,"column":39},"end":{"line":58,"column":41}}],"line":58},"7":{"loc":{"start":{"line":62,"column":2},"end":{"line":62,"column":24}},"type":"if","locations":[{"start":{"line":62,"column":2},"end":{"line":62,"column":24}},{"start":{},"end":{}}],"line":62}},"s":{"0":0,"1":0,"2":0,"3":0,"4":0,"5":0,"6":0,"7":0,"8":0,"9":0,"10":0,"11":0,"12":0,"13":0,"14":0,"15":0,"16":0,"17":0},"f":{"0":0,"1":0,"2":0,"3":0,"4":0,"5":0,"6":0,"7":0},"b":{"0":[0,0],"1":[0,0,0],"2":[0,0],"3":[0,0,0],"4":[0,0],"5":[0,0],"6":[0,0],"7":[0,0]}}
}
