TN:
SF:src\App.jsx
FN:13,(anonymous_0)
FN:14,(anonymous_1)
FN:15,(anonymous_2)
FN:16,(anonymous_3)
FN:17,(anonymous_4)
FN:18,(anonymous_5)
FN:19,(anonymous_6)
FN:20,(anonymous_7)
FN:21,(anonymous_8)
FN:22,(anonymous_9)
FN:23,(anonymous_10)
FN:24,(anonymous_11)
FN:25,(anonymous_12)
FN:26,(anonymous_13)
FN:27,(anonymous_14)
FN:29,(anonymous_15)
FN:32,(anonymous_16)
FN:34,(anonymous_17)
FN:80,(anonymous_18)
FNF:19
FNH:0
FNDA:0,(anonymous_0)
FNDA:0,(anonymous_1)
FNDA:0,(anonymous_2)
FNDA:0,(anonymous_3)
FNDA:0,(anonymous_4)
FNDA:0,(anonymous_5)
FNDA:0,(anonymous_6)
FNDA:0,(anonymous_7)
FNDA:0,(anonymous_8)
FNDA:0,(anonymous_9)
FNDA:0,(anonymous_10)
FNDA:0,(anonymous_11)
FNDA:0,(anonymous_12)
FNDA:0,(anonymous_13)
FNDA:0,(anonymous_14)
FNDA:0,(anonymous_15)
FNDA:0,(anonymous_16)
FNDA:0,(anonymous_17)
FNDA:0,(anonymous_18)
DA:13,0
DA:14,0
DA:15,0
DA:16,0
DA:17,0
DA:18,0
DA:19,0
DA:20,0
DA:21,0
DA:22,0
DA:23,0
DA:24,0
DA:25,0
DA:26,0
DA:27,0
DA:29,0
DA:30,0
DA:32,0
DA:34,0
DA:35,0
DA:43,0
DA:50,0
DA:80,0
DA:81,0
LF:24
LH:0
BRF:0
BRH:0
end_of_record
TN:
SF:src\index.js
FN:11,trackErrorEvent
FN:26,(anonymous_1)
FN:30,(anonymous_2)
FN:40,(anonymous_3)
FNF:4
FNH:0
FNDA:0,trackErrorEvent
FNDA:0,(anonymous_1)
FNDA:0,(anonymous_2)
FNDA:0,(anonymous_3)
DA:8,0
DA:9,0
DA:12,0
DA:13,0
DA:21,0
DA:30,0
DA:31,0
DA:40,0
DA:41,0
DA:42,0
DA:48,0
DA:49,0
LF:12
LH:0
BRDA:8,0,0,0
BRDA:8,0,1,0
BRDA:11,1,0,0
BRDA:18,2,0,0
BRDA:18,2,1,0
BRDA:32,3,0,0
BRDA:32,3,1,0
BRDA:32,3,2,0
BRDA:33,4,0,0
BRDA:33,4,1,0
BRDA:34,5,0,0
BRDA:34,5,1,0
BRDA:35,6,0,0
BRDA:35,6,1,0
BRDA:36,7,0,0
BRDA:36,7,1,0
BRDA:43,8,0,0
BRDA:43,8,1,0
BRDA:43,8,2,0
BRDA:44,9,0,0
BRDA:44,9,1,0
BRF:21
BRH:0
end_of_record
TN:
SF:src\api\server.js
FN:26,(anonymous_0)
FN:28,(anonymous_1)
FN:40,(anonymous_2)
FN:44,(anonymous_3)
FN:45,(anonymous_4)
FN:50,(anonymous_5)
FN:55,(anonymous_6)
FN:59,(anonymous_7)
FN:60,(anonymous_8)
FN:62,(anonymous_9)
FN:66,(anonymous_10)
FN:78,(anonymous_11)
FN:87,(anonymous_12)
FN:92,(anonymous_13)
FN:93,(anonymous_14)
FN:94,(anonymous_15)
FN:107,(anonymous_16)
FN:121,(anonymous_17)
FN:133,(anonymous_18)
FN:147,(anonymous_19)
FN:159,(anonymous_20)
FN:173,(anonymous_21)
FN:183,(anonymous_22)
FN:193,(anonymous_23)
FN:205,(anonymous_24)
FN:220,(anonymous_25)
FN:226,(anonymous_26)
FNF:27
FNH:3
FNDA:10,(anonymous_0)
FNDA:5,(anonymous_1)
FNDA:0,(anonymous_2)
FNDA:0,(anonymous_3)
FNDA:0,(anonymous_4)
FNDA:0,(anonymous_5)
FNDA:0,(anonymous_6)
FNDA:0,(anonymous_7)
FNDA:0,(anonymous_8)
FNDA:0,(anonymous_9)
FNDA:0,(anonymous_10)
FNDA:0,(anonymous_11)
FNDA:0,(anonymous_12)
FNDA:0,(anonymous_13)
FNDA:0,(anonymous_14)
FNDA:0,(anonymous_15)
FNDA:0,(anonymous_16)
FNDA:0,(anonymous_17)
FNDA:0,(anonymous_18)
FNDA:0,(anonymous_19)
FNDA:0,(anonymous_20)
FNDA:10,(anonymous_21)
FNDA:0,(anonymous_22)
FNDA:0,(anonymous_23)
FNDA:0,(anonymous_24)
FNDA:0,(anonymous_25)
FNDA:0,(anonymous_26)
DA:5,5
DA:8,5
DA:9,5
DA:10,5
DA:13,5
DA:19,5
DA:25,5
DA:26,10
DA:27,5
DA:28,5
DA:29,5
DA:30,5
DA:31,5
DA:36,5
DA:40,5
DA:44,0
DA:46,0
DA:51,0
DA:55,5
DA:59,0
DA:60,0
DA:62,0
DA:66,5
DA:67,0
DA:68,0
DA:69,0
DA:71,0
DA:74,0
DA:78,5
DA:79,0
DA:80,0
DA:81,0
DA:82,0
DA:87,0
DA:88,0
DA:92,0
DA:93,0
DA:94,0
DA:97,0
DA:98,0
DA:102,5
DA:107,0
DA:121,5
DA:122,0
DA:123,0
DA:126,0
DA:128,0
DA:129,0
DA:133,5
DA:134,0
DA:135,0
DA:136,0
DA:140,0
DA:142,0
DA:143,0
DA:147,5
DA:148,0
DA:149,0
DA:152,0
DA:154,0
DA:155,0
DA:159,5
DA:160,0
DA:161,0
DA:162,0
DA:166,0
DA:168,0
DA:169,0
DA:173,5
DA:174,10
DA:175,10
DA:176,0
DA:178,0
DA:179,0
DA:183,5
DA:184,0
DA:185,0
DA:186,0
DA:188,0
DA:189,0
DA:193,5
DA:194,0
DA:195,0
DA:198,0
DA:200,0
DA:201,0
DA:205,5
DA:206,0
DA:207,0
DA:211,0
DA:213,0
DA:214,0
DA:220,5
DA:221,0
DA:222,0
DA:226,5
DA:227,0
DA:228,0
DA:232,5
LF:99
LH:32
BRDA:5,0,0,5
BRDA:5,0,1,0
BRDA:6,1,0,5
BRDA:6,1,1,5
BRDA:10,2,0,5
BRDA:10,2,1,5
BRDA:13,3,0,5
BRDA:13,3,1,5
BRDA:13,3,2,5
BRDA:13,3,3,5
BRDA:13,3,4,5
BRDA:19,4,0,5
BRDA:19,4,1,5
BRDA:19,4,2,5
BRDA:25,5,0,5
BRDA:25,5,1,5
BRDA:26,6,0,10
BRDA:26,6,1,0
BRDA:30,7,0,0
BRDA:30,7,1,5
BRDA:31,8,0,0
BRDA:31,8,1,5
BRDA:36,9,0,5
BRDA:36,9,1,5
BRDA:36,9,2,0
BRDA:41,10,0,0
BRDA:41,10,1,0
BRDA:46,11,0,0
BRDA:46,11,1,0
BRDA:51,12,0,0
BRDA:51,12,1,0
BRDA:51,13,0,0
BRDA:51,13,1,0
BRDA:67,14,0,0
BRDA:67,14,1,0
BRDA:81,15,0,0
BRDA:81,15,1,0
BRDA:111,16,0,0
BRDA:111,16,1,5
BRDA:112,17,0,0
BRDA:112,17,1,5
BRDA:112,18,0,5
BRDA:112,18,1,5
BRDA:112,18,2,5
BRDA:220,19,0,0
BRDA:226,20,0,0
BRF:46
BRH:25
end_of_record
TN:
SF:src\components\checkout\CarrinhoStep.jsx
FN:5,(anonymous_0)
FN:24,(anonymous_1)
FN:28,(anonymous_2)
FN:45,(anonymous_3)
FN:79,(anonymous_4)
FN:89,(anonymous_5)
FNF:6
FNH:2
FNDA:2,(anonymous_0)
FNDA:2,(anonymous_1)
FNDA:0,(anonymous_2)
FNDA:0,(anonymous_3)
FNDA:0,(anonymous_4)
FNDA:0,(anonymous_5)
DA:5,1
DA:6,2
DA:11,2
DA:12,0
DA:22,2
DA:25,2
DA:28,0
DA:33,2
DA:46,0
DA:80,0
DA:89,0
LF:11
LH:6
BRDA:11,0,0,0
BRDA:11,0,1,2
BRDA:25,1,0,0
BRDA:25,1,1,2
BRDA:27,2,0,0
BRDA:27,2,1,2
BRDA:29,3,0,0
BRDA:29,3,1,2
BRDA:43,4,0,2
BRDA:43,4,1,0
BRDA:57,5,0,2
BRDA:57,5,1,0
BRDA:62,6,0,2
BRDA:62,6,1,0
BRDA:62,6,2,0
BRDA:83,7,0,0
BRDA:83,7,1,0
BRF:17
BRH:7
end_of_record
TN:
SF:src\components\checkout\CheckoutHeader.jsx
FN:5,(anonymous_0)
FNF:1
FNH:0
FNDA:0,(anonymous_0)
DA:5,0
DA:6,0
LF:2
LH:0
BRF:0
BRH:0
end_of_record
TN:
SF:src\components\checkout\DadosStep.jsx
FN:7,(anonymous_0)
FN:35,(anonymous_1)
FN:37,(anonymous_2)
FN:51,(anonymous_3)
FN:53,(anonymous_4)
FN:59,(anonymous_5)
FN:65,(anonymous_6)
FN:70,(anonymous_7)
FN:72,(anonymous_8)
FN:83,(anonymous_9)
FN:85,(anonymous_10)
FN:129,(anonymous_11)
FN:135,(anonymous_12)
FN:139,(anonymous_13)
FN:165,(anonymous_14)
FN:174,(anonymous_15)
FN:235,(anonymous_16)
FN:244,(anonymous_17)
FN:280,(anonymous_18)
FN:281,(anonymous_19)
FN:291,(anonymous_20)
FN:292,(anonymous_21)
FN:354,(anonymous_22)
FN:363,(anonymous_23)
FN:377,(anonymous_24)
FN:386,(anonymous_25)
FN:400,(anonymous_26)
FN:409,(anonymous_27)
FN:422,(anonymous_28)
FN:500,(anonymous_29)
FN:511,(anonymous_30)
FNF:31
FNH:4
FNDA:1,(anonymous_0)
FNDA:1,(anonymous_1)
FNDA:0,(anonymous_2)
FNDA:1,(anonymous_3)
FNDA:0,(anonymous_4)
FNDA:0,(anonymous_5)
FNDA:0,(anonymous_6)
FNDA:0,(anonymous_7)
FNDA:0,(anonymous_8)
FNDA:0,(anonymous_9)
FNDA:0,(anonymous_10)
FNDA:1,(anonymous_11)
FNDA:0,(anonymous_12)
FNDA:0,(anonymous_13)
FNDA:0,(anonymous_14)
FNDA:0,(anonymous_15)
FNDA:0,(anonymous_16)
FNDA:0,(anonymous_17)
FNDA:0,(anonymous_18)
FNDA:0,(anonymous_19)
FNDA:0,(anonymous_20)
FNDA:0,(anonymous_21)
FNDA:0,(anonymous_22)
FNDA:0,(anonymous_23)
FNDA:0,(anonymous_24)
FNDA:0,(anonymous_25)
FNDA:0,(anonymous_26)
FNDA:0,(anonymous_27)
FNDA:0,(anonymous_28)
FNDA:0,(anonymous_29)
FNDA:0,(anonymous_30)
DA:5,1
DA:7,1
DA:30,1
DA:35,1
DA:37,1
DA:38,0
DA:39,0
DA:40,0
DA:41,0
DA:43,0
DA:44,0
DA:48,0
DA:51,1
DA:53,1
DA:54,0
DA:55,0
DA:56,0
DA:59,1
DA:60,0
DA:61,0
DA:62,0
DA:65,1
DA:66,0
DA:67,0
DA:70,1
DA:71,0
DA:72,0
DA:83,1
DA:84,0
DA:85,0
DA:92,1
DA:93,1
DA:95,1
DA:98,1
DA:110,1
DA:116,1
DA:117,1
DA:118,1
DA:119,1
DA:120,1
DA:121,1
DA:122,1
DA:123,1
DA:124,1
DA:129,1
DA:130,1
DA:131,0
DA:132,0
DA:133,0
DA:135,0
DA:136,0
DA:139,0
DA:148,1
DA:165,0
DA:174,0
DA:236,0
DA:245,0
DA:281,0
DA:292,0
DA:355,0
DA:364,0
DA:378,0
DA:387,0
DA:401,0
DA:410,0
DA:423,0
DA:501,0
DA:511,0
LF:68
LH:28
BRDA:5,0,0,1
BRDA:5,0,1,1
BRDA:30,1,0,1
BRDA:30,1,1,1
BRDA:30,1,2,0
BRDA:30,1,3,0
BRDA:39,2,0,0
BRDA:39,2,1,0
BRDA:40,3,0,0
BRDA:40,3,1,0
BRDA:43,4,0,0
BRDA:43,4,1,0
BRDA:55,5,0,0
BRDA:55,5,1,0
BRDA:71,6,0,0
BRDA:71,6,1,0
BRDA:74,7,0,0
BRDA:74,7,1,0
BRDA:75,8,0,0
BRDA:75,8,1,0
BRDA:76,9,0,0
BRDA:76,9,1,0
BRDA:77,10,0,0
BRDA:77,10,1,0
BRDA:78,11,0,0
BRDA:78,11,1,0
BRDA:79,12,0,0
BRDA:79,12,1,0
BRDA:84,13,0,0
BRDA:84,13,1,0
BRDA:95,14,0,1
BRDA:95,14,1,1
BRDA:95,14,2,1
BRDA:110,15,0,1
BRDA:110,15,1,1
BRDA:110,15,2,1
BRDA:110,15,3,1
BRDA:110,15,4,1
BRDA:117,16,0,1
BRDA:117,16,1,0
BRDA:118,17,0,1
BRDA:118,17,1,0
BRDA:119,18,0,0
BRDA:119,18,1,1
BRDA:120,19,0,1
BRDA:120,19,1,0
BRDA:121,20,0,1
BRDA:121,20,1,0
BRDA:122,21,0,1
BRDA:122,21,1,0
BRDA:123,22,0,1
BRDA:123,22,1,0
BRDA:123,23,0,1
BRDA:123,23,1,1
BRDA:124,24,0,1
BRDA:124,24,1,0
BRDA:130,25,0,1
BRDA:130,25,1,0
BRDA:131,26,0,0
BRDA:131,26,1,0
BRDA:132,27,0,0
BRDA:132,27,1,0
BRDA:133,28,0,0
BRDA:133,28,1,0
BRDA:167,29,0,0
BRDA:167,29,1,1
BRDA:176,30,0,1
BRDA:176,30,1,0
BRDA:184,31,0,1
BRDA:184,31,1,0
BRDA:190,32,0,1
BRDA:190,32,1,1
BRDA:201,33,0,1
BRDA:201,33,1,0
BRDA:203,34,0,0
BRDA:203,34,1,0
BRDA:208,35,0,0
BRDA:208,35,1,0
BRDA:208,35,2,0
BRDA:213,36,0,0
BRDA:213,36,1,0
BRDA:221,37,0,0
BRDA:221,37,1,0
BRDA:221,37,2,0
BRDA:243,38,0,1
BRDA:243,38,1,1
BRDA:253,39,0,1
BRDA:253,39,1,1
BRDA:253,39,2,0
BRDA:262,40,0,1
BRDA:262,40,1,0
BRDA:284,41,0,1
BRDA:284,41,1,0
BRDA:295,42,0,0
BRDA:295,42,1,1
BRDA:303,43,0,1
BRDA:303,43,1,0
BRDA:310,44,0,0
BRDA:310,44,1,1
BRDA:310,45,0,1
BRDA:310,45,1,0
BRDA:323,46,0,1
BRDA:323,46,1,1
BRDA:339,47,0,0
BRDA:339,47,1,1
BRDA:344,48,0,1
BRDA:344,48,1,0
BRDA:348,49,0,1
BRDA:348,49,1,1
BRDA:371,50,0,1
BRDA:371,50,1,1
BRDA:394,51,0,1
BRDA:394,51,1,1
BRDA:417,52,0,1
BRDA:417,52,1,1
BRDA:431,53,0,0
BRDA:431,53,1,1
BRDA:436,54,0,0
BRDA:436,54,1,0
BRDA:436,54,2,0
BRDA:445,55,0,0
BRDA:445,55,1,0
BRDA:451,56,0,0
BRDA:451,56,1,0
BRDA:453,57,0,0
BRDA:453,57,1,0
BRDA:458,58,0,0
BRDA:458,58,1,0
BRDA:458,58,2,0
BRDA:465,59,0,0
BRDA:465,59,1,0
BRDA:465,59,2,0
BRDA:478,60,0,1
BRDA:478,60,1,0
BRDA:485,61,0,1
BRDA:485,61,1,1
BRDA:523,62,0,1
BRDA:523,62,1,0
BRF:138
BRH:56
end_of_record
TN:
SF:src\components\checkout\EnderecoMap.jsx
FN:7,(anonymous_0)
FN:9,(anonymous_1)
FN:13,(anonymous_2)
FN:38,(anonymous_3)
FN:51,(anonymous_4)
FN:65,(anonymous_5)
FN:77,(anonymous_6)
FN:105,(anonymous_7)
FN:126,(anonymous_8)
FN:144,(anonymous_9)
FN:150,(anonymous_10)
FN:178,(anonymous_11)
FN:190,(anonymous_12)
FN:201,(anonymous_13)
FN:218,(anonymous_14)
FN:219,(anonymous_15)
FN:220,(anonymous_16)
FN:222,(anonymous_17)
FN:231,(anonymous_18)
FN:243,(anonymous_19)
FN:244,(anonymous_20)
FN:245,(anonymous_21)
FN:254,(anonymous_22)
FN:272,(anonymous_23)
FN:283,(anonymous_24)
FN:308,(anonymous_25)
FN:318,(anonymous_26)
FN:324,(anonymous_27)
FN:334,(anonymous_28)
FNF:29
FNH:4
FNDA:0,(anonymous_0)
FNDA:0,(anonymous_1)
FNDA:0,(anonymous_2)
FNDA:0,(anonymous_3)
FNDA:0,(anonymous_4)
FNDA:0,(anonymous_5)
FNDA:3,(anonymous_6)
FNDA:0,(anonymous_7)
FNDA:0,(anonymous_8)
FNDA:0,(anonymous_9)
FNDA:0,(anonymous_10)
FNDA:0,(anonymous_11)
FNDA:1,(anonymous_12)
FNDA:0,(anonymous_13)
FNDA:0,(anonymous_14)
FNDA:0,(anonymous_15)
FNDA:0,(anonymous_16)
FNDA:0,(anonymous_17)
FNDA:0,(anonymous_18)
FNDA:0,(anonymous_19)
FNDA:0,(anonymous_20)
FNDA:0,(anonymous_21)
FNDA:0,(anonymous_22)
FNDA:1,(anonymous_23)
FNDA:0,(anonymous_24)
FNDA:0,(anonymous_25)
FNDA:0,(anonymous_26)
FNDA:0,(anonymous_27)
FNDA:2,(anonymous_28)
DA:5,1
DA:7,1
DA:8,0
DA:9,0
DA:10,0
DA:13,1
DA:14,0
DA:15,0
DA:16,0
DA:18,0
DA:22,0
DA:24,0
DA:25,0
DA:27,0
DA:38,1
DA:39,0
DA:40,0
DA:48,0
DA:51,1
DA:52,0
DA:53,0
DA:65,1
DA:66,0
DA:67,0
DA:68,0
DA:69,0
DA:70,0
DA:72,0
DA:73,0
DA:74,0
DA:77,1
DA:86,3
DA:87,3
DA:88,3
DA:89,3
DA:90,3
DA:91,3
DA:94,3
DA:95,3
DA:96,3
DA:98,3
DA:99,3
DA:100,3
DA:101,3
DA:102,3
DA:104,3
DA:106,0
DA:107,0
DA:108,0
DA:109,0
DA:110,0
DA:112,0
DA:113,0
DA:118,0
DA:119,0
DA:120,0
DA:125,3
DA:127,0
DA:128,0
DA:133,0
DA:134,0
DA:141,3
DA:143,3
DA:145,0
DA:146,0
DA:147,0
DA:148,0
DA:150,0
DA:151,0
DA:153,0
DA:154,0
DA:155,0
DA:156,0
DA:159,0
DA:160,0
DA:161,0
DA:162,0
DA:167,0
DA:169,0
DA:176,3
DA:178,3
DA:179,0
DA:180,0
DA:181,0
DA:182,0
DA:183,0
DA:188,3
DA:190,3
DA:191,1
DA:192,1
DA:193,1
DA:194,1
DA:196,0
DA:197,0
DA:198,0
DA:200,0
DA:202,0
DA:203,0
DA:204,0
DA:205,0
DA:206,0
DA:208,0
DA:209,0
DA:210,0
DA:211,0
DA:212,0
DA:213,0
DA:214,0
DA:217,0
DA:218,0
DA:219,0
DA:220,0
DA:223,0
DA:224,0
DA:225,0
DA:231,3
DA:232,0
DA:233,0
DA:234,0
DA:235,0
DA:237,0
DA:238,0
DA:239,0
DA:240,0
DA:241,0
DA:242,0
DA:243,0
DA:244,0
DA:245,0
DA:246,0
DA:248,0
DA:249,0
DA:250,0
DA:252,0
DA:255,0
DA:256,0
DA:257,0
DA:258,0
DA:260,0
DA:261,0
DA:262,0
DA:263,0
DA:264,0
DA:265,0
DA:266,0
DA:267,0
DA:272,3
DA:273,1
DA:274,1
DA:275,1
DA:276,1
DA:277,1
DA:280,0
DA:281,0
DA:282,0
DA:284,0
DA:285,0
DA:292,0
DA:300,0
DA:306,0
DA:308,0
DA:309,0
DA:310,0
DA:313,0
DA:314,0
DA:315,0
DA:319,0
DA:320,0
DA:321,0
DA:324,0
DA:325,0
DA:331,3
DA:332,3
DA:334,3
DA:335,2
DA:336,1
DA:337,1
DA:338,1
DA:339,1
DA:343,3
DA:345,3
LF:181
LH:50
BRDA:8,0,0,0
BRDA:8,0,1,0
BRDA:10,1,0,0
BRDA:10,1,1,0
BRDA:10,1,2,0
BRDA:14,2,0,0
BRDA:14,2,1,0
BRDA:18,3,0,0
BRDA:18,3,1,0
BRDA:18,3,2,0
BRDA:22,4,0,0
BRDA:22,4,1,0
BRDA:34,5,0,0
BRDA:34,5,1,0
BRDA:39,6,0,0
BRDA:39,6,1,0
BRDA:42,7,0,0
BRDA:42,7,1,0
BRDA:43,8,0,0
BRDA:43,8,1,0
BRDA:44,9,0,0
BRDA:44,9,1,0
BRDA:44,10,0,0
BRDA:44,10,1,0
BRDA:52,11,0,0
BRDA:52,11,1,0
BRDA:54,12,0,0
BRDA:54,12,1,0
BRDA:54,12,2,0
BRDA:54,12,3,0
BRDA:55,13,0,0
BRDA:55,13,1,0
BRDA:57,14,0,0
BRDA:57,14,1,0
BRDA:57,14,2,0
BRDA:57,14,3,0
BRDA:58,15,0,0
BRDA:58,15,1,0
BRDA:58,15,2,0
BRDA:58,15,3,0
BRDA:58,15,4,0
BRDA:59,16,0,0
BRDA:59,16,1,0
BRDA:60,17,0,0
BRDA:60,17,1,0
BRDA:61,18,0,0
BRDA:61,18,1,0
BRDA:67,19,0,0
BRDA:67,19,1,0
BRDA:68,20,0,0
BRDA:68,20,1,0
BRDA:68,21,0,0
BRDA:68,21,1,0
BRDA:73,22,0,0
BRDA:73,22,1,0
BRDA:79,23,0,3
BRDA:80,24,0,0
BRDA:81,25,0,0
BRDA:82,26,0,0
BRDA:109,27,0,0
BRDA:109,27,1,0
BRDA:109,28,0,0
BRDA:109,28,1,0
BRDA:112,29,0,0
BRDA:112,29,1,0
BRDA:112,29,2,0
BRDA:114,30,0,0
BRDA:114,30,1,0
BRDA:127,31,0,0
BRDA:127,31,1,0
BRDA:127,32,0,0
BRDA:127,32,1,0
BRDA:133,33,0,0
BRDA:133,33,1,0
BRDA:133,34,0,0
BRDA:133,34,1,0
BRDA:145,35,0,0
BRDA:145,35,1,0
BRDA:145,36,0,0
BRDA:145,36,1,0
BRDA:148,37,0,0
BRDA:148,37,1,0
BRDA:151,38,0,0
BRDA:151,38,1,0
BRDA:153,39,0,0
BRDA:153,39,1,0
BRDA:153,40,0,0
BRDA:153,40,1,0
BRDA:161,41,0,0
BRDA:161,41,1,0
BRDA:161,41,2,0
BRDA:163,42,0,0
BRDA:163,42,1,0
BRDA:179,43,0,0
BRDA:179,43,1,0
BRDA:179,44,0,0
BRDA:179,44,1,0
BRDA:182,45,0,0
BRDA:182,45,1,0
BRDA:191,46,0,0
BRDA:191,46,1,1
BRDA:192,47,0,1
BRDA:192,47,1,0
BRDA:202,48,0,0
BRDA:202,48,1,0
BRDA:203,49,0,0
BRDA:203,49,1,0
BRDA:203,50,0,0
BRDA:203,50,1,0
BRDA:209,51,0,0
BRDA:209,51,1,0
BRDA:209,52,0,0
BRDA:209,52,1,0
BRDA:232,53,0,0
BRDA:232,53,1,0
BRDA:233,54,0,0
BRDA:233,54,1,0
BRDA:233,55,0,0
BRDA:233,55,1,0
BRDA:238,56,0,0
BRDA:238,56,1,0
BRDA:238,57,0,0
BRDA:238,57,1,0
BRDA:256,58,0,0
BRDA:256,58,1,0
BRDA:256,59,0,0
BRDA:256,59,1,0
BRDA:264,60,0,0
BRDA:264,60,1,0
BRDA:264,60,2,0
BRDA:273,61,0,0
BRDA:273,61,1,1
BRDA:274,62,0,1
BRDA:274,62,1,0
BRDA:284,63,0,0
BRDA:284,63,1,0
BRDA:284,64,0,0
BRDA:284,64,1,0
BRDA:285,65,0,0
BRDA:285,65,1,0
BRDA:294,66,0,0
BRDA:294,66,1,0
BRDA:314,67,0,0
BRDA:314,67,1,0
BRDA:319,68,0,0
BRDA:319,68,1,0
BRDA:335,69,0,1
BRDA:335,69,1,1
BRDA:335,70,0,2
BRDA:335,70,1,2
BRDA:335,70,2,2
BRDA:336,71,0,0
BRDA:336,71,1,1
BRDA:336,72,0,1
BRDA:336,72,1,1
BRDA:337,73,0,0
BRDA:337,73,1,1
BRDA:343,74,0,3
BRDA:343,74,1,0
BRDA:343,74,2,0
BRDA:343,74,3,0
BRDA:351,75,0,3
BRDA:351,75,1,3
BRDA:359,76,0,3
BRDA:359,76,1,3
BRDA:364,77,0,3
BRDA:364,77,1,0
BRDA:371,78,0,3
BRDA:371,78,1,3
BRDA:373,79,0,0
BRDA:373,79,1,3
BRDA:375,80,0,2
BRDA:375,80,1,1
BRDA:386,81,0,3
BRDA:386,81,1,3
BRDA:389,82,0,3
BRDA:389,82,1,1
BRF:177
BRH:29
end_of_record
TN:
SF:src\components\checkout\PagamentoStep.jsx
FN:4,(anonymous_0)
FN:37,(anonymous_1)
FN:70,(anonymous_2)
FN:102,(anonymous_3)
FN:124,(anonymous_4)
FN:135,(anonymous_5)
FN:145,(anonymous_6)
FN:162,(anonymous_7)
FN:165,(anonymous_8)
FN:169,(anonymous_9)
FN:171,(anonymous_10)
FN:174,(anonymous_11)
FN:195,(anonymous_12)
FN:206,(anonymous_13)
FN:217,(anonymous_14)
FN:228,(anonymous_15)
FNF:16
FNH:6
FNDA:1,(anonymous_0)
FNDA:2,(anonymous_1)
FNDA:1,(anonymous_2)
FNDA:1,(anonymous_3)
FNDA:0,(anonymous_4)
FNDA:1,(anonymous_5)
FNDA:0,(anonymous_6)
FNDA:0,(anonymous_7)
FNDA:1,(anonymous_8)
FNDA:0,(anonymous_9)
FNDA:0,(anonymous_10)
FNDA:0,(anonymous_11)
FNDA:0,(anonymous_12)
FNDA:0,(anonymous_13)
FNDA:0,(anonymous_14)
FNDA:0,(anonymous_15)
DA:4,1
DA:5,1
DA:37,1
DA:38,2
DA:70,1
DA:71,1
DA:102,1
DA:116,1
DA:117,1
DA:119,1
DA:120,1
DA:121,1
DA:122,1
DA:124,1
DA:125,0
DA:126,0
DA:127,0
DA:128,0
DA:131,1
DA:133,1
DA:135,1
DA:136,1
DA:137,1
DA:138,1
DA:140,0
DA:141,0
DA:142,0
DA:143,0
DA:145,0
DA:146,0
DA:147,0
DA:148,0
DA:149,0
DA:151,0
DA:152,0
DA:153,0
DA:154,0
DA:160,0
DA:161,0
DA:162,0
DA:165,1
DA:166,1
DA:167,0
DA:170,0
DA:171,0
DA:172,0
DA:175,0
DA:180,1
DA:195,0
DA:206,0
DA:217,0
DA:228,0
LF:52
LH:23
BRDA:117,0,0,1
BRDA:117,0,1,0
BRDA:119,1,0,1
BRDA:119,1,1,1
BRDA:119,1,2,1
BRDA:120,2,0,1
BRDA:120,2,1,1
BRDA:125,3,0,0
BRDA:125,3,1,0
BRDA:127,4,0,0
BRDA:127,4,1,0
BRDA:131,5,0,0
BRDA:131,5,1,1
BRDA:133,6,0,0
BRDA:133,6,1,1
BRDA:136,7,0,1
BRDA:136,7,1,0
BRDA:141,8,0,0
BRDA:141,8,1,0
BRDA:147,9,0,0
BRDA:147,9,1,0
BRDA:166,10,0,0
BRDA:166,10,1,1
BRDA:166,11,0,1
BRDA:166,11,1,1
BRDA:166,11,2,0
BRDA:166,11,3,0
BRDA:186,12,0,1
BRDA:186,12,1,0
BRDA:197,13,0,1
BRDA:197,13,1,0
BRDA:208,14,0,0
BRDA:208,14,1,1
BRDA:219,15,0,0
BRDA:219,15,1,1
BRDA:230,16,0,0
BRDA:230,16,1,1
BRDA:238,17,0,1
BRDA:238,17,1,1
BRDA:250,18,0,1
BRDA:250,18,1,0
BRDA:253,19,0,1
BRDA:253,19,1,0
BRDA:268,20,0,0
BRDA:268,20,1,0
BRDA:271,21,0,0
BRDA:271,21,1,0
BRDA:286,22,0,1
BRDA:286,22,1,1
BRDA:286,22,2,1
BRDA:286,22,3,1
BRDA:294,23,0,1
BRDA:294,23,1,0
BRDA:317,24,0,0
BRDA:317,24,1,0
BRDA:320,25,0,0
BRDA:320,25,1,0
BRDA:328,26,0,1
BRDA:328,26,1,0
BRDA:356,27,0,1
BRDA:356,27,1,0
BRF:61
BRH:28
end_of_record
TN:
SF:src\components\checkout\PaymentIcons.jsx
FN:3,(anonymous_0)
FN:7,(anonymous_1)
FN:11,(anonymous_2)
FNF:3
FNH:0
FNDA:0,(anonymous_0)
FNDA:0,(anonymous_1)
FNDA:0,(anonymous_2)
DA:3,0
DA:4,0
DA:7,0
DA:8,0
DA:11,0
DA:12,0
LF:6
LH:0
BRDA:3,0,0,0
BRDA:7,1,0,0
BRDA:11,2,0,0
BRF:3
BRH:0
end_of_record
TN:
SF:src\components\checkout\ResumoLateral.jsx
FN:7,(anonymous_0)
FN:9,(anonymous_1)
FN:11,(anonymous_2)
FN:21,(anonymous_3)
FN:24,(anonymous_4)
FN:27,(anonymous_5)
FN:37,(anonymous_6)
FN:41,(anonymous_7)
FN:80,(anonymous_8)
FN:84,(anonymous_9)
FN:112,(anonymous_10)
FNF:11
FNH:4
FNDA:5,(anonymous_0)
FNDA:0,(anonymous_1)
FNDA:0,(anonymous_2)
FNDA:0,(anonymous_3)
FNDA:0,(anonymous_4)
FNDA:10,(anonymous_5)
FNDA:5,(anonymous_6)
FNDA:0,(anonymous_7)
FNDA:0,(anonymous_8)
FNDA:0,(anonymous_9)
FNDA:10,(anonymous_10)
DA:7,1
DA:8,5
DA:9,0
DA:11,5
DA:12,5
DA:13,5
DA:14,5
DA:15,0
DA:16,0
DA:18,5
DA:21,1
DA:22,0
DA:24,1
DA:25,0
DA:27,1
DA:35,10
DA:36,10
DA:37,5
DA:41,10
DA:42,0
DA:43,0
DA:44,0
DA:45,0
DA:47,0
DA:57,10
DA:58,0
DA:81,0
DA:84,0
DA:108,10
DA:113,10
LF:30
LH:17
BRDA:7,0,0,5
BRDA:9,1,0,0
BRDA:9,1,1,0
BRDA:12,2,0,0
BRDA:12,2,1,5
BRDA:22,3,0,0
BRDA:22,3,1,0
BRDA:25,4,0,0
BRDA:25,4,1,0
BRDA:42,5,0,0
BRDA:42,5,1,0
BRDA:45,6,0,0
BRDA:45,6,1,0
BRDA:57,7,0,0
BRDA:57,7,1,10
BRDA:69,8,0,0
BRDA:69,8,1,0
BRDA:75,9,0,0
BRDA:75,9,1,0
BRDA:97,10,0,0
BRDA:97,10,1,0
BRDA:122,11,0,10
BRDA:122,11,1,0
BRDA:122,11,2,0
BRDA:127,12,0,10
BRDA:127,12,1,10
BRDA:127,12,2,0
BRDA:132,13,0,10
BRDA:132,13,1,0
BRDA:137,14,0,10
BRDA:137,14,1,0
BRDA:137,14,2,0
BRDA:160,15,0,10
BRDA:160,15,1,0
BRF:34
BRH:9
end_of_record
TN:
SF:src\components\checkout\ResumoMobile.jsx
FN:4,(anonymous_0)
FN:13,(anonymous_1)
FN:25,(anonymous_2)
FN:32,(anonymous_3)
FNF:4
FNH:1
FNDA:5,(anonymous_0)
FNDA:0,(anonymous_1)
FNDA:0,(anonymous_2)
FNDA:0,(anonymous_3)
DA:4,1
DA:5,5
DA:6,5
DA:8,5
DA:13,0
DA:25,0
DA:33,0
LF:7
LH:4
BRDA:6,0,0,0
BRDA:6,0,1,5
BRDA:18,1,0,5
BRDA:18,1,1,0
BRDA:44,2,0,0
BRDA:44,2,1,0
BRDA:44,2,2,0
BRDA:49,3,0,0
BRDA:49,3,1,0
BRDA:49,3,2,0
BRDA:54,4,0,0
BRDA:54,4,1,0
BRDA:59,5,0,0
BRDA:59,5,1,0
BRDA:59,5,2,0
BRF:15
BRH:2
end_of_record
TN:
SF:src\components\checkout\RevisaoStep.jsx
FN:4,(anonymous_0)
FNF:1
FNH:1
FNDA:1,(anonymous_0)
DA:4,1
DA:11,1
DA:19,1
DA:21,1
LF:4
LH:4
BRDA:13,0,0,1
BRDA:13,0,1,0
BRDA:14,1,0,0
BRDA:14,1,1,1
BRDA:30,2,0,1
BRDA:30,2,1,0
BRDA:31,3,0,1
BRDA:31,3,1,0
BRDA:32,4,0,1
BRDA:32,4,1,1
BRDA:44,5,0,0
BRDA:44,5,1,1
BRDA:46,6,0,1
BRDA:46,6,1,1
BRDA:49,7,0,1
BRDA:49,7,1,0
BRDA:52,8,0,1
BRDA:52,8,1,0
BRDA:52,9,0,1
BRDA:52,9,1,0
BRDA:54,10,0,1
BRDA:54,10,1,0
BRDA:59,11,0,1
BRDA:59,11,1,0
BRDA:66,12,0,1
BRDA:66,12,1,0
BRDA:85,13,0,1
BRDA:85,13,1,0
BRF:28
BRH:16
end_of_record
TN:
SF:src\components\checkout\UpsellBox.jsx
FN:9,(anonymous_0)
FN:19,(anonymous_1)
FN:28,(anonymous_2)
FN:34,(anonymous_3)
FN:37,(anonymous_4)
FN:45,(anonymous_5)
FN:63,(anonymous_6)
FN:95,(anonymous_7)
FN:113,(anonymous_8)
FN:115,(anonymous_9)
FN:116,(anonymous_10)
FN:118,(anonymous_11)
FN:137,(anonymous_12)
FN:139,(anonymous_13)
FN:146,(anonymous_14)
FN:149,(anonymous_15)
FN:152,(anonymous_16)
FN:155,(anonymous_17)
FN:163,(anonymous_18)
FN:170,(anonymous_19)
FN:180,(anonymous_20)
FN:203,(anonymous_21)
FN:206,(anonymous_22)
FN:212,(anonymous_23)
FN:215,(anonymous_24)
FN:224,(anonymous_25)
FN:226,(anonymous_26)
FN:232,(anonymous_27)
FN:235,(anonymous_28)
FN:250,(anonymous_29)
FN:255,(anonymous_30)
FN:263,(anonymous_31)
FN:270,(anonymous_32)
FN:291,(anonymous_33)
FN:296,(anonymous_34)
FN:300,(anonymous_35)
FN:302,(anonymous_36)
FN:339,(anonymous_37)
FN:343,(anonymous_38)
FNF:39
FNH:15
FNDA:5,(anonymous_0)
FNDA:5,(anonymous_1)
FNDA:0,(anonymous_2)
FNDA:10,(anonymous_3)
FNDA:5,(anonymous_4)
FNDA:0,(anonymous_5)
FNDA:0,(anonymous_6)
FNDA:0,(anonymous_7)
FNDA:5,(anonymous_8)
FNDA:0,(anonymous_9)
FNDA:0,(anonymous_10)
FNDA:0,(anonymous_11)
FNDA:0,(anonymous_12)
FNDA:0,(anonymous_13)
FNDA:10,(anonymous_14)
FNDA:10,(anonymous_15)
FNDA:0,(anonymous_16)
FNDA:0,(anonymous_17)
FNDA:0,(anonymous_18)
FNDA:0,(anonymous_19)
FNDA:0,(anonymous_20)
FNDA:0,(anonymous_21)
FNDA:0,(anonymous_22)
FNDA:0,(anonymous_23)
FNDA:0,(anonymous_24)
FNDA:10,(anonymous_25)
FNDA:5,(anonymous_26)
FNDA:5,(anonymous_27)
FNDA:5,(anonymous_28)
FNDA:5,(anonymous_29)
FNDA:5,(anonymous_30)
FNDA:5,(anonymous_31)
FNDA:0,(anonymous_32)
FNDA:0,(anonymous_33)
FNDA:5,(anonymous_34)
FNDA:0,(anonymous_35)
FNDA:0,(anonymous_36)
FNDA:0,(anonymous_37)
FNDA:0,(anonymous_38)
DA:7,1
DA:9,1
DA:10,5
DA:11,5
DA:12,5
DA:13,5
DA:15,0
DA:19,1
DA:20,5
DA:21,5
DA:22,5
DA:24,0
DA:28,1
DA:29,0
DA:34,1
DA:35,10
DA:37,1
DA:38,5
DA:39,0
DA:40,0
DA:41,0
DA:42,0
DA:45,1
DA:46,0
DA:47,0
DA:48,0
DA:51,0
DA:52,0
DA:53,0
DA:54,0
DA:55,0
DA:57,0
DA:58,0
DA:59,0
DA:60,0
DA:63,1
DA:64,0
DA:82,0
DA:84,0
DA:90,0
DA:92,0
DA:95,1
DA:96,0
DA:107,0
DA:108,0
DA:113,1
DA:114,5
DA:115,0
DA:116,0
DA:119,0
DA:120,0
DA:129,0
DA:130,0
DA:137,0
DA:139,1
DA:140,0
DA:141,0
DA:142,0
DA:143,0
DA:146,1
DA:147,10
DA:149,1
DA:150,10
DA:152,1
DA:153,0
DA:155,1
DA:156,0
DA:163,1
DA:164,0
DA:165,0
DA:167,0
DA:168,0
DA:170,0
DA:171,0
DA:172,0
DA:174,0
DA:177,0
DA:179,0
DA:180,0
DA:181,0
DA:184,0
DA:186,0
DA:190,0
DA:192,0
DA:193,0
DA:200,0
DA:203,1
DA:204,0
DA:206,0
DA:207,0
DA:208,0
DA:209,0
DA:212,0
DA:213,0
DA:215,0
DA:216,0
DA:217,0
DA:218,0
DA:221,0
DA:224,1
DA:225,10
DA:226,10
DA:227,10
DA:228,10
DA:229,10
DA:230,10
DA:232,10
DA:233,5
DA:235,5
DA:236,5
DA:237,5
DA:238,5
DA:239,0
DA:240,0
DA:241,0
DA:245,0
DA:249,5
DA:250,5
DA:251,5
DA:255,10
DA:256,5
DA:257,5
DA:263,10
DA:264,5
DA:265,5
DA:266,5
DA:268,5
DA:270,0
DA:271,0
DA:272,0
DA:273,0
DA:274,0
DA:275,0
DA:276,0
DA:278,0
DA:279,0
DA:281,0
DA:282,0
DA:283,0
DA:286,0
DA:290,0
DA:291,0
DA:292,0
DA:296,10
DA:297,5
DA:298,5
DA:300,0
DA:301,0
DA:302,0
DA:305,0
DA:306,0
DA:313,0
DA:316,10
DA:317,10
DA:319,5
DA:340,0
DA:344,0
LF:157
LH:59
BRDA:12,0,0,0
BRDA:12,0,1,5
BRDA:13,1,0,5
BRDA:13,1,1,5
BRDA:22,2,0,0
BRDA:22,2,1,5
BRDA:29,3,0,0
BRDA:29,3,1,0
BRDA:35,4,0,10
BRDA:35,4,1,10
BRDA:38,5,0,5
BRDA:38,5,1,0
BRDA:39,6,0,0
BRDA:39,6,1,0
BRDA:40,7,0,0
BRDA:40,7,1,0
BRDA:41,8,0,0
BRDA:41,8,1,0
BRDA:46,9,0,0
BRDA:46,9,1,0
BRDA:47,10,0,0
BRDA:47,10,1,0
BRDA:51,11,0,0
BRDA:51,11,1,0
BRDA:53,12,0,0
BRDA:53,12,1,0
BRDA:54,13,0,0
BRDA:54,13,1,0
BRDA:58,14,0,0
BRDA:58,14,1,0
BRDA:59,15,0,0
BRDA:59,15,1,0
BRDA:84,16,0,0
BRDA:84,16,1,0
BRDA:84,17,0,0
BRDA:84,17,1,0
BRDA:84,17,2,0
BRDA:84,17,3,0
BRDA:90,18,0,0
BRDA:90,18,1,0
BRDA:90,19,0,0
BRDA:90,19,1,0
BRDA:104,20,0,0
BRDA:104,20,1,0
BRDA:107,21,0,0
BRDA:107,21,1,0
BRDA:115,22,0,0
BRDA:115,22,1,0
BRDA:116,23,0,0
BRDA:116,23,1,0
BRDA:121,24,0,0
BRDA:121,24,1,0
BRDA:121,24,2,0
BRDA:121,24,3,0
BRDA:121,24,4,0
BRDA:121,24,5,0
BRDA:121,24,6,0
BRDA:129,25,0,0
BRDA:129,25,1,0
BRDA:129,25,2,0
BRDA:137,26,0,0
BRDA:137,26,1,0
BRDA:140,27,0,0
BRDA:140,27,1,0
BRDA:141,28,0,0
BRDA:141,28,1,0
BRDA:142,29,0,0
BRDA:142,29,1,0
BRDA:147,30,0,10
BRDA:147,30,1,10
BRDA:147,30,2,10
BRDA:147,30,3,10
BRDA:150,31,0,10
BRDA:150,31,1,10
BRDA:150,31,2,10
BRDA:153,32,0,0
BRDA:153,32,1,0
BRDA:153,32,2,0
BRDA:153,32,3,0
BRDA:157,33,0,0
BRDA:157,33,1,0
BRDA:157,33,2,0
BRDA:157,33,3,0
BRDA:165,34,0,0
BRDA:165,34,1,0
BRDA:165,35,0,0
BRDA:165,35,1,0
BRDA:174,36,0,0
BRDA:174,36,1,0
BRDA:174,36,2,0
BRDA:174,36,3,0
BRDA:174,36,4,0
BRDA:174,36,5,0
BRDA:177,37,0,0
BRDA:177,37,1,0
BRDA:179,38,0,0
BRDA:179,38,1,0
BRDA:182,39,0,0
BRDA:182,39,1,0
BRDA:182,39,2,0
BRDA:182,39,3,0
BRDA:182,39,4,0
BRDA:184,40,0,0
BRDA:184,40,1,0
BRDA:184,40,2,0
BRDA:186,41,0,0
BRDA:186,41,1,0
BRDA:186,41,2,0
BRDA:186,41,3,0
BRDA:186,41,4,0
BRDA:190,42,0,0
BRDA:190,42,1,0
BRDA:192,43,0,0
BRDA:192,43,1,0
BRDA:192,43,2,0
BRDA:195,44,0,0
BRDA:195,44,1,0
BRDA:195,45,0,0
BRDA:195,45,1,0
BRDA:203,46,0,0
BRDA:204,47,0,0
BRDA:204,47,1,0
BRDA:207,48,0,0
BRDA:207,48,1,0
BRDA:208,49,0,0
BRDA:208,49,1,0
BRDA:212,50,0,0
BRDA:212,50,1,0
BRDA:213,51,0,0
BRDA:213,51,1,0
BRDA:239,52,0,0
BRDA:239,52,1,0
BRDA:241,53,0,0
BRDA:241,53,1,0
BRDA:245,54,0,0
BRDA:245,54,1,0
BRDA:258,55,0,5
BRDA:258,55,1,5
BRDA:259,56,0,5
BRDA:259,56,1,5
BRDA:268,57,0,5
BRDA:268,57,1,0
BRDA:268,58,0,5
BRDA:268,58,1,5
BRDA:275,59,0,0
BRDA:275,59,1,0
BRDA:279,60,0,0
BRDA:279,60,1,0
BRDA:281,61,0,0
BRDA:281,61,1,0
BRDA:286,62,0,0
BRDA:286,62,1,0
BRDA:298,63,0,5
BRDA:298,63,1,0
BRDA:316,64,0,0
BRDA:316,64,1,10
BRDA:317,65,0,5
BRDA:317,65,1,5
BRDA:317,66,0,10
BRDA:317,66,1,10
BRDA:317,66,2,5
BRDA:325,67,0,5
BRDA:325,67,1,0
BRDA:325,67,2,5
BRDA:334,68,0,5
BRDA:334,68,1,0
BRF:166
BRH:31
end_of_record
TN:
SF:src\components\layout\SiteFooter.jsx
FN:9,(anonymous_0)
FNF:1
FNH:1
FNDA:3,(anonymous_0)
DA:9,1
DA:11,3
LF:2
LH:2
BRF:0
BRH:0
end_of_record
TN:
SF:src\components\layout\SiteHeader.jsx
FN:29,(anonymous_0)
FN:75,(anonymous_1)
FN:83,(anonymous_2)
FN:139,(anonymous_3)
FN:139,(anonymous_4)
FN:161,(anonymous_5)
FN:169,(anonymous_6)
FN:171,(anonymous_7)
FNF:8
FNH:0
FNDA:0,(anonymous_0)
FNDA:0,(anonymous_1)
FNDA:0,(anonymous_2)
FNDA:0,(anonymous_3)
FNDA:0,(anonymous_4)
FNDA:0,(anonymous_5)
FNDA:0,(anonymous_6)
FNDA:0,(anonymous_7)
DA:9,0
DA:29,0
DA:31,0
DA:35,0
DA:77,0
DA:85,0
DA:139,0
DA:163,0
DA:169,0
DA:173,0
LF:10
LH:0
BRDA:87,0,0,0
BRDA:87,0,1,0
BRDA:145,1,0,0
BRDA:145,1,1,0
BRDA:155,2,0,0
BRDA:155,2,1,0
BRDA:175,3,0,0
BRDA:175,3,1,0
BRF:8
BRH:0
end_of_record
TN:
SF:src\components\layout\SiteLayout.jsx
FN:11,(anonymous_0)
FNF:1
FNH:0
FNDA:0,(anonymous_0)
DA:11,0
DA:13,0
LF:2
LH:0
BRDA:23,0,0,0
BRDA:23,0,1,0
BRDA:33,1,0,0
BRDA:33,1,1,0
BRF:4
BRH:0
end_of_record
TN:
SF:src\components\seo\PizzaCard.jsx
FN:4,(anonymous_0)
FN:15,(anonymous_1)
FN:65,(anonymous_2)
FNF:3
FNH:0
FNDA:0,(anonymous_0)
FNDA:0,(anonymous_1)
FNDA:0,(anonymous_2)
DA:4,0
DA:12,0
DA:13,0
DA:15,0
DA:16,0
DA:17,0
DA:21,0
DA:66,0
DA:67,0
LF:9
LH:0
BRDA:7,0,0,0
BRDA:8,1,0,0
BRDA:9,2,0,0
BRDA:10,3,0,0
BRDA:12,4,0,0
BRDA:12,4,1,0
BRDA:12,4,2,0
BRDA:12,4,3,0
BRDA:13,5,0,0
BRDA:13,5,1,0
BRDA:13,6,0,0
BRDA:13,6,1,0
BRDA:16,7,0,0
BRDA:16,7,1,0
BRDA:36,8,0,0
BRDA:36,8,1,0
BRDA:43,9,0,0
BRDA:43,9,1,0
BRDA:46,10,0,0
BRDA:46,10,1,0
BRDA:46,10,2,0
BRDA:52,11,0,0
BRDA:52,11,1,0
BRDA:52,11,2,0
BRDA:58,12,0,0
BRDA:58,12,1,0
BRF:26
BRH:0
end_of_record
TN:
SF:src\components\seo\PizzaGallery.jsx
FN:4,(anonymous_0)
FN:19,(anonymous_1)
FN:24,(anonymous_2)
FN:54,(anonymous_3)
FN:57,(anonymous_4)
FN:73,(anonymous_5)
FN:131,(anonymous_6)
FNF:7
FNH:0
FNDA:0,(anonymous_0)
FNDA:0,(anonymous_1)
FNDA:0,(anonymous_2)
FNDA:0,(anonymous_3)
FNDA:0,(anonymous_4)
FNDA:0,(anonymous_5)
FNDA:0,(anonymous_6)
DA:4,0
DA:5,0
DA:7,0
DA:17,0
DA:19,0
DA:21,0
DA:22,0
DA:25,0
DA:35,0
DA:36,0
DA:49,0
DA:55,0
DA:57,0
DA:74,0
DA:131,0
LF:15
LH:0
BRDA:4,0,0,0
BRDA:4,1,0,0
BRDA:17,2,0,0
BRDA:17,2,1,0
BRDA:21,3,0,0
BRDA:21,3,1,0
BRDA:35,4,0,0
BRDA:35,4,1,0
BRDA:59,5,0,0
BRDA:59,5,1,0
BRDA:75,6,0,0
BRDA:75,6,1,0
BRDA:75,6,2,0
BRDA:91,7,0,0
BRDA:91,7,1,0
BRDA:94,8,0,0
BRDA:94,8,1,0
BRDA:99,9,0,0
BRDA:99,9,1,0
BRDA:99,10,0,0
BRDA:99,10,1,0
BRDA:104,11,0,0
BRDA:104,11,1,0
BRDA:109,12,0,0
BRDA:109,12,1,0
BRDA:109,12,2,0
BRDA:124,13,0,0
BRDA:124,13,1,0
BRDA:124,13,2,0
BRDA:124,13,3,0
BRF:30
BRH:0
end_of_record
TN:
SF:src\components\seo\PizzaImage.jsx
FN:4,(anonymous_0)
FN:30,(anonymous_1)
FNF:2
FNH:0
FNDA:0,(anonymous_0)
FNDA:0,(anonymous_1)
DA:4,0
DA:13,0
DA:17,0
DA:25,0
DA:26,0
DA:28,0
DA:30,0
DA:31,0
DA:34,0
DA:36,0
DA:49,0
LF:11
LH:0
BRDA:6,0,0,0
BRDA:7,1,0,0
BRDA:8,2,0,0
BRDA:9,3,0,0
BRDA:25,4,0,0
BRDA:25,4,1,0
BRDA:26,5,0,0
BRDA:26,5,1,0
BRDA:28,6,0,0
BRDA:28,6,1,0
BRDA:28,6,2,0
BRDA:34,7,0,0
BRDA:34,7,1,0
BRDA:40,8,0,0
BRDA:40,8,1,0
BRDA:40,9,0,0
BRDA:40,9,1,0
BRDA:40,10,0,0
BRDA:40,10,1,0
BRDA:41,11,0,0
BRDA:41,11,1,0
BRDA:41,12,0,0
BRDA:41,12,1,0
BRDA:41,13,0,0
BRDA:41,13,1,0
BRDA:57,14,0,0
BRDA:57,14,1,0
BRDA:57,15,0,0
BRDA:57,15,1,0
BRDA:57,16,0,0
BRDA:57,16,1,0
BRDA:58,17,0,0
BRDA:58,17,1,0
BRDA:58,18,0,0
BRDA:58,18,1,0
BRDA:58,19,0,0
BRDA:58,19,1,0
BRF:37
BRH:0
end_of_record
TN:
SF:src\components\seo\SEOHead.jsx
FN:5,(anonymous_0)
FNF:1
FNH:1
FNDA:11,(anonymous_0)
DA:5,2
DA:13,11
DA:14,11
DA:15,11
DA:17,11
DA:18,11
DA:19,11
DA:35,11
DA:36,11
DA:37,11
DA:39,11
DA:69,11
DA:71,11
LF:13
LH:13
BRDA:8,0,0,11
BRDA:9,1,0,11
BRDA:10,2,0,0
BRDA:11,3,0,11
BRDA:35,4,0,11
BRDA:35,4,1,0
BRDA:36,5,0,11
BRDA:36,5,1,0
BRDA:69,6,0,11
BRDA:69,6,1,11
BRF:10
BRH:7
end_of_record
TN:
SF:src\components\seo\StructuredData.jsx
FN:3,(anonymous_0)
FN:16,(anonymous_1)
FN:51,(anonymous_2)
FN:74,(anonymous_3)
FN:77,(anonymous_4)
FN:85,(anonymous_5)
FN:88,(anonymous_6)
FN:98,(anonymous_7)
FNF:8
FNH:0
FNDA:0,(anonymous_0)
FNDA:0,(anonymous_1)
FNDA:0,(anonymous_2)
FNDA:0,(anonymous_3)
FNDA:0,(anonymous_4)
FNDA:0,(anonymous_5)
FNDA:0,(anonymous_6)
FNDA:0,(anonymous_7)
DA:3,0
DA:4,0
DA:6,0
DA:16,0
DA:51,0
DA:74,0
DA:77,0
DA:85,0
DA:88,0
DA:98,0
LF:10
LH:0
BRDA:4,0,0,0
BRDA:4,0,1,0
BRDA:19,1,0,0
BRDA:19,1,1,0
BRDA:20,2,0,0
BRDA:20,2,1,0
BRDA:21,3,0,0
BRDA:21,3,1,0
BRDA:22,4,0,0
BRDA:22,4,1,0
BRDA:25,5,0,0
BRDA:25,5,1,0
BRDA:26,6,0,0
BRDA:26,6,1,0
BRDA:27,7,0,0
BRDA:27,7,1,0
BRDA:28,8,0,0
BRDA:28,8,1,0
BRDA:29,9,0,0
BRDA:29,9,1,0
BRDA:33,10,0,0
BRDA:33,10,1,0
BRDA:34,11,0,0
BRDA:34,11,1,0
BRDA:37,12,0,0
BRDA:37,12,1,0
BRDA:38,13,0,0
BRDA:38,13,1,0
BRDA:44,14,0,0
BRDA:44,14,1,0
BRDA:54,15,0,0
BRDA:54,15,1,0
BRDA:55,16,0,0
BRDA:55,16,1,0
BRDA:55,16,2,0
BRDA:55,17,0,0
BRDA:55,17,1,0
BRDA:58,18,0,0
BRDA:58,18,1,0
BRDA:58,18,2,0
BRDA:70,19,0,0
BRDA:70,19,1,0
BRDA:71,20,0,0
BRDA:71,20,1,0
BRDA:109,21,0,0
BRDA:109,21,1,0
BRF:46
BRH:0
end_of_record
TN:
SF:src\components\ui\DeliveryRouteMap.jsx
FN:4,(anonymous_0)
FN:12,(anonymous_1)
FN:14,(anonymous_2)
FN:15,(anonymous_3)
FN:17,(anonymous_4)
FNF:5
FNH:2
FNDA:7,(anonymous_0)
FNDA:2,(anonymous_1)
FNDA:0,(anonymous_2)
FNDA:0,(anonymous_3)
FNDA:0,(anonymous_4)
DA:4,1
DA:10,7
DA:12,7
DA:13,2
DA:14,0
DA:15,0
DA:17,0
DA:18,2
DA:19,0
DA:21,2
DA:26,7
DA:27,7
DA:29,7
LF:13
LH:9
BRDA:5,0,0,0
BRDA:6,1,0,0
BRDA:7,2,0,0
BRDA:8,3,0,0
BRDA:13,4,0,0
BRDA:13,4,1,2
BRDA:15,5,0,0
BRDA:15,5,1,0
BRDA:18,6,0,0
BRDA:18,6,1,2
BRDA:109,7,0,7
BRDA:109,7,1,7
BRDA:110,8,0,7
BRDA:110,8,1,0
BRDA:111,9,0,7
BRDA:111,9,1,0
BRF:16
BRH:6
end_of_record
TN:
SF:src\components\ui\ErrorBoundary.jsx
FN:6,(anonymous_0)
FN:11,(anonymous_1)
FN:15,(anonymous_2)
FN:32,(anonymous_3)
FN:36,(anonymous_4)
FNF:5
FNH:0
FNDA:0,(anonymous_0)
FNDA:0,(anonymous_1)
FNDA:0,(anonymous_2)
FNDA:0,(anonymous_3)
FNDA:0,(anonymous_4)
DA:7,0
DA:8,0
DA:12,0
DA:16,0
DA:22,0
DA:32,0
DA:33,0
DA:37,0
DA:38,0
DA:41,0
LF:10
LH:0
BRDA:37,0,0,0
BRDA:37,0,1,0
BRF:2
BRH:0
end_of_record
TN:
SF:src\components\ui\ErrorBoundaryFallback.jsx
FN:3,(anonymous_0)
FN:4,(anonymous_1)
FN:8,(anonymous_2)
FNF:3
FNH:0
FNDA:0,(anonymous_0)
FNDA:0,(anonymous_1)
FNDA:0,(anonymous_2)
DA:3,0
DA:4,0
DA:5,0
DA:8,0
DA:9,0
DA:12,0
LF:6
LH:0
BRDA:45,0,0,0
BRDA:45,0,1,0
BRDA:45,0,2,0
BRDA:51,1,0,0
BRDA:51,1,1,0
BRF:5
BRH:0
end_of_record
TN:
SF:src\components\ui\LoadingSpinner.jsx
FN:3,(anonymous_0)
FNF:1
FNH:0
FNDA:0,(anonymous_0)
DA:3,0
DA:4,0
LF:2
LH:0
BRF:0
BRH:0
end_of_record
TN:
SF:src\components\ui\OptimizedImage.jsx
FN:3,(anonymous_0)
FN:20,(anonymous_1)
FN:27,(anonymous_2)
FN:40,(anonymous_3)
FN:43,(anonymous_4)
FN:47,(anonymous_5)
FNF:6
FNH:0
FNDA:0,(anonymous_0)
FNDA:0,(anonymous_1)
FNDA:0,(anonymous_2)
FNDA:0,(anonymous_3)
FNDA:0,(anonymous_4)
FNDA:0,(anonymous_5)
DA:3,0
DA:15,0
DA:16,0
DA:17,0
DA:18,0
DA:20,0
DA:21,0
DA:22,0
DA:23,0
DA:26,0
DA:28,0
DA:29,0
DA:30,0
DA:36,0
DA:37,0
DA:40,0
DA:43,0
DA:44,0
DA:47,0
DA:48,0
DA:49,0
DA:50,0
DA:54,0
DA:55,0
DA:65,0
LF:25
LH:0
BRDA:6,0,0,0
BRDA:7,1,0,0
BRDA:8,2,0,0
BRDA:9,3,0,0
BRDA:21,4,0,0
BRDA:21,4,1,0
BRDA:28,5,0,0
BRDA:28,5,1,0
BRDA:36,6,0,0
BRDA:36,6,1,0
BRDA:49,7,0,0
BRDA:49,7,1,0
BRDA:54,8,0,0
BRDA:54,8,1,0
BRDA:67,9,0,0
BRDA:67,9,1,0
BRDA:67,9,2,0
BRDA:71,10,0,0
BRDA:71,10,1,0
BRDA:76,11,0,0
BRDA:76,11,1,0
BRDA:80,12,0,0
BRDA:80,12,1,0
BRF:23
BRH:0
end_of_record
TN:
SF:src\components\ui\RetryBanner.jsx
FN:3,(anonymous_0)
FNF:1
FNH:1
FNDA:1,(anonymous_0)
DA:3,2
DA:4,1
LF:2
LH:2
BRDA:7,0,0,1
BRDA:7,0,1,1
BRF:2
BRH:2
end_of_record
TN:
SF:src\context\AuthContext.jsx
FN:8,(anonymous_0)
FN:9,(anonymous_1)
FN:19,(anonymous_2)
FN:31,(anonymous_3)
FN:71,(anonymous_4)
FN:76,(anonymous_5)
FN:89,(anonymous_6)
FNF:7
FNH:0
FNDA:0,(anonymous_0)
FNDA:0,(anonymous_1)
FNDA:0,(anonymous_2)
FNDA:0,(anonymous_3)
FNDA:0,(anonymous_4)
FNDA:0,(anonymous_5)
FNDA:0,(anonymous_6)
DA:4,0
DA:6,0
DA:8,0
DA:9,0
DA:10,0
DA:11,0
DA:12,0
DA:14,0
DA:17,0
DA:19,0
DA:20,0
DA:21,0
DA:22,0
DA:24,0
DA:31,0
DA:32,0
DA:35,0
DA:36,0
DA:39,0
DA:40,0
DA:41,0
DA:43,0
DA:44,0
DA:45,0
DA:46,0
DA:49,0
DA:53,0
DA:54,0
DA:55,0
DA:57,0
DA:58,0
DA:59,0
DA:61,0
DA:62,0
DA:67,0
DA:71,0
DA:72,0
DA:75,0
DA:76,0
DA:86,0
DA:89,0
DA:90,0
DA:91,0
DA:92,0
DA:94,0
LF:45
LH:0
BRDA:12,0,0,0
BRDA:12,0,1,0
BRDA:21,1,0,0
BRDA:21,1,1,0
BRDA:32,2,0,0
BRDA:32,2,1,0
BRDA:35,3,0,0
BRDA:35,3,1,0
BRDA:43,4,0,0
BRDA:43,4,1,0
BRDA:43,5,0,0
BRDA:43,5,1,0
BRDA:50,6,0,0
BRDA:50,6,1,0
BRDA:54,7,0,0
BRDA:54,7,1,0
BRDA:54,8,0,0
BRDA:54,8,1,0
BRDA:91,9,0,0
BRDA:91,9,1,0
BRF:20
BRH:0
end_of_record
TN:
SF:src\context\CartContext.jsx
FN:6,(anonymous_0)
FN:7,(anonymous_1)
FN:17,(anonymous_2)
FN:29,(anonymous_3)
FN:30,(anonymous_4)
FN:32,(anonymous_5)
FN:46,(anonymous_6)
FN:47,(anonymous_7)
FN:49,(anonymous_8)
FN:52,(anonymous_9)
FN:56,(anonymous_10)
FN:57,(anonymous_11)
FN:58,(anonymous_12)
FN:62,(anonymous_13)
FN:65,(anonymous_14)
FN:65,(anonymous_15)
FN:81,(anonymous_16)
FNF:17
FNH:0
FNDA:0,(anonymous_0)
FNDA:0,(anonymous_1)
FNDA:0,(anonymous_2)
FNDA:0,(anonymous_3)
FNDA:0,(anonymous_4)
FNDA:0,(anonymous_5)
FNDA:0,(anonymous_6)
FNDA:0,(anonymous_7)
FNDA:0,(anonymous_8)
FNDA:0,(anonymous_9)
FNDA:0,(anonymous_10)
FNDA:0,(anonymous_11)
FNDA:0,(anonymous_12)
FNDA:0,(anonymous_13)
FNDA:0,(anonymous_14)
FNDA:0,(anonymous_15)
FNDA:0,(anonymous_16)
DA:3,2
DA:4,2
DA:6,2
DA:7,0
DA:8,0
DA:9,0
DA:10,0
DA:11,0
DA:13,0
DA:17,0
DA:18,0
DA:19,0
DA:20,0
DA:22,0
DA:29,0
DA:30,0
DA:31,0
DA:32,0
DA:34,0
DA:35,0
DA:36,0
DA:40,0
DA:42,0
DA:46,0
DA:47,0
DA:48,0
DA:50,0
DA:52,0
DA:56,0
DA:57,0
DA:58,0
DA:62,0
DA:64,0
DA:65,0
DA:69,0
DA:78,0
DA:81,2
DA:82,0
DA:83,0
DA:84,0
DA:86,0
LF:41
LH:4
BRDA:10,0,0,0
BRDA:10,0,1,0
BRDA:11,1,0,0
BRDA:11,1,1,0
BRDA:19,2,0,0
BRDA:19,2,1,0
BRDA:32,3,0,0
BRDA:32,3,1,0
BRDA:34,4,0,0
BRDA:34,4,1,0
BRDA:50,5,0,0
BRDA:50,5,1,0
BRDA:50,6,0,0
BRDA:50,6,1,0
BRDA:58,7,0,0
BRDA:58,7,1,0
BRDA:83,8,0,0
BRDA:83,8,1,0
BRF:18
BRH:0
end_of_record
TN:
SF:src\data\menuOverrides.js
FN:8,(anonymous_0)
FN:12,(anonymous_1)
FN:15,(anonymous_2)
FN:21,(anonymous_3)
FNF:4
FNH:1
FNDA:6,(anonymous_0)
FNDA:0,(anonymous_1)
FNDA:0,(anonymous_2)
FNDA:0,(anonymous_3)
DA:2,1
DA:8,1
DA:9,6
DA:11,0
DA:13,0
DA:14,0
DA:15,0
DA:17,0
DA:19,0
DA:20,0
DA:21,0
DA:22,0
DA:26,0
LF:13
LH:3
BRDA:9,0,0,6
BRDA:9,0,1,0
BRDA:9,1,0,6
BRDA:9,1,1,6
BRDA:13,2,0,0
BRDA:13,2,1,0
BRDA:14,3,0,0
BRDA:14,3,1,0
BRDA:17,4,0,0
BRDA:17,4,1,0
BRDA:19,5,0,0
BRDA:19,5,1,0
BRDA:22,6,0,0
BRDA:22,6,1,0
BRF:14
BRH:3
end_of_record
TN:
SF:src\hooks\useAppAccess.js
FN:7,(anonymous_0)
FN:12,(anonymous_1)
FN:17,(anonymous_2)
FN:25,(anonymous_3)
FNF:4
FNH:0
FNDA:0,(anonymous_0)
FNDA:0,(anonymous_1)
FNDA:0,(anonymous_2)
FNDA:0,(anonymous_3)
DA:3,2
DA:4,2
DA:5,2
DA:7,2
DA:8,0
DA:9,0
DA:12,2
DA:13,0
DA:14,0
DA:17,2
DA:18,0
DA:25,0
DA:26,0
DA:27,0
DA:28,0
DA:29,0
DA:30,0
DA:32,0
DA:40,0
LF:19
LH:6
BRDA:8,0,0,0
BRDA:8,0,1,0
BRDA:9,1,0,0
BRDA:9,1,1,0
BRDA:13,2,0,0
BRDA:13,2,1,0
BRDA:14,3,0,0
BRDA:14,3,1,0
BRDA:29,4,0,0
BRDA:29,4,1,0
BRDA:30,5,0,0
BRDA:30,5,1,0
BRF:12
BRH:0
end_of_record
TN:
SF:src\hooks\useCheckout.js
FN:19,(anonymous_0)
FN:43,(anonymous_1)
FN:59,(anonymous_2)
FN:74,(anonymous_3)
FN:80,(anonymous_4)
FN:125,enviarParaDesktop
FN:177,(anonymous_6)
FN:228,checkCustomerByPhone
FN:260,salvarCliente
FN:305,useCheckout
FN:368,(anonymous_10)
FN:372,(anonymous_11)
FN:376,(anonymous_12)
FN:380,(anonymous_13)
FN:388,(anonymous_14)
FN:393,(anonymous_15)
FN:401,(anonymous_16)
FN:444,(anonymous_17)
FN:447,(anonymous_18)
FN:513,(anonymous_19)
FN:525,(anonymous_20)
FN:525,(anonymous_21)
FN:547,(anonymous_22)
FN:569,(anonymous_23)
FN:571,(anonymous_24)
FN:573,(anonymous_25)
FN:579,(anonymous_26)
FN:596,(anonymous_27)
FN:607,(anonymous_28)
FN:621,(anonymous_29)
FN:649,(anonymous_30)
FN:746,(anonymous_31)
FN:763,(anonymous_32)
FN:774,(anonymous_33)
FN:810,(anonymous_34)
FN:837,(anonymous_35)
FN:874,(anonymous_36)
FN:885,(anonymous_37)
FN:893,(anonymous_38)
FN:908,(anonymous_39)
FN:932,(anonymous_40)
FN:960,(anonymous_41)
FN:975,(anonymous_42)
FN:990,(anonymous_43)
FN:1009,(anonymous_44)
FN:1041,(anonymous_45)
FN:1049,(anonymous_46)
FN:1061,(anonymous_47)
FN:1062,(anonymous_48)
FN:1068,(anonymous_49)
FN:1068,(anonymous_50)
FN:1070,(anonymous_51)
FN:1071,(anonymous_52)
FN:1079,(anonymous_53)
FN:1095,(anonymous_54)
FNF:55
FNH:0
FNDA:0,(anonymous_0)
FNDA:0,(anonymous_1)
FNDA:0,(anonymous_2)
FNDA:0,(anonymous_3)
FNDA:0,(anonymous_4)
FNDA:0,enviarParaDesktop
FNDA:0,(anonymous_6)
FNDA:0,checkCustomerByPhone
FNDA:0,salvarCliente
FNDA:0,useCheckout
FNDA:0,(anonymous_10)
FNDA:0,(anonymous_11)
FNDA:0,(anonymous_12)
FNDA:0,(anonymous_13)
FNDA:0,(anonymous_14)
FNDA:0,(anonymous_15)
FNDA:0,(anonymous_16)
FNDA:0,(anonymous_17)
FNDA:0,(anonymous_18)
FNDA:0,(anonymous_19)
FNDA:0,(anonymous_20)
FNDA:0,(anonymous_21)
FNDA:0,(anonymous_22)
FNDA:0,(anonymous_23)
FNDA:0,(anonymous_24)
FNDA:0,(anonymous_25)
FNDA:0,(anonymous_26)
FNDA:0,(anonymous_27)
FNDA:0,(anonymous_28)
FNDA:0,(anonymous_29)
FNDA:0,(anonymous_30)
FNDA:0,(anonymous_31)
FNDA:0,(anonymous_32)
FNDA:0,(anonymous_33)
FNDA:0,(anonymous_34)
FNDA:0,(anonymous_35)
FNDA:0,(anonymous_36)
FNDA:0,(anonymous_37)
FNDA:0,(anonymous_38)
FNDA:0,(anonymous_39)
FNDA:0,(anonymous_40)
FNDA:0,(anonymous_41)
FNDA:0,(anonymous_42)
FNDA:0,(anonymous_43)
FNDA:0,(anonymous_44)
FNDA:0,(anonymous_45)
FNDA:0,(anonymous_46)
FNDA:0,(anonymous_47)
FNDA:0,(anonymous_48)
FNDA:0,(anonymous_49)
FNDA:0,(anonymous_50)
FNDA:0,(anonymous_51)
FNDA:0,(anonymous_52)
FNDA:0,(anonymous_53)
FNDA:0,(anonymous_54)
DA:10,1
DA:12,1
DA:15,1
DA:16,1
DA:17,1
DA:19,1
DA:20,0
DA:21,0
DA:22,0
DA:23,0
DA:24,0
DA:25,0
DA:26,0
DA:27,0
DA:28,0
DA:30,0
DA:31,0
DA:32,0
DA:35,0
DA:37,0
DA:39,0
DA:43,1
DA:44,0
DA:45,0
DA:46,0
DA:51,0
DA:59,1
DA:60,0
DA:61,0
DA:62,0
DA:63,0
DA:64,0
DA:66,0
DA:69,0
DA:71,0
DA:74,1
DA:76,0
DA:79,0
DA:81,0
DA:86,0
DA:91,0
DA:93,0
DA:96,0
DA:98,0
DA:102,0
DA:126,0
DA:127,0
DA:178,0
DA:179,0
DA:183,0
DA:210,0
DA:212,0
DA:213,0
DA:214,0
DA:215,0
DA:218,0
DA:219,0
DA:221,0
DA:222,0
DA:229,0
DA:231,0
DA:232,0
DA:235,0
DA:236,0
DA:240,0
DA:241,0
DA:244,0
DA:245,0
DA:246,0
DA:247,0
DA:250,0
DA:251,0
DA:253,0
DA:254,0
DA:261,0
DA:263,0
DA:265,0
DA:286,0
DA:287,0
DA:289,0
DA:290,0
DA:291,0
DA:292,0
DA:295,0
DA:296,0
DA:298,0
DA:299,0
DA:307,0
DA:310,0
DA:311,0
DA:312,0
DA:313,0
DA:314,0
DA:315,0
DA:316,0
DA:317,0
DA:318,0
DA:321,0
DA:322,0
DA:323,0
DA:324,0
DA:325,0
DA:326,0
DA:328,0
DA:330,0
DA:353,0
DA:355,0
DA:356,0
DA:357,0
DA:359,0
DA:360,0
DA:362,0
DA:363,0
DA:364,0
DA:365,0
DA:367,0
DA:368,0
DA:371,0
DA:372,0
DA:375,0
DA:376,0
DA:379,0
DA:380,0
DA:384,0
DA:388,0
DA:389,0
DA:390,0
DA:391,0
DA:392,0
DA:393,0
DA:401,0
DA:402,0
DA:420,0
DA:421,0
DA:444,0
DA:445,0
DA:447,0
DA:502,0
DA:508,0
DA:509,0
DA:510,0
DA:511,0
DA:512,0
DA:513,0
DA:518,0
DA:524,0
DA:525,0
DA:529,0
DA:532,0
DA:535,0
DA:541,0
DA:542,0
DA:545,0
DA:547,0
DA:548,0
DA:549,0
DA:559,0
DA:562,0
DA:565,0
DA:569,0
DA:570,0
DA:571,0
DA:573,0
DA:579,0
DA:580,0
DA:581,0
DA:582,0
DA:583,0
DA:584,0
DA:585,0
DA:586,0
DA:587,0
DA:596,0
DA:597,0
DA:598,0
DA:600,0
DA:601,0
DA:602,0
DA:604,0
DA:607,0
DA:608,0
DA:610,0
DA:612,0
DA:621,0
DA:622,0
DA:624,0
DA:625,0
DA:626,0
DA:627,0
DA:628,0
DA:629,0
DA:633,0
DA:634,0
DA:636,0
DA:637,0
DA:643,0
DA:644,0
DA:645,0
DA:649,0
DA:651,0
DA:652,0
DA:655,0
DA:658,0
DA:659,0
DA:660,0
DA:661,0
DA:662,0
DA:663,0
DA:664,0
DA:665,0
DA:667,0
DA:668,0
DA:670,0
DA:671,0
DA:674,0
DA:675,0
DA:676,0
DA:677,0
DA:678,0
DA:679,0
DA:680,0
DA:683,0
DA:684,0
DA:685,0
DA:693,0
DA:699,0
DA:700,0
DA:703,0
DA:704,0
DA:705,0
DA:706,0
DA:707,0
DA:708,0
DA:709,0
DA:714,0
DA:715,0
DA:716,0
DA:719,0
DA:731,0
DA:732,0
DA:733,0
DA:734,0
DA:736,0
DA:737,0
DA:738,0
DA:740,0
DA:746,0
DA:747,0
DA:748,0
DA:749,0
DA:750,0
DA:751,0
DA:752,0
DA:753,0
DA:754,0
DA:763,0
DA:764,0
DA:765,0
DA:767,0
DA:768,0
DA:769,0
DA:771,0
DA:774,0
DA:775,0
DA:776,0
DA:777,0
DA:778,0
DA:779,0
DA:810,0
DA:811,0
DA:813,0
DA:814,0
DA:815,0
DA:816,0
DA:817,0
DA:821,0
DA:822,0
DA:824,0
DA:825,0
DA:831,0
DA:832,0
DA:833,0
DA:837,0
DA:838,0
DA:840,0
DA:841,0
DA:844,0
DA:848,0
DA:854,0
DA:859,0
DA:860,0
DA:861,0
DA:863,0
DA:865,0
DA:866,0
DA:867,0
DA:869,0
DA:874,0
DA:875,0
DA:876,0
DA:877,0
DA:878,0
DA:881,0
DA:882,0
DA:883,0
DA:884,0
DA:885,0
DA:889,0
DA:890,0
DA:891,0
DA:892,0
DA:893,0
DA:908,0
DA:909,0
DA:910,0
DA:911,0
DA:912,0
DA:915,0
DA:925,0
DA:926,0
DA:927,0
DA:928,0
DA:931,0
DA:932,0
DA:933,0
DA:934,0
DA:935,0
DA:937,0
DA:943,0
DA:944,0
DA:950,0
DA:951,0
DA:952,0
DA:953,0
DA:956,0
DA:960,0
DA:961,0
DA:962,0
DA:975,0
DA:976,0
DA:977,0
DA:978,0
DA:979,0
DA:981,0
DA:982,0
DA:984,0
DA:985,0
DA:986,0
DA:987,0
DA:988,0
DA:990,0
DA:999,0
DA:1001,0
DA:1007,0
DA:1009,0
DA:1010,0
DA:1012,0
DA:1013,0
DA:1014,0
DA:1015,0
DA:1016,0
DA:1019,0
DA:1020,0
DA:1022,0
DA:1023,0
DA:1025,0
DA:1027,0
DA:1029,0
DA:1031,0
DA:1032,0
DA:1033,0
DA:1036,0
DA:1037,0
DA:1040,0
DA:1041,0
DA:1042,0
DA:1045,0
DA:1046,0
DA:1047,0
DA:1049,0
DA:1061,0
DA:1062,0
DA:1063,0
DA:1064,0
DA:1065,0
DA:1068,0
DA:1070,0
DA:1071,0
DA:1072,0
DA:1073,0
DA:1074,0
DA:1079,0
DA:1080,0
DA:1081,0
DA:1087,0
DA:1089,0
DA:1090,0
DA:1091,0
DA:1092,0
DA:1093,0
DA:1094,0
DA:1095,0
DA:1099,0
DA:1100,0
DA:1101,0
DA:1102,0
DA:1103,0
DA:1110,0
DA:1118,0
DA:1128,0
DA:1129,0
DA:1131,0
DA:1132,0
DA:1133,0
DA:1134,0
DA:1135,0
DA:1136,0
DA:1138,0
DA:1141,0
DA:1150,0
DA:1156,0
DA:1182,0
DA:1183,0
DA:1188,0
DA:1189,0
DA:1190,0
DA:1193,0
DA:1203,0
DA:1204,0
DA:1206,0
DA:1210,0
LF:431
LH:9
BRDA:10,0,0,1
BRDA:10,0,1,1
BRDA:12,1,0,1
BRDA:12,1,1,1
BRDA:21,2,0,0
BRDA:21,2,1,0
BRDA:23,3,0,0
BRDA:23,3,1,0
BRDA:25,4,0,0
BRDA:25,4,1,0
BRDA:25,5,0,0
BRDA:25,5,1,0
BRDA:26,6,0,0
BRDA:26,6,1,0
BRDA:28,7,0,0
BRDA:28,7,1,0
BRDA:28,8,0,0
BRDA:28,8,1,0
BRDA:30,9,0,0
BRDA:30,9,1,0
BRDA:35,10,0,0
BRDA:35,10,1,0
BRDA:35,11,0,0
BRDA:35,11,1,0
BRDA:37,12,0,0
BRDA:37,12,1,0
BRDA:45,13,0,0
BRDA:45,13,1,0
BRDA:60,14,0,0
BRDA:60,14,1,0
BRDA:61,15,0,0
BRDA:61,15,1,0
BRDA:62,16,0,0
BRDA:62,16,1,0
BRDA:63,17,0,0
BRDA:63,17,1,0
BRDA:64,18,0,0
BRDA:64,18,1,0
BRDA:66,19,0,0
BRDA:66,19,1,0
BRDA:66,20,0,0
BRDA:66,20,1,0
BRDA:69,21,0,0
BRDA:69,21,1,0
BRDA:76,22,0,0
BRDA:76,22,1,0
BRDA:78,23,0,0
BRDA:78,23,1,0
BRDA:86,24,0,0
BRDA:86,24,1,0
BRDA:86,25,0,0
BRDA:86,25,1,0
BRDA:88,26,0,0
BRDA:88,26,1,0
BRDA:91,27,0,0
BRDA:91,27,1,0
BRDA:93,28,0,0
BRDA:93,28,1,0
BRDA:93,29,0,0
BRDA:93,29,1,0
BRDA:96,30,0,0
BRDA:96,30,1,0
BRDA:118,31,0,0
BRDA:118,31,1,0
BRDA:119,32,0,0
BRDA:119,32,1,0
BRDA:129,33,0,0
BRDA:129,33,1,0
BRDA:133,34,0,0
BRDA:133,34,1,0
BRDA:136,35,0,0
BRDA:136,35,1,0
BRDA:139,36,0,0
BRDA:139,36,1,0
BRDA:150,37,0,0
BRDA:150,37,1,0
BRDA:150,38,0,0
BRDA:150,38,1,0
BRDA:158,39,0,0
BRDA:158,39,1,0
BRDA:158,40,0,0
BRDA:158,40,1,0
BRDA:161,41,0,0
BRDA:161,41,1,0
BRDA:161,42,0,0
BRDA:161,42,1,0
BRDA:163,43,0,0
BRDA:163,43,1,0
BRDA:164,44,0,0
BRDA:164,44,1,0
BRDA:165,45,0,0
BRDA:165,45,1,0
BRDA:166,46,0,0
BRDA:166,46,1,0
BRDA:167,47,0,0
BRDA:167,47,1,0
BRDA:173,48,0,0
BRDA:173,48,1,0
BRDA:178,49,0,0
BRDA:178,49,1,0
BRDA:179,50,0,0
BRDA:179,50,1,0
BRDA:185,51,0,0
BRDA:185,51,1,0
BRDA:191,52,0,0
BRDA:191,52,1,0
BRDA:194,53,0,0
BRDA:194,53,1,0
BRDA:196,54,0,0
BRDA:196,54,1,0
BRDA:198,55,0,0
BRDA:198,55,1,0
BRDA:212,56,0,0
BRDA:212,56,1,0
BRDA:229,57,0,0
BRDA:229,57,1,0
BRDA:231,58,0,0
BRDA:231,58,1,0
BRDA:231,59,0,0
BRDA:231,59,1,0
BRDA:240,60,0,0
BRDA:240,60,1,0
BRDA:244,61,0,0
BRDA:244,61,1,0
BRDA:261,62,0,0
BRDA:261,62,1,0
BRDA:261,63,0,0
BRDA:261,63,1,0
BRDA:263,64,0,0
BRDA:263,64,1,0
BRDA:269,65,0,0
BRDA:269,65,1,0
BRDA:271,66,0,0
BRDA:271,66,1,0
BRDA:272,67,0,0
BRDA:272,67,1,0
BRDA:273,68,0,0
BRDA:273,68,1,0
BRDA:274,69,0,0
BRDA:274,69,1,0
BRDA:275,70,0,0
BRDA:275,70,1,0
BRDA:276,71,0,0
BRDA:276,71,1,0
BRDA:277,72,0,0
BRDA:277,72,1,0
BRDA:278,73,0,0
BRDA:278,73,1,0
BRDA:280,74,0,0
BRDA:280,74,1,0
BRDA:280,75,0,0
BRDA:280,75,1,0
BRDA:289,76,0,0
BRDA:289,76,1,0
BRDA:372,77,0,0
BRDA:372,77,1,0
BRDA:376,78,0,0
BRDA:376,78,1,0
BRDA:380,79,0,0
BRDA:380,79,1,0
BRDA:391,80,0,0
BRDA:391,80,1,0
BRDA:418,81,0,0
BRDA:418,81,1,0
BRDA:445,82,0,0
BRDA:445,82,1,0
BRDA:450,83,0,0
BRDA:450,83,1,0
BRDA:450,83,2,0
BRDA:450,83,3,0
BRDA:450,83,4,0
BRDA:450,83,5,0
BRDA:457,84,0,0
BRDA:457,84,1,0
BRDA:457,84,2,0
BRDA:457,84,3,0
BRDA:458,85,0,0
BRDA:458,85,1,0
BRDA:458,85,2,0
BRDA:459,86,0,0
BRDA:459,86,1,0
BRDA:459,86,2,0
BRDA:461,87,0,0
BRDA:461,87,1,0
BRDA:461,87,2,0
BRDA:461,87,3,0
BRDA:466,88,0,0
BRDA:466,88,1,0
BRDA:466,88,2,0
BRDA:466,88,3,0
BRDA:471,89,0,0
BRDA:471,89,1,0
BRDA:471,89,2,0
BRDA:471,89,3,0
BRDA:476,90,0,0
BRDA:476,90,1,0
BRDA:476,90,2,0
BRDA:476,90,3,0
BRDA:481,91,0,0
BRDA:481,91,1,0
BRDA:481,91,2,0
BRDA:481,91,3,0
BRDA:486,92,0,0
BRDA:486,92,1,0
BRDA:486,92,2,0
BRDA:486,92,3,0
BRDA:491,93,0,0
BRDA:491,93,1,0
BRDA:491,93,2,0
BRDA:491,93,3,0
BRDA:496,94,0,0
BRDA:496,94,1,0
BRDA:496,94,2,0
BRDA:496,94,3,0
BRDA:496,94,4,0
BRDA:509,95,0,0
BRDA:509,95,1,0
BRDA:510,96,0,0
BRDA:510,96,1,0
BRDA:511,97,0,0
BRDA:511,97,1,0
BRDA:518,98,0,0
BRDA:518,98,1,0
BRDA:520,99,0,0
BRDA:520,99,1,0
BRDA:532,100,0,0
BRDA:532,100,1,0
BRDA:532,100,2,0
BRDA:535,101,0,0
BRDA:535,101,1,0
BRDA:537,102,0,0
BRDA:537,102,1,0
BRDA:537,102,2,0
BRDA:537,102,3,0
BRDA:541,103,0,0
BRDA:541,103,1,0
BRDA:542,104,0,0
BRDA:542,104,1,0
BRDA:544,105,0,0
BRDA:544,105,1,0
BRDA:544,105,2,0
BRDA:545,106,0,0
BRDA:545,106,1,0
BRDA:548,107,0,0
BRDA:548,107,1,0
BRDA:550,108,0,0
BRDA:550,108,1,0
BRDA:550,108,2,0
BRDA:550,108,3,0
BRDA:550,108,4,0
BRDA:559,109,0,0
BRDA:559,109,1,0
BRDA:560,110,0,0
BRDA:560,110,1,0
BRDA:562,111,0,0
BRDA:562,111,1,0
BRDA:565,112,0,0
BRDA:565,112,1,0
BRDA:565,112,2,0
BRDA:565,112,3,0
BRDA:565,112,4,0
BRDA:570,113,0,0
BRDA:570,113,1,0
BRDA:586,114,0,0
BRDA:586,114,1,0
BRDA:600,115,0,0
BRDA:600,115,1,0
BRDA:601,116,0,0
BRDA:601,116,1,0
BRDA:602,117,0,0
BRDA:602,117,1,0
BRDA:610,118,0,0
BRDA:610,118,1,0
BRDA:610,118,2,0
BRDA:610,118,3,0
BRDA:615,119,0,0
BRDA:615,119,1,0
BRDA:616,120,0,0
BRDA:616,120,1,0
BRDA:617,121,0,0
BRDA:617,121,1,0
BRDA:621,122,0,0
BRDA:621,123,0,0
BRDA:622,124,0,0
BRDA:622,124,1,0
BRDA:622,125,0,0
BRDA:622,125,1,0
BRDA:624,126,0,0
BRDA:624,126,1,0
BRDA:624,127,0,0
BRDA:624,127,1,0
BRDA:626,128,0,0
BRDA:626,128,1,0
BRDA:636,129,0,0
BRDA:636,129,1,0
BRDA:636,130,0,0
BRDA:636,130,1,0
BRDA:638,131,0,0
BRDA:638,131,1,0
BRDA:638,132,0,0
BRDA:638,132,1,0
BRDA:651,133,0,0
BRDA:651,133,1,0
BRDA:651,134,0,0
BRDA:651,134,1,0
BRDA:653,135,0,0
BRDA:653,135,1,0
BRDA:667,136,0,0
BRDA:667,136,1,0
BRDA:670,137,0,0
BRDA:670,137,1,0
BRDA:670,138,0,0
BRDA:670,138,1,0
BRDA:674,139,0,0
BRDA:674,139,1,0
BRDA:674,139,2,0
BRDA:675,140,0,0
BRDA:675,140,1,0
BRDA:676,141,0,0
BRDA:676,141,1,0
BRDA:676,141,2,0
BRDA:677,142,0,0
BRDA:677,142,1,0
BRDA:678,143,0,0
BRDA:678,143,1,0
BRDA:679,144,0,0
BRDA:679,144,1,0
BRDA:681,145,0,0
BRDA:681,145,1,0
BRDA:681,145,2,0
BRDA:683,146,0,0
BRDA:683,146,1,0
BRDA:683,146,2,0
BRDA:684,147,0,0
BRDA:684,147,1,0
BRDA:686,148,0,0
BRDA:686,148,1,0
BRDA:686,148,2,0
BRDA:686,148,3,0
BRDA:686,148,4,0
BRDA:686,148,5,0
BRDA:694,149,0,0
BRDA:694,149,1,0
BRDA:694,149,2,0
BRDA:694,149,3,0
BRDA:694,149,4,0
BRDA:699,150,0,0
BRDA:699,150,1,0
BRDA:699,151,0,0
BRDA:699,151,1,0
BRDA:703,152,0,0
BRDA:703,152,1,0
BRDA:703,152,2,0
BRDA:703,152,3,0
BRDA:704,153,0,0
BRDA:704,153,1,0
BRDA:706,154,0,0
BRDA:706,154,1,0
BRDA:708,155,0,0
BRDA:708,155,1,0
BRDA:714,156,0,0
BRDA:714,156,1,0
BRDA:753,157,0,0
BRDA:753,157,1,0
BRDA:767,158,0,0
BRDA:767,158,1,0
BRDA:768,159,0,0
BRDA:768,159,1,0
BRDA:769,160,0,0
BRDA:769,160,1,0
BRDA:782,161,0,0
BRDA:782,161,1,0
BRDA:783,162,0,0
BRDA:783,162,1,0
BRDA:784,163,0,0
BRDA:784,163,1,0
BRDA:799,164,0,0
BRDA:799,164,1,0
BRDA:799,165,0,0
BRDA:799,165,1,0
BRDA:803,166,0,0
BRDA:803,166,1,0
BRDA:810,167,0,0
BRDA:810,168,0,0
BRDA:811,169,0,0
BRDA:811,169,1,0
BRDA:811,170,0,0
BRDA:811,170,1,0
BRDA:813,171,0,0
BRDA:813,171,1,0
BRDA:813,172,0,0
BRDA:813,172,1,0
BRDA:815,173,0,0
BRDA:815,173,1,0
BRDA:824,174,0,0
BRDA:824,174,1,0
BRDA:824,175,0,0
BRDA:824,175,1,0
BRDA:826,176,0,0
BRDA:826,176,1,0
BRDA:826,177,0,0
BRDA:826,177,1,0
BRDA:838,178,0,0
BRDA:838,178,1,0
BRDA:838,178,2,0
BRDA:840,179,0,0
BRDA:840,179,1,0
BRDA:840,180,0,0
BRDA:840,180,1,0
BRDA:842,181,0,0
BRDA:842,181,1,0
BRDA:848,182,0,0
BRDA:848,182,1,0
BRDA:848,182,2,0
BRDA:848,182,3,0
BRDA:848,182,4,0
BRDA:875,183,0,0
BRDA:875,183,1,0
BRDA:881,184,0,0
BRDA:881,184,1,0
BRDA:881,185,0,0
BRDA:881,185,1,0
BRDA:883,186,0,0
BRDA:883,186,1,0
BRDA:889,187,0,0
BRDA:889,187,1,0
BRDA:889,188,0,0
BRDA:889,188,1,0
BRDA:891,189,0,0
BRDA:891,189,1,0
BRDA:909,190,0,0
BRDA:909,190,1,0
BRDA:925,191,0,0
BRDA:925,191,1,0
BRDA:925,192,0,0
BRDA:925,192,1,0
BRDA:943,193,0,0
BRDA:943,193,1,0
BRDA:945,194,0,0
BRDA:945,194,1,0
BRDA:946,195,0,0
BRDA:946,195,1,0
BRDA:950,196,0,0
BRDA:950,196,1,0
BRDA:956,197,0,0
BRDA:956,197,1,0
BRDA:976,198,0,0
BRDA:976,198,1,0
BRDA:977,199,0,0
BRDA:977,199,1,0
BRDA:987,200,0,0
BRDA:987,200,1,0
BRDA:992,201,0,0
BRDA:992,201,1,0
BRDA:993,202,0,0
BRDA:993,202,1,0
BRDA:994,203,0,0
BRDA:994,203,1,0
BRDA:995,204,0,0
BRDA:995,204,1,0
BRDA:1010,205,0,0
BRDA:1010,205,1,0
BRDA:1012,206,0,0
BRDA:1012,206,1,0
BRDA:1019,207,0,0
BRDA:1019,207,1,0
BRDA:1020,208,0,0
BRDA:1020,208,1,0
BRDA:1022,209,0,0
BRDA:1022,209,1,0
BRDA:1031,210,0,0
BRDA:1031,210,1,0
BRDA:1036,211,0,0
BRDA:1036,211,1,0
BRDA:1036,212,0,0
BRDA:1036,212,1,0
BRDA:1051,213,0,0
BRDA:1051,213,1,0
BRDA:1051,213,2,0
BRDA:1052,214,0,0
BRDA:1052,214,1,0
BRDA:1053,215,0,0
BRDA:1053,215,1,0
BRDA:1054,216,0,0
BRDA:1054,216,1,0
BRDA:1054,216,2,0
BRDA:1055,217,0,0
BRDA:1055,217,1,0
BRDA:1063,218,0,0
BRDA:1063,218,1,0
BRDA:1063,219,0,0
BRDA:1063,219,1,0
BRDA:1064,220,0,0
BRDA:1064,220,1,0
BRDA:1064,221,0,0
BRDA:1064,221,1,0
BRDA:1072,222,0,0
BRDA:1072,222,1,0
BRDA:1072,223,0,0
BRDA:1072,223,1,0
BRDA:1073,224,0,0
BRDA:1073,224,1,0
BRDA:1073,225,0,0
BRDA:1073,225,1,0
BRDA:1080,226,0,0
BRDA:1080,226,1,0
BRDA:1090,227,0,0
BRDA:1090,227,1,0
BRDA:1091,228,0,0
BRDA:1091,228,1,0
BRDA:1093,229,0,0
BRDA:1093,229,1,0
BRDA:1093,230,0,0
BRDA:1093,230,1,0
BRDA:1100,231,0,0
BRDA:1100,231,1,0
BRDA:1102,232,0,0
BRDA:1102,232,1,0
BRDA:1131,233,0,0
BRDA:1131,233,1,0
BRDA:1131,234,0,0
BRDA:1131,234,1,0
BRDA:1131,234,2,0
BRDA:1133,235,0,0
BRDA:1133,235,1,0
BRDA:1135,236,0,0
BRDA:1135,236,1,0
BRDA:1135,237,0,0
BRDA:1135,237,1,0
BRDA:1142,238,0,0
BRDA:1142,238,1,0
BRDA:1142,238,2,0
BRDA:1142,238,3,0
BRDA:1142,238,4,0
BRDA:1142,238,5,0
BRDA:1150,239,0,0
BRDA:1150,239,1,0
BRDA:1150,239,2,0
BRDA:1152,240,0,0
BRDA:1152,240,1,0
BRDA:1189,241,0,0
BRDA:1189,241,1,0
BRF:542
BRH:4
end_of_record
TN:
SF:src\hooks\useErrorHandler.js
FN:4,(anonymous_0)
FN:7,(anonymous_1)
FN:21,(anonymous_2)
FNF:3
FNH:0
FNDA:0,(anonymous_0)
FNDA:0,(anonymous_1)
FNDA:0,(anonymous_2)
DA:4,0
DA:5,0
DA:7,0
DA:8,0
DA:17,0
DA:18,0
DA:21,0
DA:22,0
DA:25,0
LF:9
LH:0
BRDA:7,0,0,0
BRDA:9,1,0,0
BRDA:9,1,1,0
BRF:3
BRH:0
end_of_record
TN:
SF:src\hooks\useMenuData.js
FN:6,(anonymous_0)
FN:17,(anonymous_1)
FN:25,(anonymous_2)
FN:25,(anonymous_3)
FN:27,(anonymous_4)
FN:30,(anonymous_5)
FN:89,(anonymous_6)
FN:94,(anonymous_7)
FNF:8
FNH:5
FNDA:0,(anonymous_0)
FNDA:10,(anonymous_1)
FNDA:0,(anonymous_2)
FNDA:0,(anonymous_3)
FNDA:5,(anonymous_4)
FNDA:5,(anonymous_5)
FNDA:5,(anonymous_6)
FNDA:5,(anonymous_7)
DA:6,3
DA:7,0
DA:8,0
DA:9,0
DA:11,0
DA:15,3
DA:17,3
DA:18,10
DA:19,10
DA:20,10
DA:21,10
DA:22,10
DA:23,10
DA:25,10
DA:27,10
DA:28,5
DA:30,5
DA:31,5
DA:32,5
DA:33,5
DA:34,5
DA:36,5
DA:38,0
DA:39,0
DA:42,0
DA:43,0
DA:44,0
DA:45,0
DA:46,0
DA:49,0
DA:50,0
DA:52,0
DA:53,0
DA:54,0
DA:56,0
DA:57,0
DA:58,0
DA:60,0
DA:63,0
DA:64,0
DA:66,0
DA:67,0
DA:68,0
DA:71,0
DA:72,0
DA:73,0
DA:74,0
DA:75,0
DA:81,0
DA:84,0
DA:88,5
DA:89,5
DA:90,5
DA:94,10
DA:96,10
LF:55
LH:23
BRDA:9,0,0,0
BRDA:9,0,1,0
BRDA:38,1,0,0
BRDA:38,1,1,0
BRDA:42,2,0,0
BRDA:42,2,1,0
BRDA:43,3,0,0
BRDA:43,3,1,0
BRDA:50,4,0,0
BRDA:50,4,1,0
BRDA:64,5,0,0
BRDA:64,5,1,0
BRDA:67,6,0,0
BRDA:67,6,1,0
BRDA:68,7,0,0
BRDA:68,7,1,0
BRDA:71,8,0,0
BRDA:71,8,1,0
BRDA:76,9,0,0
BRDA:76,9,1,0
BRDA:77,10,0,0
BRDA:77,10,1,0
BRDA:84,11,0,0
BRDA:84,11,1,0
BRF:24
BRH:0
end_of_record
TN:
SF:src\pages\AboutPage.jsx
FN:77,(anonymous_0)
FN:155,(anonymous_1)
FN:191,(anonymous_2)
FNF:3
FNH:0
FNDA:0,(anonymous_0)
FNDA:0,(anonymous_1)
FNDA:0,(anonymous_2)
DA:11,0
DA:41,0
DA:77,0
DA:79,0
DA:157,0
DA:193,0
LF:6
LH:0
BRF:0
BRH:0
end_of_record
TN:
SF:src\pages\AllergensPage.jsx
FN:5,(anonymous_0)
FNF:1
FNH:0
FNDA:0,(anonymous_0)
DA:5,0
DA:6,0
LF:2
LH:0
BRF:0
BRH:0
end_of_record
TN:
SF:src\pages\CardapioPage.jsx
FN:48,(anonymous_0)
FN:76,(anonymous_1)
FN:78,(anonymous_2)
FN:86,(anonymous_3)
FN:88,(anonymous_4)
FN:89,(anonymous_5)
FN:110,(anonymous_6)
FN:118,(anonymous_7)
FN:132,(anonymous_8)
FN:143,(anonymous_9)
FN:156,(anonymous_10)
FN:165,(anonymous_11)
FN:171,(anonymous_12)
FN:193,(anonymous_13)
FN:201,(anonymous_14)
FN:201,(anonymous_15)
FN:207,(anonymous_16)
FN:207,(anonymous_17)
FN:209,(anonymous_18)
FN:221,(anonymous_19)
FN:222,(anonymous_20)
FN:230,(anonymous_21)
FN:245,isPizzariaOpen
FN:254,(anonymous_23)
FN:259,(anonymous_24)
FN:264,(anonymous_25)
FN:315,(anonymous_26)
FN:324,(anonymous_27)
FN:332,(anonymous_28)
FN:352,(anonymous_29)
FN:371,(anonymous_30)
FN:380,(anonymous_31)
FN:409,(anonymous_32)
FN:413,(anonymous_33)
FN:413,(anonymous_34)
FN:417,(anonymous_35)
FN:417,(anonymous_36)
FN:422,(anonymous_37)
FN:438,(anonymous_38)
FN:447,(anonymous_39)
FN:450,(anonymous_40)
FN:481,(anonymous_41)
FN:487,(anonymous_42)
FN:488,(anonymous_43)
FN:493,(anonymous_44)
FN:496,(anonymous_45)
FN:499,(anonymous_46)
FN:500,(anonymous_47)
FN:534,(anonymous_48)
FN:543,(anonymous_49)
FN:544,(anonymous_50)
FN:549,(anonymous_51)
FN:552,(anonymous_52)
FN:584,(anonymous_53)
FN:586,(anonymous_54)
FN:606,(anonymous_55)
FN:615,(anonymous_56)
FN:621,(anonymous_57)
FN:633,(anonymous_58)
FN:636,(anonymous_59)
FN:651,(anonymous_60)
FN:656,(anonymous_61)
FN:661,(anonymous_62)
FN:675,(anonymous_63)
FN:688,(anonymous_64)
FN:697,(anonymous_65)
FN:710,(anonymous_66)
FN:733,(anonymous_67)
FN:736,(anonymous_68)
FN:744,(anonymous_69)
FN:753,(anonymous_70)
FN:758,(anonymous_71)
FN:782,(anonymous_72)
FN:811,(anonymous_73)
FN:879,(anonymous_74)
FN:886,(anonymous_75)
FN:888,(anonymous_76)
FN:919,(anonymous_77)
FN:922,(anonymous_78)
FN:933,(anonymous_79)
FN:948,(anonymous_80)
FN:951,(anonymous_81)
FN:964,(anonymous_82)
FN:995,(anonymous_83)
FN:1067,(anonymous_84)
FN:1133,(anonymous_85)
FN:1145,(anonymous_86)
FN:1171,(anonymous_87)
FN:1182,(anonymous_88)
FN:1186,(anonymous_89)
FN:1187,(anonymous_90)
FN:1209,(anonymous_91)
FN:1215,(anonymous_92)
FN:1237,(anonymous_93)
FN:1255,(anonymous_94)
FN:1256,(anonymous_95)
FN:1269,(anonymous_96)
FN:1284,(anonymous_97)
FN:1285,(anonymous_98)
FN:1287,(anonymous_99)
FN:1308,(anonymous_100)
FN:1309,(anonymous_101)
FN:1319,(anonymous_102)
FN:1319,(anonymous_103)
FN:1340,(anonymous_104)
FN:1350,(anonymous_105)
FN:1372,(anonymous_106)
FN:1439,(anonymous_107)
FNF:108
FNH:36
FNDA:0,(anonymous_0)
FNDA:0,(anonymous_1)
FNDA:0,(anonymous_2)
FNDA:0,(anonymous_3)
FNDA:0,(anonymous_4)
FNDA:0,(anonymous_5)
FNDA:0,(anonymous_6)
FNDA:0,(anonymous_7)
FNDA:0,(anonymous_8)
FNDA:0,(anonymous_9)
FNDA:0,(anonymous_10)
FNDA:0,(anonymous_11)
FNDA:0,(anonymous_12)
FNDA:8,(anonymous_13)
FNDA:0,(anonymous_14)
FNDA:0,(anonymous_15)
FNDA:0,(anonymous_16)
FNDA:0,(anonymous_17)
FNDA:0,(anonymous_18)
FNDA:0,(anonymous_19)
FNDA:0,(anonymous_20)
FNDA:0,(anonymous_21)
FNDA:4,isPizzariaOpen
FNDA:0,(anonymous_23)
FNDA:0,(anonymous_24)
FNDA:0,(anonymous_25)
FNDA:0,(anonymous_26)
FNDA:0,(anonymous_27)
FNDA:0,(anonymous_28)
FNDA:0,(anonymous_29)
FNDA:48,(anonymous_30)
FNDA:8,(anonymous_31)
FNDA:2,(anonymous_32)
FNDA:2,(anonymous_33)
FNDA:0,(anonymous_34)
FNDA:2,(anonymous_35)
FNDA:0,(anonymous_36)
FNDA:2,(anonymous_37)
FNDA:2,(anonymous_38)
FNDA:2,(anonymous_39)
FNDA:2,(anonymous_40)
FNDA:2,(anonymous_41)
FNDA:2,(anonymous_42)
FNDA:2,(anonymous_43)
FNDA:2,(anonymous_44)
FNDA:2,(anonymous_45)
FNDA:0,(anonymous_46)
FNDA:0,(anonymous_47)
FNDA:1,(anonymous_48)
FNDA:2,(anonymous_49)
FNDA:4,(anonymous_50)
FNDA:2,(anonymous_51)
FNDA:4,(anonymous_52)
FNDA:2,(anonymous_53)
FNDA:0,(anonymous_54)
FNDA:4,(anonymous_55)
FNDA:0,(anonymous_56)
FNDA:0,(anonymous_57)
FNDA:1,(anonymous_58)
FNDA:0,(anonymous_59)
FNDA:4,(anonymous_60)
FNDA:0,(anonymous_61)
FNDA:0,(anonymous_62)
FNDA:1,(anonymous_63)
FNDA:4,(anonymous_64)
FNDA:8,(anonymous_65)
FNDA:0,(anonymous_66)
FNDA:1,(anonymous_67)
FNDA:4,(anonymous_68)
FNDA:1,(anonymous_69)
FNDA:0,(anonymous_70)
FNDA:0,(anonymous_71)
FNDA:0,(anonymous_72)
FNDA:0,(anonymous_73)
FNDA:0,(anonymous_74)
FNDA:0,(anonymous_75)
FNDA:16,(anonymous_76)
FNDA:64,(anonymous_77)
FNDA:0,(anonymous_78)
FNDA:16,(anonymous_79)
FNDA:32,(anonymous_80)
FNDA:1,(anonymous_81)
FNDA:0,(anonymous_82)
FNDA:0,(anonymous_83)
FNDA:0,(anonymous_84)
FNDA:0,(anonymous_85)
FNDA:0,(anonymous_86)
FNDA:0,(anonymous_87)
FNDA:0,(anonymous_88)
FNDA:0,(anonymous_89)
FNDA:0,(anonymous_90)
FNDA:0,(anonymous_91)
FNDA:0,(anonymous_92)
FNDA:0,(anonymous_93)
FNDA:0,(anonymous_94)
FNDA:0,(anonymous_95)
FNDA:0,(anonymous_96)
FNDA:0,(anonymous_97)
FNDA:0,(anonymous_98)
FNDA:0,(anonymous_99)
FNDA:0,(anonymous_100)
FNDA:0,(anonymous_101)
FNDA:0,(anonymous_102)
FNDA:0,(anonymous_103)
FNDA:0,(anonymous_104)
FNDA:0,(anonymous_105)
FNDA:0,(anonymous_106)
FNDA:0,(anonymous_107)
DA:38,1
DA:48,1
DA:49,0
DA:50,0
DA:51,0
DA:52,0
DA:62,1
DA:64,1
DA:66,1
DA:76,1
DA:77,0
DA:78,0
DA:80,0
DA:81,0
DA:82,0
DA:83,0
DA:86,1
DA:87,0
DA:88,0
DA:89,0
DA:91,0
DA:93,0
DA:94,0
DA:95,0
DA:97,0
DA:98,0
DA:99,0
DA:100,0
DA:102,0
DA:103,0
DA:104,0
DA:107,0
DA:109,0
DA:111,0
DA:118,1
DA:119,0
DA:121,0
DA:122,0
DA:123,0
DA:124,0
DA:125,0
DA:126,0
DA:129,0
DA:132,1
DA:133,0
DA:134,0
DA:137,0
DA:139,0
DA:140,0
DA:142,0
DA:144,0
DA:145,0
DA:146,0
DA:156,1
DA:157,0
DA:158,0
DA:159,0
DA:160,0
DA:161,0
DA:162,0
DA:165,1
DA:166,0
DA:168,0
DA:169,0
DA:170,0
DA:171,0
DA:174,0
DA:177,0
DA:179,0
DA:181,0
DA:182,0
DA:183,0
DA:185,0
DA:186,0
DA:187,0
DA:190,0
DA:193,1
DA:194,8
DA:195,4
DA:196,4
DA:199,0
DA:200,0
DA:201,0
DA:206,0
DA:207,0
DA:209,0
DA:212,0
DA:214,0
DA:218,0
DA:219,0
DA:220,0
DA:221,0
DA:223,0
DA:224,0
DA:225,0
DA:227,0
DA:230,0
DA:231,0
DA:232,0
DA:233,0
DA:236,0
DA:239,0
DA:240,0
DA:241,0
DA:242,0
DA:246,4
DA:247,4
DA:248,4
DA:249,4
DA:250,4
DA:254,1
DA:255,0
DA:256,0
DA:259,1
DA:260,0
DA:261,0
DA:264,1
DA:265,0
DA:266,0
DA:267,0
DA:268,0
DA:269,0
DA:281,0
DA:288,0
DA:294,0
DA:296,0
DA:315,1
DA:316,0
DA:324,1
DA:325,0
DA:332,1
DA:333,0
DA:335,0
DA:338,0
DA:340,0
DA:343,0
DA:345,0
DA:352,1
DA:353,0
DA:354,0
DA:355,0
DA:359,1
DA:371,1
DA:372,48
DA:373,48
DA:374,40
DA:375,40
DA:380,1
DA:381,8
DA:382,8
DA:384,8
DA:386,8
DA:387,8
DA:388,8
DA:389,8
DA:391,8
DA:392,8
DA:393,8
DA:394,8
DA:396,8
DA:397,8
DA:406,8
DA:408,8
DA:409,2
DA:412,8
DA:413,2
DA:416,8
DA:417,2
DA:420,8
DA:422,8
DA:423,2
DA:424,2
DA:425,2
DA:426,1
DA:427,1
DA:428,1
DA:429,1
DA:435,8
DA:436,8
DA:438,8
DA:439,2
DA:440,2
DA:441,2
DA:447,8
DA:448,2
DA:450,2
DA:451,2
DA:452,2
DA:453,2
DA:455,2
DA:456,2
DA:457,0
DA:460,2
DA:461,2
DA:463,2
DA:466,2
DA:468,0
DA:469,0
DA:470,0
DA:474,2
DA:478,2
DA:479,2
DA:481,2
DA:482,2
DA:483,2
DA:487,8
DA:488,2
DA:489,2
DA:491,2
DA:492,2
DA:493,2
DA:496,8
DA:497,2
DA:498,0
DA:499,0
DA:500,0
DA:504,8
DA:505,8
DA:506,8
DA:507,8
DA:508,8
DA:509,8
DA:510,8
DA:511,8
DA:512,8
DA:513,8
DA:514,8
DA:515,8
DA:516,8
DA:518,8
DA:520,8
DA:521,8
DA:523,8
DA:527,8
DA:534,8
DA:535,1
DA:536,0
DA:539,0
DA:543,8
DA:544,4
DA:545,2
DA:549,8
DA:550,2
DA:552,2
DA:553,4
DA:556,4
DA:558,4
DA:561,4
DA:563,4
DA:565,4
DA:566,4
DA:567,4
DA:568,0
DA:569,0
DA:570,0
DA:571,0
DA:572,0
DA:573,0
DA:576,0
DA:579,4
DA:584,8
DA:585,2
DA:586,0
DA:591,8
DA:596,8
DA:597,8
DA:599,0
DA:602,0
DA:606,8
DA:607,4
DA:608,1
DA:609,0
DA:611,1
DA:614,8
DA:616,0
DA:621,0
DA:625,8
DA:631,8
DA:633,8
DA:634,1
DA:635,0
DA:636,0
DA:638,1
DA:639,1
DA:640,1
DA:641,1
DA:642,1
DA:643,1
DA:644,1
DA:645,1
DA:646,1
DA:647,1
DA:648,1
DA:651,8
DA:652,4
DA:654,3
DA:655,3
DA:656,0
DA:659,3
DA:660,0
DA:661,0
DA:662,0
DA:666,3
DA:667,0
DA:668,0
DA:669,0
DA:671,0
DA:675,8
DA:676,1
DA:677,1
DA:678,1
DA:680,1
DA:681,0
DA:682,0
DA:683,0
DA:684,0
DA:688,8
DA:689,4
DA:691,1
DA:693,1
DA:695,1
DA:697,8
DA:701,1
DA:702,1
DA:704,1
DA:705,1
DA:706,0
DA:707,0
DA:710,1
DA:711,0
DA:712,0
DA:713,0
DA:716,0
DA:718,0
DA:719,0
DA:720,0
DA:723,0
DA:724,0
DA:725,0
DA:726,0
DA:727,0
DA:728,0
DA:732,1
DA:733,1
DA:736,8
DA:737,4
DA:738,0
DA:739,0
DA:740,0
DA:744,8
DA:745,1
DA:746,1
DA:748,1
DA:749,1
DA:750,0
DA:752,1
DA:754,0
DA:758,0
DA:760,1
DA:764,1
DA:777,1
DA:781,8
DA:782,0
DA:786,8
DA:811,0
DA:879,0
DA:886,0
DA:889,16
DA:920,64
DA:922,0
DA:934,16
DA:935,16
DA:936,16
DA:938,16
DA:939,16
DA:941,16
DA:945,16
DA:949,32
DA:951,1
DA:965,0
DA:996,0
DA:997,0
DA:1067,0
DA:1133,0
DA:1145,0
DA:1172,0
DA:1173,0
DA:1182,0
DA:1186,0
DA:1188,0
DA:1209,0
DA:1217,0
DA:1218,0
DA:1219,0
DA:1223,0
DA:1227,0
DA:1237,0
DA:1256,0
DA:1257,0
DA:1271,0
DA:1272,0
DA:1273,0
DA:1275,0
DA:1285,0
DA:1286,0
DA:1287,0
DA:1309,0
DA:1319,0
DA:1340,0
DA:1351,0
DA:1360,0
DA:1368,0
DA:1373,0
DA:1374,0
DA:1439,0
LF:415
LH:203
BRDA:49,0,0,0
BRDA:49,0,1,0
BRDA:54,1,0,0
BRDA:54,1,1,0
BRDA:55,2,0,0
BRDA:55,2,1,0
BRDA:80,3,0,0
BRDA:80,3,1,0
BRDA:81,4,0,0
BRDA:81,4,1,0
BRDA:82,5,0,0
BRDA:82,5,1,0
BRDA:88,6,0,0
BRDA:88,6,1,0
BRDA:91,7,0,0
BRDA:91,7,1,0
BRDA:98,8,0,0
BRDA:98,8,1,0
BRDA:111,9,0,0
BRDA:111,9,1,0
BRDA:119,10,0,0
BRDA:119,10,1,0
BRDA:121,11,0,0
BRDA:121,11,1,0
BRDA:121,12,0,0
BRDA:121,12,1,0
BRDA:125,13,0,0
BRDA:125,13,1,0
BRDA:133,14,0,0
BRDA:133,14,1,0
BRDA:134,15,0,0
BRDA:134,15,1,0
BRDA:137,16,0,0
BRDA:137,16,1,0
BRDA:139,17,0,0
BRDA:139,17,1,0
BRDA:140,18,0,0
BRDA:140,18,1,0
BRDA:145,19,0,0
BRDA:145,19,1,0
BRDA:149,20,0,0
BRDA:149,20,1,0
BRDA:150,21,0,0
BRDA:150,21,1,0
BRDA:157,22,0,0
BRDA:157,22,1,0
BRDA:157,23,0,0
BRDA:157,23,1,0
BRDA:161,24,0,0
BRDA:161,24,1,0
BRDA:161,25,0,0
BRDA:161,25,1,0
BRDA:165,26,0,0
BRDA:166,27,0,0
BRDA:166,27,1,0
BRDA:166,28,0,0
BRDA:166,28,1,0
BRDA:170,29,0,0
BRDA:170,29,1,0
BRDA:174,30,0,0
BRDA:174,30,1,0
BRDA:174,31,0,0
BRDA:174,31,1,0
BRDA:177,32,0,0
BRDA:177,32,1,0
BRDA:177,32,2,0
BRDA:179,33,0,0
BRDA:179,33,1,0
BRDA:179,33,2,0
BRDA:183,34,0,0
BRDA:183,34,1,0
BRDA:183,35,0,0
BRDA:183,35,1,0
BRDA:186,36,0,0
BRDA:186,36,1,0
BRDA:187,37,0,0
BRDA:187,37,1,0
BRDA:190,38,0,0
BRDA:190,38,1,0
BRDA:194,39,0,4
BRDA:194,39,1,4
BRDA:195,40,0,4
BRDA:195,40,1,0
BRDA:200,41,0,0
BRDA:200,41,1,0
BRDA:202,42,0,0
BRDA:202,42,1,0
BRDA:206,43,0,0
BRDA:206,43,1,0
BRDA:212,44,0,0
BRDA:212,44,1,0
BRDA:214,45,0,0
BRDA:214,45,1,0
BRDA:218,46,0,0
BRDA:218,46,1,0
BRDA:223,47,0,0
BRDA:223,47,1,0
BRDA:223,48,0,0
BRDA:223,48,1,0
BRDA:224,49,0,0
BRDA:224,49,1,0
BRDA:240,50,0,0
BRDA:240,50,1,0
BRDA:241,51,0,0
BRDA:241,51,1,0
BRDA:245,52,0,4
BRDA:248,53,0,0
BRDA:248,53,1,4
BRDA:250,54,0,4
BRDA:250,54,1,0
BRDA:256,55,0,0
BRDA:256,55,1,0
BRDA:261,56,0,0
BRDA:261,56,1,0
BRDA:265,57,0,0
BRDA:265,57,1,0
BRDA:266,58,0,0
BRDA:266,58,1,0
BRDA:268,59,0,0
BRDA:268,59,1,0
BRDA:281,60,0,0
BRDA:281,60,1,0
BRDA:281,60,2,0
BRDA:281,60,3,0
BRDA:281,60,4,0
BRDA:281,60,5,0
BRDA:288,61,0,0
BRDA:288,61,1,0
BRDA:288,61,2,0
BRDA:288,61,3,0
BRDA:288,61,4,0
BRDA:288,61,5,0
BRDA:294,62,0,0
BRDA:294,62,1,0
BRDA:294,63,0,0
BRDA:294,63,1,0
BRDA:297,64,0,0
BRDA:297,64,1,0
BRDA:299,65,0,0
BRDA:299,65,1,0
BRDA:299,65,2,0
BRDA:300,66,0,0
BRDA:300,66,1,0
BRDA:300,66,2,0
BRDA:302,67,0,0
BRDA:302,67,1,0
BRDA:302,67,2,0
BRDA:302,67,3,0
BRDA:302,67,4,0
BRDA:307,68,0,0
BRDA:307,68,1,0
BRDA:307,68,2,0
BRDA:310,69,0,0
BRDA:310,69,1,0
BRDA:311,70,0,0
BRDA:311,70,1,0
BRDA:316,71,0,0
BRDA:316,71,1,0
BRDA:316,71,2,0
BRDA:316,71,3,0
BRDA:316,71,4,0
BRDA:316,71,5,0
BRDA:316,71,6,0
BRDA:325,72,0,0
BRDA:325,72,1,0
BRDA:325,72,2,0
BRDA:325,72,3,0
BRDA:325,72,4,0
BRDA:325,72,5,0
BRDA:333,73,0,0
BRDA:333,73,1,0
BRDA:335,74,0,0
BRDA:335,74,1,0
BRDA:336,75,0,0
BRDA:336,75,1,0
BRDA:337,76,0,0
BRDA:337,76,1,0
BRDA:338,77,0,0
BRDA:338,77,1,0
BRDA:341,78,0,0
BRDA:341,78,1,0
BRDA:341,78,2,0
BRDA:341,78,3,0
BRDA:343,79,0,0
BRDA:343,79,1,0
BRDA:346,80,0,0
BRDA:346,80,1,0
BRDA:347,81,0,0
BRDA:347,81,1,0
BRDA:347,81,2,0
BRDA:353,82,0,0
BRDA:353,82,1,0
BRDA:354,83,0,0
BRDA:354,83,1,0
BRDA:355,84,0,0
BRDA:355,84,1,0
BRDA:372,85,0,0
BRDA:372,85,1,48
BRDA:373,86,0,8
BRDA:373,86,1,40
BRDA:425,87,0,1
BRDA:425,87,1,1
BRDA:427,88,0,1
BRDA:427,88,1,0
BRDA:428,89,0,1
BRDA:428,89,1,0
BRDA:429,90,0,1
BRDA:429,90,1,0
BRDA:456,91,0,0
BRDA:456,91,1,2
BRDA:461,92,0,0
BRDA:461,92,1,2
BRDA:464,93,0,2
BRDA:464,93,1,0
BRDA:464,93,2,0
BRDA:466,94,0,2
BRDA:466,94,1,0
BRDA:466,94,2,0
BRDA:468,95,0,0
BRDA:468,95,1,0
BRDA:474,96,0,2
BRDA:474,96,1,0
BRDA:497,97,0,2
BRDA:497,97,1,0
BRDA:497,98,0,2
BRDA:497,98,1,2
BRDA:521,99,0,8
BRDA:521,99,1,8
BRDA:523,100,0,4
BRDA:523,100,1,4
BRDA:527,101,0,4
BRDA:527,101,1,4
BRDA:529,102,0,0
BRDA:529,102,1,4
BRDA:535,103,0,1
BRDA:535,103,1,0
BRDA:537,104,0,0
BRDA:537,104,1,0
BRDA:553,105,0,4
BRDA:553,105,1,0
BRDA:556,106,0,4
BRDA:556,106,1,0
BRDA:558,107,0,4
BRDA:558,107,1,0
BRDA:563,108,0,4
BRDA:563,108,1,0
BRDA:566,109,0,4
BRDA:566,109,1,0
BRDA:568,110,0,0
BRDA:568,110,1,0
BRDA:570,111,0,0
BRDA:570,111,1,0
BRDA:572,112,0,0
BRDA:572,112,1,0
BRDA:579,113,0,4
BRDA:579,113,1,4
BRDA:579,113,2,4
BRDA:585,114,0,2
BRDA:585,114,1,0
BRDA:586,115,0,0
BRDA:586,115,1,0
BRDA:591,116,0,8
BRDA:591,116,1,7
BRDA:592,117,0,0
BRDA:592,117,1,1
BRDA:597,118,0,0
BRDA:597,118,1,8
BRDA:597,119,0,8
BRDA:597,119,1,1
BRDA:597,119,2,0
BRDA:599,120,0,0
BRDA:599,120,1,0
BRDA:600,121,0,0
BRDA:600,121,1,0
BRDA:601,122,0,0
BRDA:601,122,1,0
BRDA:607,123,0,3
BRDA:607,123,1,1
BRDA:608,124,0,0
BRDA:608,124,1,1
BRDA:608,125,0,1
BRDA:608,125,1,0
BRDA:617,126,0,0
BRDA:617,126,1,0
BRDA:625,127,0,0
BRDA:625,127,1,8
BRDA:633,128,0,1
BRDA:634,129,0,0
BRDA:634,129,1,1
BRDA:652,130,0,1
BRDA:652,130,1,3
BRDA:652,131,0,4
BRDA:652,131,1,4
BRDA:655,132,0,0
BRDA:655,132,1,3
BRDA:659,133,0,0
BRDA:659,133,1,3
BRDA:659,134,0,3
BRDA:659,134,1,3
BRDA:662,135,0,0
BRDA:662,135,1,0
BRDA:666,136,0,0
BRDA:666,136,1,3
BRDA:668,137,0,0
BRDA:668,137,1,0
BRDA:668,138,0,0
BRDA:668,138,1,0
BRDA:680,139,0,0
BRDA:680,139,1,1
BRDA:680,140,0,1
BRDA:680,140,1,1
BRDA:689,141,0,3
BRDA:689,141,1,1
BRDA:695,142,0,1
BRDA:695,142,1,0
BRDA:704,143,0,1
BRDA:704,143,1,0
BRDA:704,144,0,1
BRDA:704,144,1,1
BRDA:706,145,0,0
BRDA:706,145,1,0
BRDA:706,146,0,0
BRDA:706,146,1,0
BRDA:711,147,0,0
BRDA:711,147,1,0
BRDA:716,148,0,0
BRDA:716,148,1,0
BRDA:718,149,0,0
BRDA:718,149,1,0
BRDA:718,150,0,0
BRDA:718,150,1,0
BRDA:723,151,0,0
BRDA:723,151,1,0
BRDA:723,152,0,0
BRDA:723,152,1,0
BRDA:726,153,0,0
BRDA:726,153,1,0
BRDA:726,154,0,0
BRDA:726,154,1,0
BRDA:737,155,0,4
BRDA:737,155,1,0
BRDA:737,156,0,4
BRDA:737,156,1,1
BRDA:737,156,2,0
BRDA:739,157,0,0
BRDA:739,157,1,0
BRDA:739,158,0,0
BRDA:739,158,1,0
BRDA:745,159,0,0
BRDA:745,159,1,1
BRDA:746,160,0,0
BRDA:746,160,1,1
BRDA:749,161,0,0
BRDA:749,161,1,1
BRDA:749,162,0,1
BRDA:749,162,1,0
BRDA:755,163,0,0
BRDA:755,163,1,0
BRDA:760,164,0,0
BRDA:760,164,1,1
BRDA:771,165,0,1
BRDA:771,165,1,1
BRDA:774,166,0,1
BRDA:774,166,1,1
BRDA:782,167,0,0
BRDA:782,167,1,0
BRDA:818,168,0,8
BRDA:818,168,1,0
BRDA:827,169,0,8
BRDA:827,169,1,0
BRDA:842,170,0,4
BRDA:842,170,1,4
BRDA:845,171,0,8
BRDA:845,171,1,2
BRDA:850,172,0,8
BRDA:850,172,1,0
BRDA:855,173,0,8
BRDA:855,173,1,0
BRDA:897,174,0,8
BRDA:897,174,1,0
BRDA:900,175,0,8
BRDA:900,175,1,0
BRDA:924,176,0,8
BRDA:924,176,1,56
BRDA:935,177,0,16
BRDA:935,177,1,0
BRDA:938,178,0,16
BRDA:938,178,1,0
BRDA:942,179,0,16
BRDA:942,179,1,0
BRDA:949,180,0,16
BRDA:949,180,1,16
BRDA:953,181,0,0
BRDA:953,181,1,16
BRDA:957,182,0,0
BRDA:957,182,1,16
BRDA:992,183,0,16
BRDA:992,183,1,16
BRDA:992,183,2,0
BRDA:1004,184,0,16
BRDA:1004,184,1,8
BRDA:1009,185,0,16
BRDA:1009,185,1,0
BRDA:1014,186,0,16
BRDA:1014,186,1,0
BRDA:1019,187,0,16
BRDA:1019,187,1,0
BRDA:1024,188,0,16
BRDA:1024,188,1,0
BRDA:1034,189,0,16
BRDA:1034,189,1,16
BRDA:1042,190,0,16
BRDA:1042,190,1,16
BRDA:1056,191,0,8
BRDA:1056,191,1,8
BRDA:1056,191,2,0
BRDA:1064,192,0,8
BRDA:1064,192,1,0
BRDA:1076,193,0,8
BRDA:1076,193,1,1
BRDA:1089,194,0,0
BRDA:1089,194,1,1
BRDA:1089,195,0,1
BRDA:1089,195,1,0
BRDA:1097,196,0,0
BRDA:1097,196,1,0
BRDA:1131,197,0,1
BRDA:1131,197,1,1
BRDA:1135,198,0,0
BRDA:1135,198,1,1
BRDA:1143,199,0,1
BRDA:1143,199,1,1
BRDA:1147,200,0,1
BRDA:1147,200,1,0
BRDA:1164,201,0,0
BRDA:1164,201,1,1
BRDA:1173,202,0,0
BRDA:1173,202,1,0
BRDA:1178,203,0,1
BRDA:1178,203,1,0
BRDA:1197,204,0,1
BRDA:1197,204,1,0
BRDA:1217,205,0,0
BRDA:1217,205,1,0
BRDA:1250,206,0,1
BRDA:1250,206,1,0
BRDA:1261,207,0,0
BRDA:1261,207,1,0
BRDA:1263,208,0,0
BRDA:1263,208,1,0
BRDA:1271,209,0,0
BRDA:1271,209,1,0
BRDA:1286,210,0,0
BRDA:1286,210,1,0
BRDA:1344,211,0,1
BRDA:1344,211,1,0
BRDA:1352,212,0,0
BRDA:1352,212,1,0
BRDA:1352,212,2,0
BRDA:1352,212,3,0
BRDA:1352,212,4,0
BRDA:1352,212,5,0
BRDA:1360,213,0,0
BRDA:1360,213,1,0
BRDA:1360,213,2,0
BRDA:1360,213,3,0
BRDA:1360,213,4,0
BRDA:1360,213,5,0
BRDA:1360,213,6,0
BRDA:1373,214,0,0
BRDA:1373,214,1,0
BRDA:1376,215,0,0
BRDA:1376,215,1,0
BRDA:1376,215,2,0
BRDA:1384,216,0,0
BRDA:1384,216,1,0
BRDA:1403,217,0,1
BRDA:1403,217,1,0
BRDA:1435,218,0,8
BRDA:1435,218,1,0
BRF:480
BRH:133
end_of_record
TN:
SF:src\pages\CareersPage.jsx
FN:39,(anonymous_0)
FN:51,(anonymous_1)
FNF:2
FNH:0
FNDA:0,(anonymous_0)
FNDA:0,(anonymous_1)
DA:9,0
DA:39,0
DA:41,0
DA:53,0
LF:4
LH:0
BRF:0
BRH:0
end_of_record
TN:
SF:src\pages\CheckoutPage.jsx
FN:13,(anonymous_0)
FN:94,(anonymous_1)
FN:99,(anonymous_2)
FN:273,(anonymous_3)
FNF:4
FNH:2
FNDA:5,(anonymous_0)
FNDA:0,(anonymous_1)
FNDA:0,(anonymous_2)
FNDA:20,(anonymous_3)
DA:13,1
DA:14,5
DA:15,5
DA:83,5
DA:94,5
DA:95,0
DA:97,0
DA:98,0
DA:99,0
DA:100,0
DA:106,0
DA:107,0
DA:109,0
DA:110,0
DA:111,0
DA:112,0
DA:115,0
DA:116,0
DA:119,0
DA:122,0
DA:134,0
DA:135,0
DA:140,0
DA:143,0
DA:144,0
DA:147,0
DA:149,0
DA:152,0
DA:153,0
DA:157,0
DA:171,0
DA:174,0
DA:176,0
DA:180,0
DA:195,0
DA:197,0
DA:198,0
DA:204,0
DA:211,0
DA:212,0
DA:214,0
DA:217,0
DA:230,0
DA:235,5
DA:274,20
LF:45
LH:7
BRDA:95,0,0,0
BRDA:95,0,1,0
BRDA:95,1,0,0
BRDA:95,1,1,0
BRDA:98,2,0,0
BRDA:98,2,1,0
BRDA:100,3,0,0
BRDA:100,3,1,0
BRDA:100,3,2,0
BRDA:100,3,3,0
BRDA:100,3,4,0
BRDA:106,4,0,0
BRDA:106,4,1,0
BRDA:109,5,0,0
BRDA:109,5,1,0
BRDA:111,6,0,0
BRDA:111,6,1,0
BRDA:115,7,0,0
BRDA:115,7,1,0
BRDA:152,8,0,0
BRDA:152,8,1,0
BRDA:152,9,0,0
BRDA:152,9,1,0
BRDA:174,10,0,0
BRDA:174,10,1,0
BRDA:174,11,0,0
BRDA:174,11,1,0
BRDA:176,12,0,0
BRDA:176,12,1,0
BRDA:176,13,0,0
BRDA:176,13,1,0
BRDA:180,14,0,0
BRDA:180,14,1,0
BRDA:180,14,2,0
BRDA:180,14,3,0
BRDA:180,14,4,0
BRDA:180,14,5,0
BRDA:180,14,6,0
BRDA:180,14,7,0
BRDA:180,14,8,0
BRDA:180,14,9,0
BRDA:180,14,10,0
BRDA:180,14,11,0
BRDA:180,14,12,0
BRDA:180,14,13,0
BRDA:197,15,0,0
BRDA:197,15,1,0
BRDA:205,16,0,0
BRDA:205,16,1,0
BRDA:218,17,0,0
BRDA:218,17,1,0
BRDA:277,18,0,5
BRDA:277,18,1,15
BRDA:279,19,0,6
BRDA:279,19,1,9
BRDA:284,20,0,6
BRDA:284,20,1,14
BRDA:288,21,0,5
BRDA:288,21,1,15
BRDA:300,22,0,5
BRDA:300,22,1,2
BRDA:308,23,0,5
BRDA:308,23,1,1
BRDA:333,24,0,5
BRDA:333,24,1,1
BRDA:343,25,0,5
BRDA:343,25,1,1
BRDA:366,26,0,2
BRDA:366,26,1,3
BRDA:372,27,0,5
BRDA:372,27,1,3
BRDA:376,28,0,3
BRDA:376,28,1,2
BRDA:376,28,2,3
BRDA:376,28,3,1
BRDA:380,29,0,0
BRDA:380,29,1,3
BRDA:380,30,0,3
BRDA:380,30,1,2
BRDA:380,30,2,3
BRDA:380,30,3,1
BRDA:387,31,0,3
BRDA:387,31,1,2
BRDA:387,31,2,2
BRDA:389,32,0,2
BRDA:389,32,1,0
BRDA:395,33,0,5
BRDA:395,33,1,1
BRDA:404,34,0,5
BRDA:404,34,1,1
BRDA:406,35,0,1
BRDA:406,35,1,0
BRDA:416,36,0,1
BRDA:416,36,1,0
BRDA:419,37,0,0
BRDA:419,37,1,1
BRF:96
BRH:40
end_of_record
TN:
SF:src\pages\ContactPage.jsx
FN:9,(anonymous_0)
FNF:1
FNH:0
FNDA:0,(anonymous_0)
DA:9,0
DA:11,0
LF:2
LH:0
BRF:0
BRH:0
end_of_record
TN:
SF:src\pages\CustomerDashboardPage.jsx
FN:8,(anonymous_0)
FN:15,(anonymous_1)
FN:44,(anonymous_2)
FN:75,(anonymous_3)
FN:85,(anonymous_4)
FN:136,(anonymous_5)
FN:155,(anonymous_6)
FNF:7
FNH:0
FNDA:0,(anonymous_0)
FNDA:0,(anonymous_1)
FNDA:0,(anonymous_2)
FNDA:0,(anonymous_3)
FNDA:0,(anonymous_4)
FNDA:0,(anonymous_5)
FNDA:0,(anonymous_6)
DA:8,0
DA:9,0
DA:10,0
DA:11,0
DA:12,0
DA:13,0
DA:15,0
DA:16,0
DA:17,0
DA:18,0
DA:19,0
DA:20,0
DA:25,0
DA:44,0
DA:46,0
DA:47,0
DA:75,0
DA:85,0
DA:103,0
DA:137,0
DA:155,0
LF:21
LH:0
BRDA:19,0,0,0
BRDA:19,0,1,0
BRDA:20,1,0,0
BRDA:20,1,1,0
BRDA:25,2,0,0
BRDA:25,2,1,0
BRDA:44,3,0,0
BRDA:44,3,1,0
BRDA:46,4,0,0
BRDA:46,4,1,0
BRDA:64,5,0,0
BRDA:64,5,1,0
BRDA:95,6,0,0
BRDA:95,6,1,0
BRDA:105,7,0,0
BRDA:105,7,1,0
BRDA:115,8,0,0
BRDA:115,8,1,0
BRDA:116,9,0,0
BRDA:116,9,1,0
BRF:20
BRH:0
end_of_record
TN:
SF:src\pages\DeliveryPage.jsx
FN:33,(anonymous_0)
FN:59,(anonymous_1)
FNF:2
FNH:0
FNDA:0,(anonymous_0)
FNDA:0,(anonymous_1)
DA:11,0
DA:33,0
DA:35,0
DA:61,0
LF:4
LH:0
BRF:0
BRH:0
end_of_record
TN:
SF:src\pages\EventsPage.jsx
FN:39,(anonymous_0)
FN:57,(anonymous_1)
FNF:2
FNH:0
FNDA:0,(anonymous_0)
FNDA:0,(anonymous_1)
DA:9,0
DA:39,0
DA:41,0
DA:59,0
LF:4
LH:0
BRF:0
BRH:0
end_of_record
TN:
SF:src\pages\FaqPage.jsx
FN:24,(anonymous_0)
FN:30,(anonymous_1)
FNF:2
FNH:0
FNDA:0,(anonymous_0)
FNDA:0,(anonymous_1)
DA:5,0
DA:24,0
DA:25,0
DA:31,0
LF:4
LH:0
BRF:0
BRH:0
end_of_record
TN:
SF:src\pages\GalleryPage.jsx
FN:17,(anonymous_0)
FN:38,(anonymous_1)
FNF:2
FNH:0
FNDA:0,(anonymous_0)
FNDA:0,(anonymous_1)
DA:8,0
DA:17,0
DA:18,0
DA:20,0
DA:39,0
LF:5
LH:0
BRF:0
BRH:0
end_of_record
TN:
SF:src\pages\HomeAnneTom.jsx
FN:50,(anonymous_0)
FN:71,(anonymous_1)
FN:81,(anonymous_2)
FN:88,(anonymous_3)
FN:90,(anonymous_4)
FN:94,(anonymous_5)
FN:100,(anonymous_6)
FN:103,(anonymous_7)
FN:107,(anonymous_8)
FN:110,(anonymous_9)
FN:325,(anonymous_10)
FN:331,(anonymous_11)
FN:336,(anonymous_12)
FN:337,(anonymous_13)
FN:345,(anonymous_14)
FN:348,(anonymous_15)
FN:351,(anonymous_16)
FN:359,(anonymous_17)
FN:423,(anonymous_18)
FN:423,(anonymous_19)
FN:446,(anonymous_20)
FN:452,(anonymous_21)
FN:458,(anonymous_22)
FN:464,(anonymous_23)
FN:470,(anonymous_24)
FN:476,(anonymous_25)
FN:502,(anonymous_26)
FN:523,(anonymous_27)
FN:535,(anonymous_28)
FN:572,(anonymous_29)
FN:578,(anonymous_30)
FN:584,(anonymous_31)
FN:590,(anonymous_32)
FN:596,(anonymous_33)
FN:602,(anonymous_34)
FN:623,(anonymous_35)
FN:627,(anonymous_36)
FN:629,(anonymous_37)
FN:630,(anonymous_38)
FN:632,(anonymous_39)
FN:635,(anonymous_40)
FN:637,(anonymous_41)
FN:640,(anonymous_42)
FN:642,(anonymous_43)
FN:697,(anonymous_44)
FN:709,(anonymous_45)
FN:726,(anonymous_46)
FN:727,(anonymous_47)
FN:729,(anonymous_48)
FN:739,(anonymous_49)
FN:773,(anonymous_50)
FN:777,(anonymous_51)
FN:818,(anonymous_52)
FN:821,(anonymous_53)
FN:864,(anonymous_54)
FN:903,(anonymous_55)
FN:909,(anonymous_56)
FN:926,(anonymous_57)
FN:934,(anonymous_58)
FN:944,(anonymous_59)
FN:971,(anonymous_60)
FN:974,(anonymous_61)
FN:1007,(anonymous_62)
FN:1041,(anonymous_63)
FN:1047,(anonymous_64)
FN:1051,(anonymous_65)
FN:1084,(anonymous_66)
FN:1148,(anonymous_67)
FN:1178,(anonymous_68)
FN:1298,(anonymous_69)
FN:1314,(anonymous_70)
FN:1342,(anonymous_71)
FN:1352,(anonymous_72)
FN:1378,(anonymous_73)
FN:1443,(anonymous_74)
FNF:75
FNH:51
FNDA:5,(anonymous_0)
FNDA:3,(anonymous_1)
FNDA:3,(anonymous_2)
FNDA:3,(anonymous_3)
FNDA:0,(anonymous_4)
FNDA:3,(anonymous_5)
FNDA:3,(anonymous_6)
FNDA:4,(anonymous_7)
FNDA:3,(anonymous_8)
FNDA:4,(anonymous_9)
FNDA:3,(anonymous_10)
FNDA:3,(anonymous_11)
FNDA:3,(anonymous_12)
FNDA:0,(anonymous_13)
FNDA:3,(anonymous_14)
FNDA:30,(anonymous_15)
FNDA:33,(anonymous_16)
FNDA:36,(anonymous_17)
FNDA:0,(anonymous_18)
FNDA:0,(anonymous_19)
FNDA:3,(anonymous_20)
FNDA:3,(anonymous_21)
FNDA:3,(anonymous_22)
FNDA:3,(anonymous_23)
FNDA:3,(anonymous_24)
FNDA:3,(anonymous_25)
FNDA:0,(anonymous_26)
FNDA:0,(anonymous_27)
FNDA:0,(anonymous_28)
FNDA:3,(anonymous_29)
FNDA:3,(anonymous_30)
FNDA:3,(anonymous_31)
FNDA:3,(anonymous_32)
FNDA:3,(anonymous_33)
FNDA:3,(anonymous_34)
FNDA:3,(anonymous_35)
FNDA:3,(anonymous_36)
FNDA:0,(anonymous_37)
FNDA:0,(anonymous_38)
FNDA:3,(anonymous_39)
FNDA:0,(anonymous_40)
FNDA:0,(anonymous_41)
FNDA:0,(anonymous_42)
FNDA:0,(anonymous_43)
FNDA:9,(anonymous_44)
FNDA:12,(anonymous_45)
FNDA:0,(anonymous_46)
FNDA:0,(anonymous_47)
FNDA:15,(anonymous_48)
FNDA:0,(anonymous_49)
FNDA:15,(anonymous_50)
FNDA:0,(anonymous_51)
FNDA:3,(anonymous_52)
FNDA:0,(anonymous_53)
FNDA:2,(anonymous_54)
FNDA:0,(anonymous_55)
FNDA:6,(anonymous_56)
FNDA:6,(anonymous_57)
FNDA:0,(anonymous_58)
FNDA:0,(anonymous_59)
FNDA:3,(anonymous_60)
FNDA:0,(anonymous_61)
FNDA:2,(anonymous_62)
FNDA:0,(anonymous_63)
FNDA:5,(anonymous_64)
FNDA:0,(anonymous_65)
FNDA:3,(anonymous_66)
FNDA:9,(anonymous_67)
FNDA:3,(anonymous_68)
FNDA:15,(anonymous_69)
FNDA:15,(anonymous_70)
FNDA:9,(anonymous_71)
FNDA:9,(anonymous_72)
FNDA:3,(anonymous_73)
FNDA:3,(anonymous_74)
DA:16,1
DA:22,1
DA:50,5
DA:71,1
DA:73,3
DA:75,3
DA:77,3
DA:78,3
DA:79,3
DA:81,3
DA:82,3
DA:83,0
DA:88,3
DA:90,3
DA:92,3
DA:94,3
DA:100,3
DA:101,3
DA:102,3
DA:103,4
DA:104,3
DA:107,3
DA:108,3
DA:109,3
DA:110,4
DA:111,3
DA:114,3
DA:119,3
DA:325,1
DA:326,3
DA:327,3
DA:328,3
DA:329,3
DA:331,3
DA:332,3
DA:333,3
DA:336,3
DA:337,3
DA:338,0
DA:339,0
DA:340,0
DA:344,3
DA:345,3
DA:348,3
DA:349,30
DA:351,3
DA:352,33
DA:359,3
DA:360,36
DA:365,3
DA:423,0
DA:446,3
DA:452,3
DA:458,3
DA:464,3
DA:470,3
DA:476,3
DA:502,0
DA:523,0
DA:535,0
DA:572,3
DA:578,3
DA:584,3
DA:590,3
DA:596,3
DA:602,3
DA:616,1
DA:623,1
DA:624,3
DA:625,3
DA:627,3
DA:628,3
DA:629,3
DA:630,0
DA:632,3
DA:635,3
DA:636,0
DA:637,0
DA:640,3
DA:641,0
DA:642,0
DA:645,3
DA:698,9
DA:710,12
DA:726,0
DA:727,0
DA:730,15
DA:740,0
DA:774,15
DA:778,0
DA:779,0
DA:818,1
DA:819,3
DA:821,3
DA:822,0
DA:823,0
DA:824,0
DA:825,0
DA:826,0
DA:828,0
DA:829,0
DA:832,3
DA:863,3
DA:865,2
DA:866,2
DA:879,3
DA:904,0
DA:910,6
DA:926,1
DA:927,6
DA:928,6
DA:929,6
DA:931,6
DA:934,0
DA:945,0
DA:946,0
DA:971,1
DA:972,3
DA:974,3
DA:975,0
DA:976,0
DA:977,0
DA:978,0
DA:979,0
DA:981,0
DA:982,0
DA:985,3
DA:1006,3
DA:1007,2
DA:1016,3
DA:1042,0
DA:1048,5
DA:1051,0
DA:1084,1
DA:1086,3
DA:1148,1
DA:1150,9
DA:1178,1
DA:1180,3
DA:1298,1
DA:1300,15
DA:1314,1
DA:1316,15
DA:1342,1
DA:1343,9
DA:1352,1
DA:1354,9
DA:1378,1
DA:1380,3
DA:1441,1
DA:1443,1
DA:1444,3
DA:1507,1
LF:153
LH:115
BRDA:82,0,0,3
BRDA:82,0,1,0
BRDA:82,1,0,3
BRDA:82,1,1,3
BRDA:102,2,0,0
BRDA:102,2,1,3
BRDA:103,3,0,4
BRDA:103,3,1,0
BRDA:109,4,0,0
BRDA:109,4,1,3
BRDA:110,5,0,4
BRDA:110,5,1,0
BRDA:139,6,0,3
BRDA:139,6,1,1
BRDA:141,7,0,3
BRDA:141,7,1,3
BRDA:338,8,0,0
BRDA:338,8,1,0
BRDA:339,9,0,0
BRDA:339,9,1,0
BRDA:349,10,0,30
BRDA:349,10,1,30
BRDA:354,11,0,0
BRDA:354,11,1,33
BRDA:362,12,0,0
BRDA:362,12,1,36
BRDA:369,13,0,0
BRDA:369,13,1,3
BRDA:430,14,0,0
BRDA:430,14,1,3
BRDA:439,15,0,0
BRDA:439,15,1,3
BRDA:514,16,0,0
[...]
BRDA:59,21,1,6
BRDA:63,22,0,0
BRDA:63,22,1,0
BRDA:66,23,0,0
BRDA:66,23,1,0
BRDA:69,24,0,0
BRDA:69,24,1,0
BRDA:78,25,0,4
BRDA:78,25,1,0
BRDA:129,26,0,0
BRDA:129,26,1,2
BRDA:129,27,0,2
BRDA:129,27,1,0
BRDA:135,28,0,2
BRDA:135,28,1,0
BRDA:141,29,0,2
BRDA:141,29,1,0
BRDA:154,30,0,2
BRDA:154,30,1,0
BRDA:156,31,0,2
BRDA:156,31,1,0
BRDA:156,31,2,0
BRDA:163,32,0,2
BRDA:163,32,1,2
BRDA:163,32,2,2
BRDA:163,32,3,2
BRDA:170,33,0,2
BRDA:170,33,1,2
BRDA:170,33,2,2
BRDA:170,33,3,2
BRDA:170,33,4,2
BRDA:176,34,0,2
BRDA:176,34,1,0
BRDA:176,34,2,0
BRDA:176,34,3,0
BRDA:180,35,0,2
BRDA:180,35,1,0
BRDA:202,36,0,2
BRDA:202,36,1,0
BRDA:205,37,0,2
BRDA:205,37,1,2
BRDA:205,37,2,2
BRDA:205,37,3,2
BRDA:205,37,4,2
BRDA:205,37,5,2
BRDA:205,37,6,2
BRDA:213,38,0,2
BRDA:213,38,1,2
BRDA:213,38,2,2
BRDA:213,38,3,2
BRDA:213,38,4,2
BRDA:223,39,0,2
BRDA:223,39,1,2
BRDA:225,40,0,2
BRDA:225,40,1,2
BRDA:226,41,0,2
BRDA:226,41,1,2
BRDA:234,42,0,7
BRDA:234,42,1,5
BRDA:234,42,2,5
BRDA:236,43,0,7
BRDA:236,43,1,2
BRDA:236,43,2,2
BRDA:240,44,0,2
BRDA:240,44,1,5
BRDA:243,45,0,5
BRDA:243,45,1,0
BRDA:247,46,0,7
BRDA:247,46,1,2
BRDA:247,46,2,2
BRDA:248,47,0,7
BRDA:248,47,1,2
BRDA:248,47,2,2
BRDA:249,48,0,7
BRDA:249,48,1,2
BRDA:253,49,0,7
BRDA:253,49,1,7
BRDA:253,49,2,7
BRDA:253,49,3,7
BRDA:253,49,4,7
BRDA:253,49,5,7
BRDA:253,49,6,6
BRDA:258,50,0,1
BRDA:258,50,1,6
BRDA:263,51,0,4
BRDA:263,51,1,2
BRDA:270,52,0,7
BRDA:270,52,1,7
BRDA:270,52,2,6
BRDA:274,53,0,5
BRDA:274,53,1,2
BRDA:280,54,0,0
BRDA:280,54,1,5
BRDA:282,55,0,0
BRDA:282,55,1,5
BRDA:286,56,0,0
BRDA:286,56,1,7
BRDA:287,57,0,5
BRDA:287,57,1,2
BRDA:290,58,0,7
BRDA:290,58,1,7
BRDA:290,58,2,7
BRDA:294,59,0,0
BRDA:294,59,1,7
BRDA:299,60,0,0
BRDA:299,60,1,7
BRDA:302,61,0,0
BRDA:302,61,1,0
BRDA:307,62,0,0
BRDA:307,62,1,1
BRDA:307,63,0,1
BRDA:307,63,1,1
BRDA:318,64,0,0
BRDA:318,64,1,0
BRDA:318,65,0,0
BRDA:318,65,1,0
BRDA:319,66,0,0
BRDA:319,66,1,0
BRDA:320,67,0,0
BRDA:320,67,1,0
BRDA:320,68,0,0
BRDA:320,68,1,0
BRDA:327,69,0,0
BRDA:327,69,1,0
BRDA:328,70,0,0
BRDA:328,70,1,0
BRDA:329,71,0,0
BRDA:329,71,1,0
BRDA:335,72,0,0
BRDA:335,72,1,0
BRDA:337,73,0,0
BRDA:337,73,1,0
BRDA:345,74,0,0
BRDA:345,74,1,0
BRDA:346,75,0,0
BRDA:346,75,1,0
BRDA:346,76,0,0
BRDA:346,76,1,0
BRDA:349,77,0,0
BRDA:349,77,1,0
BRDA:357,78,0,4
BRDA:357,78,1,0
BRDA:358,79,0,0
BRDA:358,79,1,0
BRDA:363,80,0,0
BRDA:363,80,1,0
BRDA:368,81,0,0
BRDA:368,81,1,0
BRDA:368,82,0,0
BRDA:368,82,1,0
BRDA:377,83,0,0
BRDA:377,83,1,0
BRDA:378,84,0,0
BRDA:378,84,1,0
BRDA:380,85,0,0
BRDA:380,85,1,0
BRDA:398,86,0,0
BRDA:398,86,1,0
BRDA:398,87,0,0
BRDA:398,87,1,0
BRDA:405,88,0,0
BRDA:405,88,1,0
BRDA:405,88,2,0
BRDA:405,88,3,0
BRDA:405,88,4,0
BRDA:408,89,0,0
BRDA:408,89,1,0
BRDA:412,90,0,0
BRDA:412,90,1,0
BRDA:412,90,2,0
BRDA:414,91,0,0
BRDA:414,91,1,0
BRDA:424,92,0,0
BRDA:424,92,1,0
BRDA:425,93,0,0
BRDA:425,93,1,0
BRDA:426,94,0,0
BRDA:426,94,1,0
BRDA:427,95,0,0
BRDA:427,95,1,0
BRDA:428,96,0,0
BRDA:428,96,1,0
BRDA:445,97,0,0
BRDA:445,97,1,0
BRDA:463,98,0,0
BRDA:463,98,1,0
BRDA:470,99,0,0
BRDA:470,99,1,0
BRDA:490,100,0,2
BRDA:490,100,1,2
BRDA:504,101,0,0
BRDA:504,101,1,2
BRDA:508,102,0,2
BRDA:508,102,1,0
BRDA:509,103,0,0
BRDA:509,103,1,2
BRDA:519,104,0,0
BRDA:519,104,1,2
BRDA:527,105,0,0
BRDA:527,105,1,2
BRDA:527,106,0,2
BRDA:527,106,1,0
BRDA:529,107,0,2
BRDA:529,107,1,0
BRDA:536,108,0,0
BRDA:536,108,1,2
BRDA:545,109,0,2
BRDA:545,109,1,0
BRDA:545,109,2,0
BRDA:545,109,3,0
BRDA:545,109,4,0
BRDA:545,109,5,0
BRDA:554,110,0,2
BRDA:554,110,1,0
BRDA:555,111,0,2
BRDA:555,111,1,0
BRDA:558,112,0,0
BRDA:558,112,1,0
BRDA:562,113,0,2
BRDA:562,113,1,0
BRDA:573,114,0,2
BRDA:573,114,1,0
BRDA:581,115,0,5
BRDA:581,115,1,4
BRDA:582,116,0,2
BRDA:582,116,1,3
BRDA:582,117,0,5
BRDA:582,117,1,3
BRDA:586,118,0,1
BRDA:586,118,1,2
BRDA:592,119,0,2
BRDA:592,119,1,2
BRDA:592,119,2,0
BRDA:593,120,0,2
BRDA:593,120,1,0
BRDA:593,120,2,0
BRDA:594,121,0,2
BRDA:594,121,1,2
BRDA:594,121,2,0
BRDA:596,122,0,2
BRDA:596,122,1,2
BRDA:596,122,2,2
BRDA:597,123,0,2
BRDA:597,123,1,2
BRDA:597,123,2,2
BRDA:598,124,0,2
BRDA:598,124,1,2
BRDA:598,124,2,2
BRDA:599,125,0,2
BRDA:599,125,1,2
BRDA:599,125,2,2
BRDA:600,126,0,2
BRDA:600,126,1,2
BRDA:600,126,2,2
BRDA:601,127,0,2
BRDA:601,127,1,2
BRDA:603,128,0,2
BRDA:603,128,1,0
BRDA:606,129,0,2
BRDA:606,129,1,0
BRDA:611,130,0,0
BRDA:611,130,1,2
BRDA:613,131,0,0
BRDA:613,131,1,0
BRDA:614,132,0,0
BRDA:614,132,1,0
BRDA:615,133,0,0
BRDA:615,133,1,0
BRDA:623,134,0,2
BRDA:623,134,1,0
BRDA:623,134,2,0
BRDA:624,135,0,2
BRDA:624,135,1,0
BRDA:624,135,2,0
BRDA:625,136,0,2
BRDA:625,136,1,2
BRDA:625,136,2,2
BRDA:626,137,0,2
BRDA:626,137,1,0
BRDA:626,137,2,0
BRDA:626,137,3,0
BRDA:627,138,0,2
BRDA:627,138,1,2
BRDA:627,138,2,2
BRDA:630,139,0,0
BRDA:630,139,1,2
BRDA:637,140,0,2
BRDA:637,140,1,1
BRDA:637,141,0,1
BRDA:637,141,1,1
BRDA:638,142,0,2
BRDA:638,142,1,2
BRDA:638,142,2,2
BRDA:639,143,0,2
BRDA:639,143,1,2
BRDA:639,143,2,0
BRDA:640,144,0,2
BRDA:640,144,1,2
BRDA:640,144,2,0
BRDA:705,145,0,7
BRDA:705,145,1,5
BRDA:713,146,0,7
BRDA:713,146,1,0
BRDA:718,147,0,7
BRDA:718,147,1,0
BRDA:723,148,0,7
BRDA:723,148,1,0
BRDA:728,149,0,7
BRDA:728,149,1,0
BRDA:733,150,0,5
BRDA:733,150,1,2
BRDA:749,151,0,5
BRDA:749,151,1,2
BRDA:753,152,0,7
BRDA:753,152,1,2
BRDA:759,153,0,7
BRDA:759,153,1,7
BRDA:768,154,0,7
BRDA:768,154,1,1
BRDA:777,155,0,7
BRDA:777,155,1,0
BRDA:782,156,0,0
BRDA:782,156,1,0
BRDA:791,157,0,7
BRDA:791,157,1,0
BRDA:813,158,0,28
BRDA:813,158,1,21
BRDA:816,159,0,3
BRDA:816,159,1,18
BRDA:826,160,0,10
BRDA:826,160,1,18
BRDA:829,161,0,7
BRDA:829,161,1,21
BRDA:841,162,0,10
BRDA:841,162,1,18
BRDA:857,163,0,0
BRDA:857,163,1,7
BRDA:860,164,0,0
BRDA:860,164,1,7
BRDA:860,165,0,0
BRDA:860,165,1,7
BRDA:876,166,0,7
BRDA:876,166,1,5
BRDA:876,166,2,5
BRDA:876,166,3,5
BRDA:876,166,4,5
BRDA:884,167,0,0
BRDA:884,167,1,0
BRDA:889,168,0,0
BRDA:889,168,1,0
BRDA:905,169,0,0
BRDA:905,169,1,5
BRDA:907,170,0,5
BRDA:907,170,1,0
BRDA:912,171,0,7
BRDA:912,171,1,0
BRDA:920,172,0,5
BRDA:920,172,1,2
BRDA:943,173,0,5
BRDA:943,173,1,0
BRDA:943,173,2,0
BRDA:946,174,0,5
BRDA:946,174,1,5
BRDA:946,174,2,0
BRDA:949,175,0,5
BRDA:949,175,1,0
BRDA:954,176,0,5
BRDA:954,176,1,0
BRDA:954,177,0,5
BRDA:954,177,1,0
BRDA:966,178,0,5
BRDA:966,178,1,2
BRDA:972,179,0,5
BRDA:972,179,1,2
BRDA:975,180,0,5
BRDA:975,180,1,0
BRDA:975,181,0,5
BRDA:975,181,1,5
BRDA:979,182,0,0
BRDA:979,182,1,0
BRDA:986,183,0,5
BRDA:986,183,1,0
BRDA:991,184,0,5
BRDA:991,184,1,5
BRDA:1012,185,0,5
BRDA:1012,185,1,5
BRDA:1058,186,0,7
BRDA:1058,186,1,5
BRDA:1058,186,2,5
BRDA:1063,187,0,5
BRDA:1063,187,1,5
BRDA:1069,188,0,5
BRDA:1069,188,1,5
BRDA:1077,189,0,5
BRDA:1077,189,1,5
BRDA:1077,189,2,5
BRDA:1077,189,3,0
BRDA:1085,190,0,0
BRDA:1085,190,1,0
BRDA:1088,191,0,0
BRDA:1088,191,1,0
BRDA:1097,192,0,5
BRDA:1097,192,1,0
BRDA:1109,193,0,7
BRDA:1109,193,1,0
BRF:450
BRH:253
end_of_record
TN:
SF:src\pages\PromotionsPage.jsx
FN:14,(anonymous_0)
FN:18,(anonymous_1)
FN:22,(anonymous_2)
FN:31,(anonymous_3)
FN:37,(anonymous_4)
FN:157,(anonymous_5)
FN:166,(anonymous_6)
FN:176,(anonymous_7)
FN:178,(anonymous_8)
FN:248,(anonymous_9)
FN:288,(anonymous_10)
FN:303,(anonymous_11)
FN:310,(anonymous_12)
FNF:13
FNH:0
FNDA:0,(anonymous_0)
FNDA:0,(anonymous_1)
FNDA:0,(anonymous_2)
FNDA:0,(anonymous_3)
FNDA:0,(anonymous_4)
FNDA:0,(anonymous_5)
FNDA:0,(anonymous_6)
FNDA:0,(anonymous_7)
FNDA:0,(anonymous_8)
FNDA:0,(anonymous_9)
FNDA:0,(anonymous_10)
FNDA:0,(anonymous_11)
FNDA:0,(anonymous_12)
DA:14,0
DA:15,0
DA:16,0
DA:18,0
DA:19,0
DA:20,0
DA:21,0
DA:23,0
DA:24,0
DA:25,0
DA:30,0
DA:31,0
DA:34,0
DA:37,0
DA:38,0
DA:39,0
DA:58,0
DA:136,0
DA:148,0
DA:157,0
DA:158,0
DA:166,0
DA:167,0
DA:176,0
DA:177,0
DA:178,0
DA:180,0
DA:248,0
DA:249,0
DA:289,0
DA:304,0
DA:311,0
LF:32
LH:0
BRDA:14,0,0,0
BRDA:20,1,0,0
BRDA:20,1,1,0
BRDA:23,2,0,0
BRDA:23,2,1,0
BRDA:37,3,0,0
BRDA:37,4,0,0
BRDA:43,5,0,0
BRDA:43,5,1,0
BRDA:157,6,0,0
BRDA:166,7,0,0
BRDA:191,8,0,0
BRDA:191,8,1,0
BRDA:194,9,0,0
BRDA:194,9,1,0
BRF:15
BRH:0
end_of_record
TN:
SF:src\utils\accessibility.js
FN:4,(anonymous_0)
FN:11,(anonymous_1)
FN:17,(anonymous_2)
FN:24,(anonymous_3)
FN:31,(anonymous_4)
FN:41,(anonymous_5)
FN:59,(anonymous_6)
FN:68,(anonymous_7)
FN:73,(anonymous_8)
FN:85,(anonymous_9)
FNF:10
FNH:0
FNDA:0,(anonymous_0)
FNDA:0,(anonymous_1)
FNDA:0,(anonymous_2)
FNDA:0,(anonymous_3)
FNDA:0,(anonymous_4)
FNDA:0,(anonymous_5)
FNDA:0,(anonymous_6)
FNDA:0,(anonymous_7)
FNDA:0,(anonymous_8)
FNDA:0,(anonymous_9)
DA:3,0
DA:4,0
DA:11,0
DA:17,0
DA:23,0
DA:25,0
DA:26,0
DA:27,0
DA:32,0
DA:36,0
DA:38,0
DA:39,0
DA:41,0
DA:42,0
DA:43,0
DA:44,0
DA:45,0
DA:46,0
DA:49,0
DA:50,0
DA:51,0
DA:59,0
DA:60,0
DA:61,0
DA:62,0
DA:63,0
DA:64,0
DA:66,0
DA:68,0
DA:69,0
DA:73,0
DA:74,0
DA:82,0
DA:85,0
DA:86,0
LF:35
LH:0
BRDA:5,0,0,0
BRDA:5,0,1,0
BRDA:6,1,0,0
BRDA:6,1,1,0
BRDA:6,1,2,0
BRDA:6,2,0,0
BRDA:6,2,1,0
BRDA:7,3,0,0
BRDA:7,3,1,0
BRDA:8,4,0,0
BRDA:8,4,1,0
BRDA:25,5,0,0
BRDA:25,5,1,0
BRDA:25,6,0,0
BRDA:25,6,1,0
BRDA:36,7,0,0
BRDA:36,7,1,0
BRDA:42,8,0,0
BRDA:42,8,1,0
BRDA:43,9,0,0
BRDA:43,9,1,0
BRDA:44,10,0,0
BRDA:44,10,1,0
BRDA:49,11,0,0
BRDA:49,11,1,0
BRDA:73,12,0,0
BRDA:76,13,0,0
BRDA:76,13,1,0
BRDA:77,14,0,0
BRDA:77,14,1,0
BRDA:78,15,0,0
BRDA:78,15,1,0
BRDA:79,16,0,0
BRDA:79,16,1,0
BRF:34
BRH:0
end_of_record
TN:
SF:src\utils\deliveryFees.js
FN:23,(anonymous_0)
FN:26,(anonymous_1)
FN:31,(anonymous_2)
FN:45,(anonymous_3)
FNF:4
FNH:4
FNDA:5,(anonymous_0)
FNDA:11,(anonymous_1)
FNDA:3,(anonymous_2)
FNDA:2,(anonymous_3)
DA:1,2
DA:12,2
DA:23,2
DA:24,5
DA:25,3
DA:26,11
DA:28,3
DA:31,2
DA:32,3
DA:33,2
DA:34,2
DA:35,1
DA:37,1
DA:38,1
DA:39,1
DA:40,1
DA:42,0
DA:45,2
DA:46,2
DA:47,2
DA:48,1
DA:49,1
DA:51,0
LF:23
LH:21
BRDA:24,0,0,2
BRDA:24,0,1,3
BRDA:24,1,0,5
BRDA:24,1,1,4
BRDA:26,2,0,11
BRDA:26,2,1,11
BRDA:28,3,0,3
BRDA:28,3,1,0
BRDA:32,4,0,1
BRDA:32,4,1,2
BRDA:34,5,0,1
BRDA:34,5,1,1
BRDA:38,6,0,1
BRDA:38,6,1,0
BRDA:40,7,0,1
BRDA:40,7,1,0
BRDA:46,8,0,0
BRDA:46,8,1,2
BRDA:47,9,0,1
BRDA:47,9,1,1
BRDA:48,10,0,1
BRDA:48,10,1,0
BRF:22
BRH:17
end_of_record
TN:
SF:src\utils\googleMaps.js
FN:6,(anonymous_0)
FN:7,(anonymous_1)
FN:9,(anonymous_2)
FN:12,(anonymous_3)
FN:20,(anonymous_4)
FN:30,(anonymous_5)
FN:32,(anonymous_6)
FN:39,(anonymous_7)
FN:54,(anonymous_8)
FN:81,(anonymous_9)
FN:88,(anonymous_10)
FN:97,(anonymous_11)
FNF:12
FNH:6
FNDA:1,(anonymous_0)
FNDA:1,(anonymous_1)
FNDA:2,(anonymous_2)
FNDA:0,(anonymous_3)
FNDA:0,(anonymous_4)
FNDA:0,(anonymous_5)
FNDA:0,(anonymous_6)
FNDA:2,(anonymous_7)
FNDA:2,(anonymous_8)
FNDA:2,(anonymous_9)
FNDA:0,(anonymous_10)
FNDA:0,(anonymous_11)
DA:1,3
DA:3,3
DA:4,3
DA:6,3
DA:7,3
DA:9,3
DA:10,2
DA:12,3
DA:13,0
DA:14,0
DA:17,0
DA:18,0
DA:20,0
DA:21,0
DA:22,0
DA:23,0
DA:26,0
DA:27,0
DA:28,0
DA:29,0
DA:30,0
DA:31,0
DA:32,0
DA:33,0
DA:36,0
DA:39,3
DA:40,2
DA:41,2
DA:42,2
DA:44,2
DA:45,2
DA:46,2
DA:47,2
DA:48,0
DA:51,2
DA:54,3
DA:55,2
DA:56,2
DA:60,2
DA:67,2
DA:68,2
DA:70,1
DA:71,1
DA:72,0
DA:75,1
DA:81,3
DA:82,2
DA:83,2
DA:86,0
DA:87,0
DA:88,0
DA:89,0
DA:90,0
DA:98,0
DA:99,0
DA:100,0
DA:101,0
DA:103,0
DA:111,0
DA:112,0
LF:60
LH:29
BRDA:10,0,0,2
BRDA:10,0,1,2
BRDA:13,1,0,0
BRDA:13,1,1,0
BRDA:17,2,0,0
BRDA:17,2,1,0
BRDA:18,3,0,0
BRDA:18,3,1,0
BRDA:21,4,0,0
BRDA:21,4,1,0
BRDA:31,5,0,0
BRDA:31,5,1,0
BRDA:42,6,0,0
BRDA:42,6,1,2
BRDA:47,7,0,0
BRDA:47,7,1,2
BRDA:47,8,0,2
BRDA:47,8,1,2
BRDA:58,9,0,0
BRDA:58,9,1,2
BRDA:68,10,0,1
BRDA:68,10,1,1
BRDA:71,11,0,0
BRDA:71,11,1,1
BRDA:71,12,0,1
BRDA:71,12,1,1
BRDA:82,13,0,2
BRDA:82,13,1,0
BRDA:82,14,0,2
BRDA:82,14,1,0
BRDA:82,14,2,0
BRDA:98,15,0,0
BRDA:98,15,1,0
BRDA:100,16,0,0
BRDA:100,16,1,0
BRDA:100,17,0,0
BRDA:100,17,1,0
BRDA:104,18,0,0
BRDA:104,18,1,0
BRDA:105,19,0,0
BRDA:105,19,1,0
BRF:41
BRH:14
end_of_record
TN:
SF:src\utils\logger.js
FN:5,(anonymous_0)
FN:16,(anonymous_1)
FN:27,(anonymous_2)
FN:39,(anonymous_3)
FN:46,(anonymous_4)
FN:53,(anonymous_5)
FN:60,(anonymous_6)
FNF:7
FNH:0
FNDA:0,(anonymous_0)
FNDA:0,(anonymous_1)
FNDA:0,(anonymous_2)
FNDA:0,(anonymous_3)
FNDA:0,(anonymous_4)
FNDA:0,(anonymous_5)
FNDA:0,(anonymous_6)
DA:2,0
DA:6,0
DA:13,0
DA:17,0
DA:18,0
DA:20,0
DA:21,0
DA:24,0
DA:28,0
DA:29,0
DA:30,0
DA:33,0
DA:34,0
DA:40,0
DA:41,0
DA:42,0
DA:47,0
DA:48,0
DA:49,0
DA:54,0
DA:55,0
DA:56,0
DA:63,0
DA:67,0
DA:72,0
LF:25
LH:0
BRDA:13,0,0,0
BRDA:13,0,1,0
BRDA:16,1,0,0
BRDA:20,2,0,0
BRDA:20,2,1,0
BRDA:27,3,0,0
BRDA:28,4,0,0
BRDA:28,4,1,0
BRDA:33,5,0,0
BRDA:33,5,1,0
BRDA:39,6,0,0
BRDA:40,7,0,0
BRDA:40,7,1,0
BRDA:46,8,0,0
BRDA:47,9,0,0
BRDA:47,9,1,0
BRDA:53,10,0,0
BRDA:54,11,0,0
BRDA:54,11,1,0
BRF:19
BRH:0
end_of_record
TN:
SF:src\utils\menu.js
FN:5,(anonymous_0)
FN:11,(anonymous_1)
FN:17,(anonymous_2)
FN:23,(anonymous_3)
FN:33,(anonymous_4)
FN:115,(anonymous_5)
FN:151,(anonymous_6)
FN:160,(anonymous_7)
FN:215,(anonymous_8)
FN:223,(anonymous_9)
FN:226,(anonymous_10)
FN:232,(anonymous_11)
FN:237,(anonymous_12)
FN:268,(anonymous_13)
FN:271,(anonymous_14)
FN:276,(anonymous_15)
FN:282,(anonymous_16)
FN:299,(anonymous_17)
FN:327,(anonymous_18)
FNF:19
FNH:6
FNDA:88,(anonymous_0)
FNDA:0,(anonymous_1)
FNDA:0,(anonymous_2)
FNDA:0,(anonymous_3)
FNDA:6,(anonymous_4)
FNDA:6,(anonymous_5)
FNDA:0,(anonymous_6)
FNDA:0,(anonymous_7)
FNDA:7,(anonymous_8)
FNDA:5,(anonymous_9)
FNDA:0,(anonymous_10)
FNDA:0,(anonymous_11)
FNDA:0,(anonymous_12)
FNDA:2,(anonymous_13)
FNDA:0,(anonymous_14)
FNDA:0,(anonymous_15)
FNDA:0,(anonymous_16)
FNDA:0,(anonymous_17)
FNDA:0,(anonymous_18)
DA:2,6
DA:3,6
DA:5,6
DA:6,88
DA:11,6
DA:12,0
DA:17,6
DA:18,0
DA:19,0
DA:20,0
DA:23,6
DA:24,0
DA:25,0
DA:33,6
DA:34,6
DA:35,6
DA:36,6
DA:37,6
DA:38,6
DA:39,6
DA:40,6
DA:41,6
DA:42,6
DA:43,6
DA:44,6
DA:47,6
DA:115,6
DA:116,6
DA:117,6
DA:119,6
DA:120,6
DA:122,6
DA:123,0
DA:126,6
DA:127,0
DA:128,0
DA:129,0
DA:131,0
DA:132,0
DA:134,0
DA:137,6
DA:138,6
DA:142,0
DA:151,6
DA:152,0
DA:153,0
DA:154,0
DA:155,0
DA:157,0
DA:158,0
DA:160,0
DA:161,0
DA:163,0
DA:164,0
DA:165,0
DA:171,0
DA:172,0
DA:173,0
DA:174,0
DA:179,0
DA:180,0
DA:181,0
DA:185,0
DA:186,0
DA:190,0
DA:195,0
DA:199,0
DA:200,0
DA:203,0
DA:204,0
DA:209,0
DA:212,0
DA:215,6
DA:216,7
DA:217,2
DA:218,2
DA:219,2
DA:220,2
DA:223,6
DA:224,5
DA:226,5
DA:227,0
DA:228,0
DA:231,5
DA:233,0
DA:234,0
DA:235,0
DA:238,0
DA:239,0
DA:241,0
DA:242,0
DA:244,0
DA:245,0
DA:246,0
DA:247,0
DA:250,0
DA:252,0
DA:268,6
DA:269,2
DA:271,2
DA:272,0
DA:273,0
DA:276,2
DA:277,0
DA:278,0
DA:281,2
DA:283,0
DA:284,0
DA:286,0
DA:287,0
DA:289,0
DA:290,0
DA:292,0
DA:301,0
DA:309,0
DA:327,0
LF:116
LH:45
BRDA:6,0,0,88
BRDA:6,0,1,4
BRDA:12,1,0,0
BRDA:12,1,1,0
BRDA:19,2,0,0
BRDA:19,2,1,0
BRDA:24,3,0,0
BRDA:24,3,1,0
BRDA:24,4,0,0
BRDA:24,4,1,0
BRDA:34,5,0,0
BRDA:34,5,1,6
BRDA:116,6,0,6
BRDA:116,6,1,0
BRDA:116,6,2,0
BRDA:117,7,0,6
BRDA:117,7,1,6
BRDA:117,7,2,6
BRDA:119,8,0,6
BRDA:119,8,1,0
BRDA:122,9,0,0
BRDA:122,9,1,6
BRDA:126,10,0,0
BRDA:126,10,1,6
BRDA:126,11,0,6
BRDA:126,11,1,6
BRDA:128,12,0,0
BRDA:128,12,1,0
BRDA:131,13,0,0
BRDA:131,13,1,0
BRDA:137,14,0,6
BRDA:137,14,1,0
BRDA:142,15,0,0
BRDA:142,15,1,0
BRDA:143,16,0,0
BRDA:143,16,1,0
BRDA:143,16,2,0
BRDA:143,16,3,0
BRDA:143,16,4,0
BRDA:152,17,0,0
BRDA:152,17,1,0
BRDA:153,18,0,0
BRDA:153,18,1,0
BRDA:153,18,2,0
BRDA:154,19,0,0
BRDA:154,19,1,0
BRDA:154,19,2,0
BRDA:155,20,0,0
BRDA:155,20,1,0
BRDA:163,21,0,0
BRDA:163,21,1,0
BRDA:163,22,0,0
BRDA:163,22,1,0
BRDA:165,23,0,0
BRDA:165,23,1,0
BRDA:166,24,0,0
BRDA:166,24,1,0
BRDA:166,24,2,0
BRDA:166,24,3,0
BRDA:172,25,0,0
BRDA:172,25,1,0
BRDA:172,26,0,0
BRDA:172,26,1,0
BRDA:174,27,0,0
BRDA:174,27,1,0
BRDA:175,28,0,0
BRDA:175,28,1,0
BRDA:175,28,2,0
BRDA:180,29,0,0
BRDA:180,29,1,0
BRDA:180,30,0,0
BRDA:180,30,1,0
BRDA:185,31,0,0
BRDA:185,31,1,0
BRDA:185,32,0,0
BRDA:185,32,1,0
BRDA:199,33,0,0
BRDA:199,33,1,0
BRDA:199,34,0,0
BRDA:199,34,1,0
BRDA:204,35,0,0
BRDA:204,35,1,0
BRDA:216,36,0,5
BRDA:216,36,1,2
BRDA:217,37,0,0
BRDA:217,37,1,2
BRDA:218,38,0,0
BRDA:218,38,1,2
BRDA:219,39,0,0
BRDA:219,39,1,2
BRDA:228,40,0,0
BRDA:228,40,1,0
BRDA:233,41,0,0
BRDA:233,41,1,0
BRDA:234,42,0,0
BRDA:234,42,1,0
BRDA:238,43,0,0
BRDA:238,43,1,0
BRDA:238,43,2,0
BRDA:241,44,0,0
BRDA:241,44,1,0
BRDA:242,45,0,0
BRDA:242,45,1,0
BRDA:244,46,0,0
BRDA:244,46,1,0
BRDA:245,47,0,0
BRDA:245,47,1,0
BRDA:254,48,0,0
BRDA:254,48,1,0
BRDA:254,48,2,0
BRDA:256,49,0,0
BRDA:256,49,1,0
BRDA:260,50,0,0
BRDA:260,50,1,0
BRDA:261,51,0,0
BRDA:261,51,1,0
BRDA:273,52,0,0
BRDA:273,52,1,0
BRDA:278,53,0,0
BRDA:278,53,1,0
BRDA:283,54,0,0
BRDA:283,54,1,0
BRDA:284,55,0,0
BRDA:284,55,1,0
BRDA:286,56,0,0
BRDA:286,56,1,0
BRDA:286,56,2,0
BRDA:287,57,0,0
BRDA:287,57,1,0
BRDA:287,57,2,0
BRDA:289,58,0,0
BRDA:289,58,1,0
BRDA:290,59,0,0
BRDA:290,59,1,0
BRDA:293,60,0,0
BRDA:293,60,1,0
BRDA:293,60,2,0
BRDA:293,60,3,0
BRDA:301,61,0,0
BRDA:301,61,1,0
BRDA:301,61,2,0
BRDA:301,61,3,0
BRDA:301,61,4,0
BRDA:301,61,5,0
BRDA:301,61,6,0
BRDA:310,62,0,0
BRDA:310,62,1,0
BRDA:311,63,0,0
BRDA:311,63,1,0
BRDA:311,63,2,0
BRDA:312,64,0,0
BRDA:312,64,1,0
BRDA:312,64,2,0
BRDA:313,65,0,0
BRDA:313,65,1,0
BRDA:313,65,2,0
BRDA:315,66,0,0
BRDA:315,66,1,0
BRDA:315,66,2,0
BRDA:315,66,3,0
BRDA:315,66,4,0
BRDA:320,67,0,0
BRDA:320,67,1,0
BRDA:320,67,2,0
BRDA:323,68,0,0
BRDA:323,68,1,0
BRDA:324,69,0,0
BRDA:324,69,1,0
BRDA:327,70,0,0
BRDA:327,70,1,0
BRF:170
BRH:18
end_of_record
TN:
SF:src\utils\performance.js
FN:3,(anonymous_0)
FN:5,executedFunction
FN:6,(anonymous_2)
FN:15,(anonymous_3)
FN:17,(anonymous_4)
FN:21,(anonymous_5)
FN:26,(anonymous_6)
FN:27,(anonymous_7)
FN:29,(anonymous_8)
FN:35,(anonymous_9)
FN:39,(anonymous_10)
FN:41,(anonymous_11)
FN:42,(anonymous_12)
FN:59,(anonymous_13)
FN:68,(anonymous_14)
FN:70,(anonymous_15)
FN:80,(anonymous_16)
FNF:17
FNH:0
FNDA:0,(anonymous_0)
FNDA:0,executedFunction
FNDA:0,(anonymous_2)
FNDA:0,(anonymous_3)
FNDA:0,(anonymous_4)
FNDA:0,(anonymous_5)
FNDA:0,(anonymous_6)
FNDA:0,(anonymous_7)
FNDA:0,(anonymous_8)
FNDA:0,(anonymous_9)
FNDA:0,(anonymous_10)
FNDA:0,(anonymous_11)
FNDA:0,(anonymous_12)
FNDA:0,(anonymous_13)
FNDA:0,(anonymous_14)
FNDA:0,(anonymous_15)
FNDA:0,(anonymous_16)
DA:3,0
DA:5,0
DA:6,0
DA:7,0
DA:8,0
DA:10,0
DA:11,0
DA:15,0
DA:17,0
DA:18,0
DA:19,0
DA:20,0
DA:21,0
DA:26,0
DA:27,0
DA:28,0
DA:29,0
DA:30,0
DA:31,0
DA:35,0
DA:36,0
DA:39,0
DA:40,0
DA:41,0
DA:42,0
DA:43,0
DA:44,0
DA:45,0
DA:46,0
DA:47,0
DA:52,0
DA:53,0
DA:55,0
DA:59,0
DA:60,0
DA:61,0
DA:62,0
DA:64,0
DA:65,0
DA:68,0
DA:69,0
DA:70,0
DA:71,0
DA:72,0
DA:73,0
DA:74,0
DA:75,0
DA:80,0
DA:81,0
DA:82,0
DA:84,0
LF:51
LH:0
BRDA:18,0,0,0
BRDA:18,0,1,0
BRDA:40,1,0,0
BRDA:40,1,1,0
BRDA:43,2,0,0
BRDA:43,2,1,0
BRDA:69,3,0,0
BRDA:69,3,1,0
BRDA:69,4,0,0
BRDA:69,4,1,0
BRDA:81,5,0,0
BRDA:81,5,1,0
BRF:12
BRH:0
end_of_record
TN:
SF:src\utils\security.js
FN:3,(anonymous_0)
FN:12,(anonymous_1)
FN:17,(anonymous_2)
FN:22,(anonymous_3)
FN:27,(anonymous_4)
FN:32,(anonymous_5)
FN:39,(anonymous_6)
FN:51,(anonymous_7)
FN:54,(anonymous_8)
FN:63,(anonymous_9)
FNF:10
FNH:0
FNDA:0,(anonymous_0)
FNDA:0,(anonymous_1)
FNDA:0,(anonymous_2)
FNDA:0,(anonymous_3)
FNDA:0,(anonymous_4)
FNDA:0,(anonymous_5)
FNDA:0,(anonymous_6)
FNDA:0,(anonymous_7)
FNDA:0,(anonymous_8)
FNDA:0,(anonymous_9)
DA:3,0
DA:4,0
DA:6,0
DA:12,0
DA:13,0
DA:14,0
DA:17,0
DA:18,0
DA:19,0
DA:22,0
DA:23,0
DA:24,0
DA:27,0
DA:28,0
DA:32,0
DA:33,0
DA:34,0
DA:36,0
DA:39,0
DA:40,0
DA:41,0
DA:43,0
DA:44,0
DA:45,0
DA:46,0
DA:48,0
DA:51,0
DA:52,0
DA:54,0
DA:55,0
DA:56,0
DA:58,0
DA:59,0
DA:62,0
DA:63,0
DA:65,0
DA:66,0
DA:69,0
DA:70,0
DA:72,0
LF:40
LH:0
BRDA:4,0,0,0
BRDA:4,0,1,0
BRDA:32,1,0,0
BRDA:46,2,0,0
BRDA:46,2,1,0
BRDA:58,3,0,0
BRDA:58,3,1,0
BRDA:65,4,0,0
BRDA:65,4,1,0
BRF:9
BRH:0
end_of_record
TN:
SF:src\utils\seo.js
FN:3,(anonymous_0)
FN:22,(anonymous_1)
FN:25,(anonymous_2)
FN:33,(anonymous_3)
FN:36,(anonymous_4)
FN:46,(anonymous_5)
FN:61,(anonymous_6)
FN:66,(anonymous_7)
FNF:8
FNH:0
FNDA:0,(anonymous_0)
FNDA:0,(anonymous_1)
FNDA:0,(anonymous_2)
FNDA:0,(anonymous_3)
FNDA:0,(anonymous_4)
FNDA:0,(anonymous_5)
FNDA:0,(anonymous_6)
FNDA:0,(anonymous_7)
DA:3,0
DA:22,0
DA:25,0
DA:33,0
DA:36,0
DA:46,0
DA:47,0
DA:58,0
DA:61,0
DA:62,0
DA:63,0
DA:66,0
DA:67,0
DA:68,0
LF:14
LH:0
BRDA:6,0,0,0
BRDA:6,0,1,0
BRDA:7,1,0,0
BRDA:7,1,1,0
BRDA:7,1,2,0
BRDA:7,2,0,0
BRDA:7,2,1,0
BRDA:10,3,0,0
BRDA:10,3,1,0
BRDA:10,3,2,0
BRDA:18,4,0,0
BRDA:18,4,1,0
BRDA:19,5,0,0
BRDA:19,5,1,0
BRDA:58,6,0,0
BRDA:58,6,1,0
BRDA:62,7,0,0
BRDA:62,7,1,0
BRF:18
BRH:0
end_of_record
